{"/Users/guillermo/project/misa/archi-code-core/packages/criteria/src/composite-filter.dto.ts": {"path":"/Users/guillermo/project/misa/archi-code-core/packages/criteria/src/composite-filter.dto.ts","statementMap":{"0":{"start":{"line":6,"column":20},"end":{"line":6,"column":52}},"1":{"start":{"line":7,"column":20},"end":{"line":7,"column":46}},"2":{"start":{"line":9,"column":4},"end":{"line":9,"column":20}},"3":{"start":{"line":13,"column":4},"end":{"line":15,"column":5}},"4":{"start":{"line":14,"column":6},"end":{"line":14,"column":83}},"5":{"start":{"line":16,"column":4},"end":{"line":18,"column":5}},"6":{"start":{"line":17,"column":6},"end":{"line":17,"column":81}},"7":{"start":{"line":19,"column":4},"end":{"line":21,"column":7}},"8":{"start":{"line":20,"column":7},"end":{"line":20,"column":50}},"9":{"start":{"line":4,"column":0},"end":{"line":4,"column":13}}},"fnMap":{"0":{"name":"(anonymous_0)","decl":{"start":{"line":5,"column":2},"end":{"line":5,"column":null}},"loc":{"start":{"line":7,"column":46},"end":{"line":10,"column":3}}},"1":{"name":"(anonymous_1)","decl":{"start":{"line":12,"column":2},"end":{"line":12,"column":10}},"loc":{"start":{"line":12,"column":10},"end":{"line":22,"column":3}}},"2":{"name":"(anonymous_2)","decl":{"start":{"line":19,"column":25},"end":{"line":19,"column":26}},"loc":{"start":{"line":19,"column":36},"end":{"line":21,"column":5}}}},"branchMap":{"0":{"loc":{"start":{"line":13,"column":4},"end":{"line":15,"column":5}},"type":"if","locations":[{"start":{"line":13,"column":4},"end":{"line":15,"column":5}}]},"1":{"loc":{"start":{"line":13,"column":8},"end":{"line":13,"column":71}},"type":"binary-expr","locations":[{"start":{"line":13,"column":8},"end":{"line":13,"column":38}},{"start":{"line":13,"column":42},"end":{"line":13,"column":71}}]},"2":{"loc":{"start":{"line":16,"column":4},"end":{"line":18,"column":5}},"type":"if","locations":[{"start":{"line":16,"column":4},"end":{"line":18,"column":5}}]},"3":{"loc":{"start":{"line":16,"column":8},"end":{"line":16,"column":65}},"type":"binary-expr","locations":[{"start":{"line":16,"column":8},"end":{"line":16,"column":36}},{"start":{"line":16,"column":40},"end":{"line":16,"column":65}}]}},"s":{"0":21,"1":21,"2":21,"3":25,"4":1,"5":24,"6":2,"7":22,"8":30,"9":3},"f":{"0":21,"1":25,"2":30},"b":{"0":[1],"1":[25,14],"2":[2],"3":[24,23]}}
,"/Users/guillermo/project/misa/archi-code-core/packages/criteria/src/filter-operator.ts": {"path":"/Users/guillermo/project/misa/archi-code-core/packages/criteria/src/filter-operator.ts","statementMap":{"0":{"start":{"line":1,"column":0},"end":{"line":1,"column":null}},"1":{"start":{"line":2,"column":2},"end":{"line":2,"column":null}},"2":{"start":{"line":3,"column":2},"end":{"line":3,"column":null}},"3":{"start":{"line":4,"column":2},"end":{"line":4,"column":null}},"4":{"start":{"line":5,"column":2},"end":{"line":5,"column":null}},"5":{"start":{"line":6,"column":2},"end":{"line":6,"column":null}},"6":{"start":{"line":7,"column":2},"end":{"line":7,"column":null}},"7":{"start":{"line":8,"column":2},"end":{"line":8,"column":null}},"8":{"start":{"line":9,"column":2},"end":{"line":9,"column":null}},"9":{"start":{"line":10,"column":2},"end":{"line":10,"column":null}},"10":{"start":{"line":11,"column":2},"end":{"line":11,"column":null}},"11":{"start":{"line":12,"column":2},"end":{"line":12,"column":null}},"12":{"start":{"line":13,"column":2},"end":{"line":13,"column":null}}},"fnMap":{"0":{"name":"(anonymous_0)","decl":{"start":{"line":1,"column":0},"end":{"line":1,"column":12}},"loc":{"start":{"line":1,"column":26},"end":{"line":14,"column":1}}}},"branchMap":{"0":{"loc":{"start":{"line":1,"column":12},"end":{"line":1,"column":null}},"type":"binary-expr","locations":[{"start":{"line":1,"column":12},"end":{"line":1,"column":26}},{"start":{"line":1,"column":26},"end":{"line":1,"column":null}}]}},"s":{"0":5,"1":5,"2":5,"3":5,"4":5,"5":5,"6":5,"7":5,"8":5,"9":5,"10":5,"11":5,"12":5},"f":{"0":5},"b":{"0":[5,5]}}
,"/Users/guillermo/project/misa/archi-code-core/packages/criteria/src/index.ts": {"path":"/Users/guillermo/project/misa/archi-code-core/packages/criteria/src/index.ts","statementMap":{"0":{"start":{"line":1,"column":0},"end":{"line":1,"column":49}},"1":{"start":{"line":2,"column":0},"end":{"line":2,"column":62}},"2":{"start":{"line":3,"column":0},"end":{"line":3,"column":39}},"3":{"start":{"line":4,"column":0},"end":{"line":4,"column":34}},"4":{"start":{"line":5,"column":0},"end":{"line":5,"column":35}},"5":{"start":{"line":6,"column":0},"end":{"line":6,"column":38}},"6":{"start":{"line":7,"column":0},"end":{"line":7,"column":36}},"7":{"start":{"line":8,"column":0},"end":{"line":8,"column":38}},"8":{"start":{"line":9,"column":0},"end":{"line":9,"column":35}},"9":{"start":{"line":10,"column":0},"end":{"line":10,"column":40}},"10":{"start":{"line":11,"column":0},"end":{"line":11,"column":39}},"11":{"start":{"line":12,"column":0},"end":{"line":12,"column":36}},"12":{"start":{"line":13,"column":0},"end":{"line":13,"column":42}}},"fnMap":{},"branchMap":{},"s":{"0":0,"1":0,"2":0,"3":0,"4":0,"5":0,"6":0,"7":0,"8":0,"9":0,"10":0,"11":0,"12":0},"f":{},"b":{}}
,"/Users/guillermo/project/misa/archi-code-core/packages/criteria/src/search-criteria.dto.ts": {"path":"/Users/guillermo/project/misa/archi-code-core/packages/criteria/src/search-criteria.dto.ts","statementMap":{"0":{"start":{"line":8,"column":20},"end":{"line":8,"column":45}},"1":{"start":{"line":9,"column":20},"end":{"line":9,"column":43}},"2":{"start":{"line":10,"column":20},"end":{"line":10,"column":50}},"3":{"start":{"line":11,"column":20},"end":{"line":11,"column":46}},"4":{"start":{"line":6,"column":0},"end":{"line":6,"column":13}}},"fnMap":{"0":{"name":"(anonymous_0)","decl":{"start":{"line":7,"column":2},"end":{"line":7,"column":null}},"loc":{"start":{"line":11,"column":46},"end":{"line":12,"column":6}}}},"branchMap":{},"s":{"0":36,"1":36,"2":36,"3":36,"4":3},"f":{"0":36},"b":{}}
,"/Users/guillermo/project/misa/archi-code-core/packages/criteria/src/search-group-by.dto.ts": {"path":"/Users/guillermo/project/misa/archi-code-core/packages/criteria/src/search-group-by.dto.ts","statementMap":{"0":{"start":{"line":5,"column":4},"end":{"line":16,"column":5}},"1":{"start":{"line":6,"column":6},"end":{"line":6,"column":85}},"2":{"start":{"line":7,"column":11},"end":{"line":16,"column":5}},"3":{"start":{"line":8,"column":6},"end":{"line":8,"column":30}},"4":{"start":{"line":9,"column":11},"end":{"line":16,"column":5}},"5":{"start":{"line":10,"column":6},"end":{"line":12,"column":7}},"6":{"start":{"line":10,"column":35},"end":{"line":10,"column":59}},"7":{"start":{"line":11,"column":8},"end":{"line":11,"column":80}},"8":{"start":{"line":13,"column":6},"end":{"line":13,"column":28}},"9":{"start":{"line":15,"column":6},"end":{"line":15,"column":91}},"10":{"start":{"line":1,"column":0},"end":{"line":1,"column":13}}},"fnMap":{"0":{"name":"(anonymous_0)","decl":{"start":{"line":4,"column":2},"end":{"line":4,"column":14}},"loc":{"start":{"line":4,"column":40},"end":{"line":17,"column":3}}},"1":{"name":"(anonymous_1)","decl":{"start":{"line":10,"column":25},"end":{"line":10,"column":26}},"loc":{"start":{"line":10,"column":35},"end":{"line":10,"column":59}}}},"branchMap":{"0":{"loc":{"start":{"line":5,"column":4},"end":{"line":16,"column":5}},"type":"if","locations":[{"start":{"line":5,"column":4},"end":{"line":16,"column":5}},{"start":{"line":7,"column":11},"end":{"line":16,"column":5}}]},"1":{"loc":{"start":{"line":7,"column":11},"end":{"line":16,"column":5}},"type":"if","locations":[{"start":{"line":7,"column":11},"end":{"line":16,"column":5}},{"start":{"line":9,"column":11},"end":{"line":16,"column":5}}]},"2":{"loc":{"start":{"line":9,"column":11},"end":{"line":16,"column":5}},"type":"if","locations":[{"start":{"line":9,"column":11},"end":{"line":16,"column":5}},{"start":{"line":14,"column":11},"end":{"line":16,"column":5}}]},"3":{"loc":{"start":{"line":10,"column":6},"end":{"line":12,"column":7}},"type":"if","locations":[{"start":{"line":10,"column":6},"end":{"line":12,"column":7}}]}},"s":{"0":21,"1":2,"2":19,"3":3,"4":16,"5":10,"6":16,"7":1,"8":9,"9":6,"10":4},"f":{"0":21,"1":16},"b":{"0":[2,19],"1":[3,16],"2":[10,6],"3":[1]}}
,"/Users/guillermo/project/misa/archi-code-core/packages/criteria/src/search-order.dto.ts": {"path":"/Users/guillermo/project/misa/archi-code-core/packages/criteria/src/search-order.dto.ts","statementMap":{"0":{"start":{"line":10,"column":4},"end":{"line":12,"column":5}},"1":{"start":{"line":11,"column":6},"end":{"line":11,"column":65}},"2":{"start":{"line":13,"column":4},"end":{"line":20,"column":7}},"3":{"start":{"line":14,"column":6},"end":{"line":16,"column":7}},"4":{"start":{"line":15,"column":8},"end":{"line":15,"column":92}},"5":{"start":{"line":17,"column":6},"end":{"line":19,"column":7}},"6":{"start":{"line":18,"column":8},"end":{"line":18,"column":90}},"7":{"start":{"line":21,"column":4},"end":{"line":21,"column":25}},"8":{"start":{"line":6,"column":0},"end":{"line":6,"column":13}}},"fnMap":{"0":{"name":"(anonymous_0)","decl":{"start":{"line":9,"column":2},"end":{"line":9,"column":14}},"loc":{"start":{"line":9,"column":42},"end":{"line":22,"column":3}}},"1":{"name":"(anonymous_1)","decl":{"start":{"line":13,"column":19},"end":{"line":13,"column":20}},"loc":{"start":{"line":13,"column":25},"end":{"line":20,"column":5}}}},"branchMap":{"0":{"loc":{"start":{"line":10,"column":4},"end":{"line":12,"column":5}},"type":"if","locations":[{"start":{"line":10,"column":4},"end":{"line":12,"column":5}}]},"1":{"loc":{"start":{"line":14,"column":6},"end":{"line":16,"column":7}},"type":"if","locations":[{"start":{"line":14,"column":6},"end":{"line":16,"column":7}}]},"2":{"loc":{"start":{"line":14,"column":10},"end":{"line":14,"column":49}},"type":"binary-expr","locations":[{"start":{"line":14,"column":10},"end":{"line":14,"column":18}},{"start":{"line":14,"column":22},"end":{"line":14,"column":49}}]},"3":{"loc":{"start":{"line":17,"column":6},"end":{"line":19,"column":7}},"type":"if","locations":[{"start":{"line":17,"column":6},"end":{"line":19,"column":7}}]},"4":{"loc":{"start":{"line":17,"column":10},"end":{"line":17,"column":57}},"type":"binary-expr","locations":[{"start":{"line":17,"column":10},"end":{"line":17,"column":31}},{"start":{"line":17,"column":35},"end":{"line":17,"column":57}}]}},"s":{"0":19,"1":2,"2":17,"3":26,"4":3,"5":23,"6":4,"7":10,"8":4},"f":{"0":19,"1":26},"b":{"0":[2],"1":[3],"2":[26,24],"3":[4],"4":[23,13]}}
,"/Users/guillermo/project/misa/archi-code-core/packages/criteria/src/search-paginator.dto.ts": {"path":"/Users/guillermo/project/misa/archi-code-core/packages/criteria/src/search-paginator.dto.ts","statementMap":{"0":{"start":{"line":7,"column":4},"end":{"line":7,"column":63}},"1":{"start":{"line":8,"column":4},"end":{"line":8,"column":75}},"2":{"start":{"line":9,"column":4},"end":{"line":9,"column":20}},"3":{"start":{"line":13,"column":4},"end":{"line":15,"column":5}},"4":{"start":{"line":14,"column":6},"end":{"line":14,"column":83}},"5":{"start":{"line":16,"column":4},"end":{"line":18,"column":5}},"6":{"start":{"line":17,"column":6},"end":{"line":17,"column":92}},"7":{"start":{"line":1,"column":0},"end":{"line":1,"column":13}}},"fnMap":{"0":{"name":"(anonymous_0)","decl":{"start":{"line":5,"column":2},"end":{"line":5,"column":14}},"loc":{"start":{"line":5,"column":43},"end":{"line":10,"column":3}}},"1":{"name":"(anonymous_1)","decl":{"start":{"line":12,"column":2},"end":{"line":12,"column":10}},"loc":{"start":{"line":12,"column":10},"end":{"line":19,"column":3}}}},"branchMap":{"0":{"loc":{"start":{"line":7,"column":16},"end":{"line":7,"column":62}},"type":"cond-expr","locations":[{"start":{"line":7,"column":43},"end":{"line":7,"column":55}},{"start":{"line":7,"column":58},"end":{"line":7,"column":62}}]},"1":{"loc":{"start":{"line":8,"column":19},"end":{"line":8,"column":74}},"type":"cond-expr","locations":[{"start":{"line":8,"column":49},"end":{"line":8,"column":64}},{"start":{"line":8,"column":67},"end":{"line":8,"column":74}}]},"2":{"loc":{"start":{"line":13,"column":4},"end":{"line":15,"column":5}},"type":"if","locations":[{"start":{"line":13,"column":4},"end":{"line":15,"column":5}}]},"3":{"loc":{"start":{"line":13,"column":8},"end":{"line":13,"column":71}},"type":"binary-expr","locations":[{"start":{"line":13,"column":8},"end":{"line":13,"column":36}},{"start":{"line":13,"column":40},"end":{"line":13,"column":71}}]},"4":{"loc":{"start":{"line":16,"column":4},"end":{"line":18,"column":5}},"type":"if","locations":[{"start":{"line":16,"column":4},"end":{"line":18,"column":5}}]},"5":{"loc":{"start":{"line":16,"column":8},"end":{"line":16,"column":41}},"type":"binary-expr","locations":[{"start":{"line":16,"column":8},"end":{"line":16,"column":21}},{"start":{"line":16,"column":25},"end":{"line":16,"column":41}}]}},"s":{"0":26,"1":26,"2":26,"3":26,"4":8,"5":18,"6":8,"7":4},"f":{"0":26,"1":26},"b":{"0":[3,23],"1":[1,25],"2":[8],"3":[26,21],"4":[8],"5":[18,14]}}
,"/Users/guillermo/project/misa/archi-code-core/packages/criteria/src/search-query-serializer.ts": {"path":"/Users/guillermo/project/misa/archi-code-core/packages/criteria/src/search-query-serializer.ts","statementMap":{"0":{"start":{"line":1,"column":0},"end":{"line":1,"column":58}},"1":{"start":{"line":2,"column":0},"end":{"line":2,"column":52}},"2":{"start":{"line":3,"column":0},"end":{"line":3,"column":60}},"3":{"start":{"line":5,"column":0},"end":{"line":5,"column":60}},"4":{"start":{"line":6,"column":0},"end":{"line":6,"column":54}},"5":{"start":{"line":7,"column":0},"end":{"line":7,"column":57}},"6":{"start":{"line":24,"column":21},"end":{"line":24,"column":23}},"7":{"start":{"line":25,"column":4},"end":{"line":25,"column":77}},"8":{"start":{"line":26,"column":4},"end":{"line":31,"column":13}},"9":{"start":{"line":27,"column":60},"end":{"line":30,"column":10}},"10":{"start":{"line":32,"column":4},"end":{"line":34,"column":13}},"11":{"start":{"line":35,"column":4},"end":{"line":35,"column":62}},"12":{"start":{"line":36,"column":4},"end":{"line":36,"column":31}},"13":{"start":{"line":41,"column":4},"end":{"line":45,"column":5}},"14":{"start":{"line":42,"column":6},"end":{"line":42,"column":35}},"15":{"start":{"line":44,"column":6},"end":{"line":44,"column":45}},"16":{"start":{"line":46,"column":20},"end":{"line":46,"column":81}},"17":{"start":{"line":47,"column":19},"end":{"line":47,"column":74}},"18":{"start":{"line":48,"column":22},"end":{"line":50,"column":17}},"19":{"start":{"line":51,"column":20},"end":{"line":51,"column":79}},"20":{"start":{"line":52,"column":4},"end":{"line":52,"column":70}},"21":{"start":{"line":56,"column":4},"end":{"line":69,"column":5}},"22":{"start":{"line":57,"column":6},"end":{"line":62,"column":8}},"23":{"start":{"line":63,"column":11},"end":{"line":69,"column":5}},"24":{"start":{"line":64,"column":6},"end":{"line":68,"column":8}},"25":{"start":{"line":67,"column":43},"end":{"line":67,"column":66}},"26":{"start":{"line":70,"column":4},"end":{"line":70,"column":43}},"27":{"start":{"line":74,"column":4},"end":{"line":81,"column":5}},"28":{"start":{"line":75,"column":6},"end":{"line":75,"column":69}},"29":{"start":{"line":76,"column":11},"end":{"line":81,"column":5}},"30":{"start":{"line":77,"column":25},"end":{"line":79,"column":12}},"31":{"start":{"line":78,"column":40},"end":{"line":78,"column":67}},"32":{"start":{"line":80,"column":6},"end":{"line":80,"column":69}},"33":{"start":{"line":82,"column":4},"end":{"line":82,"column":45}},"34":{"start":{"line":22,"column":0},"end":{"line":22,"column":13}}},"fnMap":{"0":{"name":"(anonymous_0)","decl":{"start":{"line":23,"column":9},"end":{"line":23,"column":15}},"loc":{"start":{"line":23,"column":50},"end":{"line":37,"column":3}}},"1":{"name":"(anonymous_1)","decl":{"start":{"line":27,"column":32},"end":{"line":27,"column":33}},"loc":{"start":{"line":27,"column":60},"end":{"line":30,"column":10}}},"2":{"name":"(anonymous_2)","decl":{"start":{"line":39,"column":9},"end":{"line":39,"column":15}},"loc":{"start":{"line":39,"column":46},"end":{"line":53,"column":3}}},"3":{"name":"(anonymous_3)","decl":{"start":{"line":55,"column":10},"end":{"line":55,"column":16}},"loc":{"start":{"line":55,"column":56},"end":{"line":71,"column":3}}},"4":{"name":"(anonymous_4)","decl":{"start":{"line":67,"column":36},"end":{"line":67,"column":37}},"loc":{"start":{"line":67,"column":43},"end":{"line":67,"column":66}}},"5":{"name":"(anonymous_5)","decl":{"start":{"line":73,"column":10},"end":{"line":73,"column":16}},"loc":{"start":{"line":73,"column":43},"end":{"line":83,"column":3}}},"6":{"name":"(anonymous_6)","decl":{"start":{"line":78,"column":26},"end":{"line":78,"column":27}},"loc":{"start":{"line":78,"column":40},"end":{"line":78,"column":67}}}},"branchMap":{"0":{"loc":{"start":{"line":25,"column":18},"end":{"line":25,"column":76}},"type":"cond-expr","locations":[{"start":{"line":25,"column":34},"end":{"line":25,"column":69}},{"start":{"line":25,"column":72},"end":{"line":25,"column":76}}]},"1":{"loc":{"start":{"line":26,"column":17},"end":{"line":31,"column":12}},"type":"cond-expr","locations":[{"start":{"line":27,"column":8},"end":{"line":30,"column":11}},{"start":{"line":31,"column":8},"end":{"line":31,"column":12}}]},"2":{"loc":{"start":{"line":32,"column":20},"end":{"line":34,"column":12}},"type":"cond-expr","locations":[{"start":{"line":33,"column":8},"end":{"line":33,"column":72}},{"start":{"line":34,"column":8},"end":{"line":34,"column":12}}]},"3":{"loc":{"start":{"line":35,"column":18},"end":{"line":35,"column":61}},"type":"cond-expr","locations":[{"start":{"line":35,"column":34},"end":{"line":35,"column":54}},{"start":{"line":35,"column":57},"end":{"line":35,"column":61}}]},"4":{"loc":{"start":{"line":46,"column":20},"end":{"line":46,"column":81}},"type":"cond-expr","locations":[{"start":{"line":46,"column":34},"end":{"line":46,"column":69}},{"start":{"line":46,"column":72},"end":{"line":46,"column":81}}]},"5":{"loc":{"start":{"line":47,"column":19},"end":{"line":47,"column":74}},"type":"cond-expr","locations":[{"start":{"line":47,"column":32},"end":{"line":47,"column":62}},{"start":{"line":47,"column":65},"end":{"line":47,"column":74}}]},"6":{"loc":{"start":{"line":48,"column":22},"end":{"line":50,"column":17}},"type":"cond-expr","locations":[{"start":{"line":49,"column":8},"end":{"line":49,"column":73}},{"start":{"line":50,"column":8},"end":{"line":50,"column":17}}]},"7":{"loc":{"start":{"line":51,"column":20},"end":{"line":51,"column":79}},"type":"cond-expr","locations":[{"start":{"line":51,"column":34},"end":{"line":51,"column":67}},{"start":{"line":51,"column":70},"end":{"line":51,"column":79}}]},"8":{"loc":{"start":{"line":56,"column":4},"end":{"line":69,"column":5}},"type":"if","locations":[{"start":{"line":56,"column":4},"end":{"line":69,"column":5}},{"start":{"line":63,"column":11},"end":{"line":69,"column":5}}]},"9":{"loc":{"start":{"line":63,"column":11},"end":{"line":69,"column":5}},"type":"if","locations":[{"start":{"line":63,"column":11},"end":{"line":69,"column":5}}]},"10":{"loc":{"start":{"line":74,"column":4},"end":{"line":81,"column":5}},"type":"if","locations":[{"start":{"line":74,"column":4},"end":{"line":81,"column":5}},{"start":{"line":76,"column":11},"end":{"line":81,"column":5}}]},"11":{"loc":{"start":{"line":76,"column":11},"end":{"line":81,"column":5}},"type":"if","locations":[{"start":{"line":76,"column":11},"end":{"line":81,"column":5}}]},"12":{"loc":{"start":{"line":77,"column":25},"end":{"line":79,"column":12}},"type":"cond-expr","locations":[{"start":{"line":78,"column":10},"end":{"line":78,"column":68}},{"start":{"line":79,"column":10},"end":{"line":79,"column":12}}]}},"s":{"0":1,"1":1,"2":1,"3":1,"4":1,"5":1,"6":9,"7":9,"8":9,"9":4,"10":9,"11":9,"12":9,"13":11,"14":11,"15":1,"16":10,"17":9,"18":9,"19":9,"20":9,"21":10,"22":6,"23":4,"24":4,"25":6,"26":0,"27":11,"28":6,"29":5,"30":4,"31":6,"32":4,"33":1,"34":1},"f":{"0":9,"1":4,"2":11,"3":10,"4":6,"5":11,"6":6},"b":{"0":[4,5],"1":[2,7],"2":[2,7],"3":[3,6],"4":[5,5],"5":[2,7],"6":[2,7],"7":[3,6],"8":[6,4],"9":[4],"10":[6,5],"11":[4],"12":[4,0]}}
,"/Users/guillermo/project/misa/archi-code-core/packages/criteria/src/simple-filter.dto.ts": {"path":"/Users/guillermo/project/misa/archi-code-core/packages/criteria/src/simple-filter.dto.ts","statementMap":{"0":{"start":{"line":1,"column":0},"end":{"line":1,"column":51}},"1":{"start":{"line":7,"column":20},"end":{"line":7,"column":33}},"2":{"start":{"line":8,"column":20},"end":{"line":8,"column":44}},"3":{"start":{"line":12,"column":29},"end":{"line":18,"column":6}},"4":{"start":{"line":19,"column":4},"end":{"line":37,"column":5}},"5":{"start":{"line":20,"column":6},"end":{"line":34,"column":7}},"6":{"start":{"line":21,"column":8},"end":{"line":27,"column":11}},"7":{"start":{"line":22,"column":22},"end":{"line":22,"column":31}},"8":{"start":{"line":23,"column":10},"end":{"line":25,"column":11}},"9":{"start":{"line":24,"column":12},"end":{"line":24,"column":78}},"10":{"start":{"line":26,"column":10},"end":{"line":26,"column":21}},"11":{"start":{"line":29,"column":20},"end":{"line":29,"column":33}},"12":{"start":{"line":30,"column":8},"end":{"line":32,"column":9}},"13":{"start":{"line":31,"column":10},"end":{"line":31,"column":80}},"14":{"start":{"line":33,"column":8},"end":{"line":33,"column":25}},"15":{"start":{"line":36,"column":6},"end":{"line":36,"column":25}},"16":{"start":{"line":38,"column":4},"end":{"line":38,"column":20}},"17":{"start":{"line":42,"column":4},"end":{"line":44,"column":5}},"18":{"start":{"line":43,"column":6},"end":{"line":43,"column":77}},"19":{"start":{"line":45,"column":4},"end":{"line":47,"column":5}},"20":{"start":{"line":46,"column":6},"end":{"line":46,"column":78}},"21":{"start":{"line":48,"column":4},"end":{"line":50,"column":5}},"22":{"start":{"line":49,"column":6},"end":{"line":49,"column":62}},"23":{"start":{"line":3,"column":0},"end":{"line":3,"column":13}}},"fnMap":{"0":{"name":"(anonymous_0)","decl":{"start":{"line":6,"column":2},"end":{"line":6,"column":null}},"loc":{"start":{"line":9,"column":48},"end":{"line":39,"column":3}}},"1":{"name":"(anonymous_1)","decl":{"start":{"line":21,"column":31},"end":{"line":21,"column":32}},"loc":{"start":{"line":21,"column":37},"end":{"line":27,"column":9}}},"2":{"name":"(anonymous_2)","decl":{"start":{"line":41,"column":2},"end":{"line":41,"column":10}},"loc":{"start":{"line":41,"column":10},"end":{"line":51,"column":3}}}},"branchMap":{"0":{"loc":{"start":{"line":19,"column":4},"end":{"line":37,"column":5}},"type":"if","locations":[{"start":{"line":19,"column":4},"end":{"line":37,"column":5}},{"start":{"line":35,"column":11},"end":{"line":37,"column":5}}]},"1":{"loc":{"start":{"line":20,"column":6},"end":{"line":34,"column":7}},"type":"if","locations":[{"start":{"line":20,"column":6},"end":{"line":34,"column":7}},{"start":{"line":28,"column":13},"end":{"line":34,"column":7}}]},"2":{"loc":{"start":{"line":23,"column":10},"end":{"line":25,"column":11}},"type":"if","locations":[{"start":{"line":23,"column":10},"end":{"line":25,"column":11}}]},"3":{"loc":{"start":{"line":30,"column":8},"end":{"line":32,"column":9}},"type":"if","locations":[{"start":{"line":30,"column":8},"end":{"line":32,"column":9}}]},"4":{"loc":{"start":{"line":42,"column":4},"end":{"line":44,"column":5}},"type":"if","locations":[{"start":{"line":42,"column":4},"end":{"line":44,"column":5}}]},"5":{"loc":{"start":{"line":42,"column":8},"end":{"line":42,"column":53}},"type":"binary-expr","locations":[{"start":{"line":42,"column":8},"end":{"line":42,"column":19}},{"start":{"line":42,"column":23},"end":{"line":42,"column":53}}]},"6":{"loc":{"start":{"line":45,"column":4},"end":{"line":47,"column":5}},"type":"if","locations":[{"start":{"line":45,"column":4},"end":{"line":47,"column":5}}]},"7":{"loc":{"start":{"line":48,"column":4},"end":{"line":50,"column":5}},"type":"if","locations":[{"start":{"line":48,"column":4},"end":{"line":50,"column":5}}]}},"s":{"0":5,"1":44,"2":44,"3":44,"4":44,"5":22,"6":2,"7":4,"8":4,"9":0,"10":4,"11":20,"12":20,"13":2,"14":18,"15":22,"16":42,"17":67,"18":2,"19":65,"20":1,"21":64,"22":1,"23":5},"f":{"0":44,"1":4,"2":67},"b":{"0":[22,22],"1":[2,20],"2":[0],"3":[2],"4":[2],"5":[67,65],"6":[1],"7":[1]}}
,"/Users/guillermo/project/misa/archi-code-core/packages/criteria/src/converter/mongo-db/mongo-criteria-converter.ts": {"path":"/Users/guillermo/project/misa/archi-code-core/packages/criteria/src/converter/mongo-db/mongo-criteria-converter.ts","statementMap":{"0":{"start":{"line":1,"column":0},"end":{"line":1,"column":55}},"1":{"start":{"line":4,"column":0},"end":{"line":4,"column":58}},"2":{"start":{"line":5,"column":0},"end":{"line":5,"column":64}},"3":{"start":{"line":12,"column":10},"end":{"line":22,"column":4}},"4":{"start":{"line":25,"column":19},"end":{"line":25,"column":80}},"5":{"start":{"line":26,"column":17},"end":{"line":26,"column":74}},"6":{"start":{"line":27,"column":28},"end":{"line":27,"column":71}},"7":{"start":{"line":30,"column":4},"end":{"line":30,"column":41}},"8":{"start":{"line":34,"column":4},"end":{"line":45,"column":5}},"9":{"start":{"line":35,"column":6},"end":{"line":35,"column":50}},"10":{"start":{"line":36,"column":11},"end":{"line":45,"column":5}},"11":{"start":{"line":38,"column":28},"end":{"line":38,"column":80}},"12":{"start":{"line":38,"column":57},"end":{"line":38,"column":79}},"13":{"start":{"line":40,"column":6},"end":{"line":44,"column":7}},"14":{"start":{"line":41,"column":8},"end":{"line":41,"column":38}},"15":{"start":{"line":43,"column":8},"end":{"line":43,"column":39}},"16":{"start":{"line":46,"column":4},"end":{"line":46,"column":47}},"17":{"start":{"line":50,"column":18},"end":{"line":50,"column":30}},"18":{"start":{"line":51,"column":18},"end":{"line":51,"column":30}},"19":{"start":{"line":54,"column":4},"end":{"line":56,"column":5}},"20":{"start":{"line":55,"column":6},"end":{"line":55,"column":58}},"21":{"start":{"line":58,"column":48},"end":{"line":58,"column":81}},"22":{"start":{"line":61,"column":4},"end":{"line":63,"column":5}},"23":{"start":{"line":62,"column":6},"end":{"line":62,"column":74}},"24":{"start":{"line":64,"column":4},"end":{"line":66,"column":5}},"25":{"start":{"line":65,"column":6},"end":{"line":65,"column":75}},"26":{"start":{"line":67,"column":4},"end":{"line":72,"column":5}},"27":{"start":{"line":68,"column":6},"end":{"line":70,"column":7}},"28":{"start":{"line":69,"column":8},"end":{"line":69,"column":95}},"29":{"start":{"line":71,"column":6},"end":{"line":71,"column":61}},"30":{"start":{"line":73,"column":4},"end":{"line":79,"column":5}},"31":{"start":{"line":74,"column":27},"end":{"line":74,"column":78}},"32":{"start":{"line":75,"column":26},"end":{"line":77,"column":27}},"33":{"start":{"line":78,"column":6},"end":{"line":78,"column":64}},"34":{"start":{"line":80,"column":4},"end":{"line":82,"column":5}},"35":{"start":{"line":81,"column":6},"end":{"line":81,"column":42}},"36":{"start":{"line":83,"column":4},"end":{"line":83,"column":89}},"37":{"start":{"line":87,"column":28},"end":{"line":87,"column":30}},"38":{"start":{"line":88,"column":4},"end":{"line":92,"column":7}},"39":{"start":{"line":90,"column":20},"end":{"line":90,"column":70}},"40":{"start":{"line":91,"column":6},"end":{"line":91,"column":59}},"41":{"start":{"line":93,"column":4},"end":{"line":93,"column":16}},"42":{"start":{"line":97,"column":4},"end":{"line":99,"column":5}},"43":{"start":{"line":98,"column":6},"end":{"line":98,"column":35}},"44":{"start":{"line":100,"column":17},"end":{"line":100,"column":57}},"45":{"start":{"line":101,"column":18},"end":{"line":101,"column":35}},"46":{"start":{"line":102,"column":4},"end":{"line":102,"column":27}},"47":{"start":{"line":10,"column":0},"end":{"line":10,"column":13}}},"fnMap":{"0":{"name":"(anonymous_0)","decl":{"start":{"line":10,"column":0},"end":{"line":10,"column":13}},"loc":{"start":{"line":10,"column":0},"end":{"line":104,"column":1}}},"1":{"name":"(anonymous_1)","decl":{"start":{"line":24,"column":9},"end":{"line":24,"column":16}},"loc":{"start":{"line":24,"column":44},"end":{"line":31,"column":3}}},"2":{"name":"(anonymous_2)","decl":{"start":{"line":33,"column":10},"end":{"line":33,"column":24}},"loc":{"start":{"line":33,"column":51},"end":{"line":47,"column":3}}},"3":{"name":"(anonymous_3)","decl":{"start":{"line":38,"column":50},"end":{"line":38,"column":51}},"loc":{"start":{"line":38,"column":57},"end":{"line":38,"column":79}}},"4":{"name":"(anonymous_4)","decl":{"start":{"line":49,"column":10},"end":{"line":49,"column":30}},"loc":{"start":{"line":49,"column":54},"end":{"line":84,"column":3}}},"5":{"name":"(anonymous_5)","decl":{"start":{"line":86,"column":10},"end":{"line":86,"column":22}},"loc":{"start":{"line":86,"column":45},"end":{"line":94,"column":3}}},"6":{"name":"(anonymous_6)","decl":{"start":{"line":88,"column":26},"end":{"line":88,"column":27}},"loc":{"start":{"line":88,"column":40},"end":{"line":92,"column":5}}},"7":{"name":"(anonymous_7)","decl":{"start":{"line":96,"column":10},"end":{"line":96,"column":28}},"loc":{"start":{"line":96,"column":59},"end":{"line":103,"column":3}}}},"branchMap":{"0":{"loc":{"start":{"line":25,"column":19},"end":{"line":25,"column":80}},"type":"cond-expr","locations":[{"start":{"line":25,"column":38},"end":{"line":25,"column":75}},{"start":{"line":25,"column":78},"end":{"line":25,"column":80}}]},"1":{"loc":{"start":{"line":26,"column":17},"end":{"line":26,"column":74}},"type":"cond-expr","locations":[{"start":{"line":26,"column":35},"end":{"line":26,"column":69}},{"start":{"line":26,"column":72},"end":{"line":26,"column":74}}]},"2":{"loc":{"start":{"line":34,"column":4},"end":{"line":45,"column":5}},"type":"if","locations":[{"start":{"line":34,"column":4},"end":{"line":45,"column":5}},{"start":{"line":36,"column":11},"end":{"line":45,"column":5}}]},"3":{"loc":{"start":{"line":36,"column":11},"end":{"line":45,"column":5}},"type":"if","locations":[{"start":{"line":36,"column":11},"end":{"line":45,"column":5}}]},"4":{"loc":{"start":{"line":40,"column":6},"end":{"line":44,"column":7}},"type":"if","locations":[{"start":{"line":40,"column":6},"end":{"line":44,"column":7}},{"start":{"line":42,"column":13},"end":{"line":44,"column":7}}]},"5":{"loc":{"start":{"line":54,"column":4},"end":{"line":56,"column":5}},"type":"if","locations":[{"start":{"line":54,"column":4},"end":{"line":56,"column":5}}]},"6":{"loc":{"start":{"line":61,"column":4},"end":{"line":63,"column":5}},"type":"if","locations":[{"start":{"line":61,"column":4},"end":{"line":63,"column":5}}]},"7":{"loc":{"start":{"line":62,"column":31},"end":{"line":62,"column":69}},"type":"cond-expr","locations":[{"start":{"line":62,"column":54},"end":{"line":62,"column":59}},{"start":{"line":62,"column":62},"end":{"line":62,"column":69}}]},"8":{"loc":{"start":{"line":64,"column":4},"end":{"line":66,"column":5}},"type":"if","locations":[{"start":{"line":64,"column":4},"end":{"line":66,"column":5}}]},"9":{"loc":{"start":{"line":65,"column":32},"end":{"line":65,"column":70}},"type":"cond-expr","locations":[{"start":{"line":65,"column":55},"end":{"line":65,"column":60}},{"start":{"line":65,"column":63},"end":{"line":65,"column":70}}]},"10":{"loc":{"start":{"line":67,"column":4},"end":{"line":72,"column":5}},"type":"if","locations":[{"start":{"line":67,"column":4},"end":{"line":72,"column":5}}]},"11":{"loc":{"start":{"line":68,"column":6},"end":{"line":70,"column":7}},"type":"if","locations":[{"start":{"line":68,"column":6},"end":{"line":70,"column":7}}]},"12":{"loc":{"start":{"line":68,"column":10},"end":{"line":68,"column":53}},"type":"binary-expr","locations":[{"start":{"line":68,"column":10},"end":{"line":68,"column":31}},{"start":{"line":68,"column":35},"end":{"line":68,"column":53}}]},"13":{"loc":{"start":{"line":73,"column":4},"end":{"line":79,"column":5}},"type":"if","locations":[{"start":{"line":73,"column":4},"end":{"line":79,"column":5}}]},"14":{"loc":{"start":{"line":73,"column":8},"end":{"line":73,"column":91}},"type":"binary-expr","locations":[{"start":{"line":73,"column":8},"end":{"line":73,"column":47}},{"start":{"line":73,"column":51},"end":{"line":73,"column":91}}]},"15":{"loc":{"start":{"line":74,"column":27},"end":{"line":74,"column":78}},"type":"cond-expr","locations":[{"start":{"line":74,"column":70},"end":{"line":74,"column":73}},{"start":{"line":74,"column":76},"end":{"line":74,"column":78}}]},"16":{"loc":{"start":{"line":75,"column":26},"end":{"line":77,"column":27}},"type":"cond-expr","locations":[{"start":{"line":76,"column":10},"end":{"line":76,"column":51}},{"start":{"line":77,"column":10},"end":{"line":77,"column":27}}]},"17":{"loc":{"start":{"line":80,"column":4},"end":{"line":82,"column":5}},"type":"if","locations":[{"start":{"line":80,"column":4},"end":{"line":82,"column":5}}]},"18":{"loc":{"start":{"line":90,"column":20},"end":{"line":90,"column":70}},"type":"cond-expr","locations":[{"start":{"line":90,"column":47},"end":{"line":90,"column":52}},{"start":{"line":90,"column":55},"end":{"line":90,"column":70}}]},"19":{"loc":{"start":{"line":91,"column":20},"end":{"line":91,"column":58}},"type":"cond-expr","locations":[{"start":{"line":91,"column":52},"end":{"line":91,"column":53}},{"start":{"line":91,"column":56},"end":{"line":91,"column":58}}]},"20":{"loc":{"start":{"line":97,"column":4},"end":{"line":99,"column":5}},"type":"if","locations":[{"start":{"line":97,"column":4},"end":{"line":99,"column":5}}]}},"s":{"0":1,"1":1,"2":1,"3":12,"4":12,"5":12,"6":12,"7":12,"8":17,"9":12,"10":5,"11":5,"12":8,"13":5,"14":3,"15":2,"16":0,"17":12,"18":12,"19":12,"20":5,"21":7,"22":7,"23":0,"24":7,"25":0,"26":7,"27":1,"28":0,"29":1,"30":6,"31":2,"32":2,"33":2,"34":4,"35":4,"36":0,"37":2,"38":2,"39":4,"40":4,"41":2,"42":12,"43":10,"44":2,"45":2,"46":2,"47":1},"f":{"0":12,"1":12,"2":17,"3":8,"4":12,"5":2,"6":4,"7":12},"b":{"0":[9,3],"1":[2,10],"2":[12,5],"3":[5],"4":[3,2],"5":[5],"6":[0],"7":[0,0],"8":[0],"9":[0,0],"10":[1],"11":[0],"12":[1,1],"13":[2],"14":[6,5],"15":[1,1],"16":[1,1],"17":[4],"18":[0,4],"19":[2,2],"20":[10]}}
}
