TN:
SF:src/composite-filter.dto.ts
FN:5,(anonymous_0)
FN:12,(anonymous_1)
FN:19,(anonymous_2)
FNF:3
FNH:3
FNDA:21,(anonymous_0)
FNDA:25,(anonymous_1)
FNDA:30,(anonymous_2)
DA:4,3
DA:6,21
DA:7,21
DA:9,21
DA:13,25
DA:14,1
DA:16,24
DA:17,2
DA:19,22
DA:20,30
LF:10
LH:10
BRDA:13,0,0,1
BRDA:13,1,0,25
BRDA:13,1,1,14
BRDA:16,2,0,2
BRDA:16,3,0,24
BRDA:16,3,1,23
BRF:6
BRH:6
end_of_record
TN:
SF:src/filter-operator.ts
FN:1,(anonymous_0)
FNF:1
FNH:1
FNDA:5,(anonymous_0)
DA:1,5
DA:2,5
DA:3,5
DA:4,5
DA:5,5
DA:6,5
DA:7,5
DA:8,5
DA:9,5
DA:10,5
DA:11,5
DA:12,5
DA:13,5
LF:13
LH:13
BRDA:1,0,0,5
BRDA:1,0,1,5
BRF:2
BRH:2
end_of_record
TN:
SF:src/index.ts
FNF:0
FNH:0
DA:1,0
DA:2,0
DA:3,0
DA:4,0
DA:5,0
DA:6,0
DA:7,0
DA:8,0
DA:9,0
DA:10,0
DA:11,0
DA:12,0
DA:13,0
LF:13
LH:0
BRF:0
BRH:0
end_of_record
TN:
SF:src/search-criteria.dto.ts
FN:7,(anonymous_0)
FNF:1
FNH:1
FNDA:36,(anonymous_0)
DA:6,3
DA:8,36
DA:9,36
DA:10,36
DA:11,36
LF:5
LH:5
BRF:0
BRH:0
end_of_record
TN:
SF:src/search-group-by.dto.ts
FN:4,(anonymous_0)
FN:10,(anonymous_1)
FNF:2
FNH:2
FNDA:21,(anonymous_0)
FNDA:16,(anonymous_1)
DA:1,4
DA:5,21
DA:6,2
DA:7,19
DA:8,3
DA:9,16
DA:10,16
DA:11,1
DA:13,9
DA:15,6
LF:10
LH:10
BRDA:5,0,0,2
BRDA:5,0,1,19
BRDA:7,1,0,3
BRDA:7,1,1,16
BRDA:9,2,0,10
BRDA:9,2,1,6
BRDA:10,3,0,1
BRF:7
BRH:7
end_of_record
TN:
SF:src/search-order.dto.ts
FN:9,(anonymous_0)
FN:13,(anonymous_1)
FNF:2
FNH:2
FNDA:19,(anonymous_0)
FNDA:26,(anonymous_1)
DA:6,4
DA:10,19
DA:11,2
DA:13,17
DA:14,26
DA:15,3
DA:17,23
DA:18,4
DA:21,10
LF:9
LH:9
BRDA:10,0,0,2
BRDA:14,1,0,3
BRDA:14,2,0,26
BRDA:14,2,1,24
BRDA:17,3,0,4
BRDA:17,4,0,23
BRDA:17,4,1,13
BRF:7
BRH:7
end_of_record
TN:
SF:src/search-paginator.dto.ts
FN:5,(anonymous_0)
FN:12,(anonymous_1)
FNF:2
FNH:2
FNDA:26,(anonymous_0)
FNDA:26,(anonymous_1)
DA:1,4
DA:7,26
DA:8,26
DA:9,26
DA:13,26
DA:14,8
DA:16,18
DA:17,8
LF:8
LH:8
BRDA:7,0,0,3
BRDA:7,0,1,23
BRDA:8,1,0,1
BRDA:8,1,1,25
BRDA:13,2,0,8
BRDA:13,3,0,26
BRDA:13,3,1,21
BRDA:16,4,0,8
BRDA:16,5,0,18
BRDA:16,5,1,14
BRF:10
BRH:10
end_of_record
TN:
SF:src/search-query-serializer.ts
FN:23,(anonymous_0)
FN:27,(anonymous_1)
FN:39,(anonymous_2)
FN:55,(anonymous_3)
FN:67,(anonymous_4)
FN:73,(anonymous_5)
FN:78,(anonymous_6)
FNF:7
FNH:7
FNDA:9,(anonymous_0)
FNDA:4,(anonymous_1)
FNDA:11,(anonymous_2)
FNDA:10,(anonymous_3)
FNDA:6,(anonymous_4)
FNDA:11,(anonymous_5)
FNDA:6,(anonymous_6)
DA:1,1
DA:2,1
DA:3,1
DA:5,1
DA:6,1
DA:7,1
DA:22,1
DA:24,9
DA:25,9
DA:26,9
DA:27,4
DA:32,9
DA:35,9
DA:36,9
DA:41,11
DA:42,11
DA:44,1
DA:46,10
DA:47,9
DA:48,9
DA:51,9
DA:52,9
DA:56,10
DA:57,6
DA:63,4
DA:64,4
DA:67,6
DA:70,0
DA:74,11
DA:75,6
DA:76,5
DA:77,4
DA:78,6
DA:80,4
DA:82,1
LF:35
LH:34
BRDA:25,0,0,4
BRDA:25,0,1,5
BRDA:26,1,0,2
BRDA:26,1,1,7
BRDA:32,2,0,2
BRDA:32,2,1,7
BRDA:35,3,0,3
BRDA:35,3,1,6
BRDA:46,4,0,5
BRDA:46,4,1,5
BRDA:47,5,0,2
BRDA:47,5,1,7
BRDA:48,6,0,2
BRDA:48,6,1,7
BRDA:51,7,0,3
BRDA:51,7,1,6
BRDA:56,8,0,6
BRDA:56,8,1,4
BRDA:63,9,0,4
BRDA:74,10,0,6
BRDA:74,10,1,5
BRDA:76,11,0,4
BRDA:77,12,0,4
BRDA:77,12,1,0
BRF:24
BRH:23
end_of_record
TN:
SF:src/simple-filter.dto.ts
FN:6,(anonymous_0)
FN:21,(anonymous_1)
FN:41,(anonymous_2)
FNF:3
FNH:3
FNDA:44,(anonymous_0)
FNDA:4,(anonymous_1)
FNDA:67,(anonymous_2)
DA:1,5
DA:3,5
DA:7,44
DA:8,44
DA:12,44
DA:19,44
DA:20,22
DA:21,2
DA:22,4
DA:23,4
DA:24,0
DA:26,4
DA:29,20
DA:30,20
DA:31,2
DA:33,18
DA:36,22
DA:38,42
DA:42,67
DA:43,2
DA:45,65
DA:46,1
DA:48,64
DA:49,1
LF:24
LH:23
BRDA:19,0,0,22
BRDA:19,0,1,22
BRDA:20,1,0,2
BRDA:20,1,1,20
BRDA:23,2,0,0
BRDA:30,3,0,2
BRDA:42,4,0,2
BRDA:42,5,0,67
BRDA:42,5,1,65
BRDA:45,6,0,1
BRDA:48,7,0,1
BRF:11
BRH:10
end_of_record
TN:
SF:src/converter/mongo-db/mongo-criteria-converter.ts
FN:10,(anonymous_0)
FN:24,(anonymous_1)
FN:33,(anonymous_2)
FN:38,(anonymous_3)
FN:49,(anonymous_4)
FN:86,(anonymous_5)
FN:88,(anonymous_6)
FN:96,(anonymous_7)
FNF:8
FNH:8
FNDA:12,(anonymous_0)
FNDA:12,(anonymous_1)
FNDA:17,(anonymous_2)
FNDA:8,(anonymous_3)
FNDA:12,(anonymous_4)
FNDA:2,(anonymous_5)
FNDA:4,(anonymous_6)
FNDA:12,(anonymous_7)
DA:1,1
DA:4,1
DA:5,1
DA:10,1
DA:12,12
DA:25,12
DA:26,12
DA:27,12
DA:30,12
DA:34,17
DA:35,12
DA:36,5
DA:38,8
DA:40,5
DA:41,3
DA:43,2
DA:46,0
DA:50,12
DA:51,12
DA:54,12
DA:55,5
DA:58,7
DA:61,7
DA:62,0
DA:64,7
DA:65,0
DA:67,7
DA:68,1
DA:69,0
DA:71,1
DA:73,6
DA:74,2
DA:75,2
DA:78,2
DA:80,4
DA:81,4
DA:83,0
DA:87,2
DA:88,2
DA:90,4
DA:91,4
DA:93,2
DA:97,12
DA:98,10
DA:100,2
DA:101,2
DA:102,2
LF:47
LH:42
BRDA:25,0,0,9
BRDA:25,0,1,3
BRDA:26,1,0,2
BRDA:26,1,1,10
BRDA:34,2,0,12
BRDA:34,2,1,5
BRDA:36,3,0,5
BRDA:40,4,0,3
BRDA:40,4,1,2
BRDA:54,5,0,5
BRDA:61,6,0,0
BRDA:62,7,0,0
BRDA:62,7,1,0
BRDA:64,8,0,0
BRDA:65,9,0,0
BRDA:65,9,1,0
BRDA:67,10,0,1
BRDA:68,11,0,0
BRDA:68,12,0,1
BRDA:68,12,1,1
BRDA:73,13,0,2
BRDA:73,14,0,6
BRDA:73,14,1,5
BRDA:74,15,0,1
BRDA:74,15,1,1
BRDA:75,16,0,1
BRDA:75,16,1,1
BRDA:80,17,0,4
BRDA:90,18,0,0
BRDA:90,18,1,4
BRDA:91,19,0,2
BRDA:91,19,1,2
BRDA:97,20,0,10
BRF:33
BRH:25
end_of_record
