{"/Users/guillermo/project/misa/archi-code-core/packages/common/src/index.ts": {"path":"/Users/guillermo/project/misa/archi-code-core/packages/common/src/index.ts","statementMap":{"0":{"start":{"line":1,"column":0},"end":{"line":1,"column":45}}},"fnMap":{},"branchMap":{},"s":{"0":0},"f":{},"b":{}}
,"/Users/guillermo/project/misa/archi-code-core/packages/common/src/string/universal-to-string.ts": {"path":"/Users/guillermo/project/misa/archi-code-core/packages/common/src/string/universal-to-string.ts","statementMap":{"0":{"start":{"line":1,"column":0},"end":{"line":1,"column":16}},"1":{"start":{"line":2,"column":2},"end":{"line":35,"column":3}},"2":{"start":{"line":3,"column":4},"end":{"line":3,"column":18}},"3":{"start":{"line":4,"column":9},"end":{"line":35,"column":3}},"4":{"start":{"line":5,"column":4},"end":{"line":5,"column":23}},"5":{"start":{"line":6,"column":9},"end":{"line":35,"column":3}},"6":{"start":{"line":7,"column":4},"end":{"line":7,"column":17}},"7":{"start":{"line":8,"column":9},"end":{"line":35,"column":3}},"8":{"start":{"line":9,"column":4},"end":{"line":9,"column":42}},"9":{"start":{"line":10,"column":9},"end":{"line":35,"column":3}},"10":{"start":{"line":11,"column":20},"end":{"line":13,"column":null}},"11":{"start":{"line":13,"column":22},"end":{"line":13,"column":76}},"12":{"start":{"line":15,"column":4},"end":{"line":15,"column":42}},"13":{"start":{"line":16,"column":9},"end":{"line":35,"column":3}},"14":{"start":{"line":17,"column":20},"end":{"line":17,"column":56}},"15":{"start":{"line":18,"column":4},"end":{"line":18,"column":40}},"16":{"start":{"line":19,"column":9},"end":{"line":35,"column":3}},"17":{"start":{"line":20,"column":4},"end":{"line":20,"column":41}},"18":{"start":{"line":21,"column":9},"end":{"line":35,"column":3}},"19":{"start":{"line":22,"column":4},"end":{"line":22,"column":49}},"20":{"start":{"line":23,"column":9},"end":{"line":35,"column":3}},"21":{"start":{"line":24,"column":4},"end":{"line":24,"column":21}},"22":{"start":{"line":25,"column":9},"end":{"line":35,"column":3}},"23":{"start":{"line":26,"column":4},"end":{"line":30,"column":5}},"24":{"start":{"line":27,"column":6},"end":{"line":27,"column":55}},"25":{"start":{"line":29,"column":6},"end":{"line":29,"column":54}},"26":{"start":{"line":31,"column":9},"end":{"line":35,"column":3}},"27":{"start":{"line":32,"column":4},"end":{"line":32,"column":52}},"28":{"start":{"line":33,"column":9},"end":{"line":35,"column":3}},"29":{"start":{"line":34,"column":4},"end":{"line":34,"column":28}},"30":{"start":{"line":37,"column":2},"end":{"line":37,"column":23}}},"fnMap":{"0":{"name":"universalToString","decl":{"start":{"line":1,"column":16},"end":{"line":1,"column":33}},"loc":{"start":{"line":1,"column":44},"end":{"line":38,"column":1}}},"1":{"name":"(anonymous_1)","decl":{"start":{"line":13,"column":6},"end":{"line":13,"column":7}},"loc":{"start":{"line":13,"column":22},"end":{"line":13,"column":76}}}},"branchMap":{"0":{"loc":{"start":{"line":2,"column":2},"end":{"line":35,"column":3}},"type":"if","locations":[{"start":{"line":2,"column":2},"end":{"line":35,"column":3}},{"start":{"line":4,"column":9},"end":{"line":35,"column":3}}]},"1":{"loc":{"start":{"line":4,"column":9},"end":{"line":35,"column":3}},"type":"if","locations":[{"start":{"line":4,"column":9},"end":{"line":35,"column":3}},{"start":{"line":6,"column":9},"end":{"line":35,"column":3}}]},"2":{"loc":{"start":{"line":6,"column":9},"end":{"line":35,"column":3}},"type":"if","locations":[{"start":{"line":6,"column":9},"end":{"line":35,"column":3}},{"start":{"line":8,"column":9},"end":{"line":35,"column":3}}]},"3":{"loc":{"start":{"line":6,"column":13},"end":{"line":6,"column":54}},"type":"binary-expr","locations":[{"start":{"line":6,"column":13},"end":{"line":6,"column":38}},{"start":{"line":6,"column":42},"end":{"line":6,"column":54}}]},"4":{"loc":{"start":{"line":8,"column":9},"end":{"line":35,"column":3}},"type":"if","locations":[{"start":{"line":8,"column":9},"end":{"line":35,"column":3}},{"start":{"line":10,"column":9},"end":{"line":35,"column":3}}]},"5":{"loc":{"start":{"line":10,"column":9},"end":{"line":35,"column":3}},"type":"if","locations":[{"start":{"line":10,"column":9},"end":{"line":35,"column":3}},{"start":{"line":16,"column":9},"end":{"line":35,"column":3}}]},"6":{"loc":{"start":{"line":16,"column":9},"end":{"line":35,"column":3}},"type":"if","locations":[{"start":{"line":16,"column":9},"end":{"line":35,"column":3}},{"start":{"line":19,"column":9},"end":{"line":35,"column":3}}]},"7":{"loc":{"start":{"line":19,"column":9},"end":{"line":35,"column":3}},"type":"if","locations":[{"start":{"line":19,"column":9},"end":{"line":35,"column":3}},{"start":{"line":21,"column":9},"end":{"line":35,"column":3}}]},"8":{"loc":{"start":{"line":21,"column":9},"end":{"line":35,"column":3}},"type":"if","locations":[{"start":{"line":21,"column":9},"end":{"line":35,"column":3}},{"start":{"line":23,"column":9},"end":{"line":35,"column":3}}]},"9":{"loc":{"start":{"line":23,"column":9},"end":{"line":35,"column":3}},"type":"if","locations":[{"start":{"line":23,"column":9},"end":{"line":35,"column":3}},{"start":{"line":25,"column":9},"end":{"line":35,"column":3}}]},"10":{"loc":{"start":{"line":25,"column":9},"end":{"line":35,"column":3}},"type":"if","locations":[{"start":{"line":25,"column":9},"end":{"line":35,"column":3}},{"start":{"line":31,"column":9},"end":{"line":35,"column":3}}]},"11":{"loc":{"start":{"line":27,"column":13},"end":{"line":27,"column":54}},"type":"binary-expr","locations":[{"start":{"line":27,"column":13},"end":{"line":27,"column":34}},{"start":{"line":27,"column":38},"end":{"line":27,"column":54}}]},"12":{"loc":{"start":{"line":31,"column":9},"end":{"line":35,"column":3}},"type":"if","locations":[{"start":{"line":31,"column":9},"end":{"line":35,"column":3}},{"start":{"line":33,"column":9},"end":{"line":35,"column":3}}]},"13":{"loc":{"start":{"line":32,"column":23},"end":{"line":32,"column":48}},"type":"binary-expr","locations":[{"start":{"line":32,"column":23},"end":{"line":32,"column":33}},{"start":{"line":32,"column":37},"end":{"line":32,"column":48}}]},"14":{"loc":{"start":{"line":33,"column":9},"end":{"line":35,"column":3}},"type":"if","locations":[{"start":{"line":33,"column":9},"end":{"line":35,"column":3}}]}},"s":{"0":1,"1":33,"2":1,"3":32,"4":1,"5":31,"6":0,"7":31,"8":1,"9":30,"10":1,"11":2,"12":1,"13":29,"14":1,"15":1,"16":28,"17":1,"18":27,"19":5,"20":22,"21":1,"22":21,"23":6,"24":6,"25":1,"26":15,"27":1,"28":14,"29":1,"30":13},"f":{"0":33,"1":2},"b":{"0":[1,32],"1":[1,31],"2":[0,31],"3":[31,8],"4":[1,30],"5":[1,29],"6":[1,28],"7":[1,27],"8":[5,22],"9":[1,21],"10":[6,15],"11":[6,0],"12":[1,14],"13":[1,0],"14":[1]}}
}
