TN:
SF:src/index.ts
FNF:0
FNH:0
DA:1,0
LF:1
LH:0
BRF:0
BRH:0
end_of_record
TN:
SF:src/string/universal-to-string.ts
FN:1,universalToString
FN:13,(anonymous_1)
FNF:2
FNH:2
FNDA:33,universalToString
FNDA:2,(anonymous_1)
DA:1,1
DA:2,33
DA:3,1
DA:4,32
DA:5,1
DA:6,31
DA:7,0
DA:8,31
DA:9,1
DA:10,30
DA:11,1
DA:13,2
DA:15,1
DA:16,29
DA:17,1
DA:18,1
DA:19,28
DA:20,1
DA:21,27
DA:22,5
DA:23,22
DA:24,1
DA:25,21
DA:26,6
DA:27,6
DA:29,1
DA:31,15
DA:32,1
DA:33,14
DA:34,1
DA:37,13
LF:31
LH:30
BRDA:2,0,0,1
BRDA:2,0,1,32
BRDA:4,1,0,1
BRDA:4,1,1,31
BRDA:6,2,0,0
BRDA:6,2,1,31
BRDA:6,3,0,31
BRDA:6,3,1,8
BRDA:8,4,0,1
BRDA:8,4,1,30
BRDA:10,5,0,1
BRDA:10,5,1,29
BRDA:16,6,0,1
BRDA:16,6,1,28
BRDA:19,7,0,1
BRDA:19,7,1,27
BRDA:21,8,0,5
BRDA:21,8,1,22
BRDA:23,9,0,1
BRDA:23,9,1,21
BRDA:25,10,0,6
BRDA:25,10,1,15
BRDA:27,11,0,6
BRDA:27,11,1,0
BRDA:31,12,0,1
BRDA:31,12,1,14
BRDA:32,13,0,1
BRDA:32,13,1,0
BRDA:33,14,0,1
BRF:29
BRH:26
end_of_record
