<?xml version="1.0" encoding="UTF-8"?>
<coverage generated="1780280261188" clover="3.2.0">
  <project timestamp="1780280261188" name="All files">
    <metrics statements="96" coveredstatements="90" conditionals="40" coveredconditionals="39" methods="27" coveredmethods="24" elements="163" coveredelements="153" complexity="0" loc="96" ncloc="96" packages="2" files="8" classes="8"/>
    <package name="src">
      <metrics statements="63" coveredstatements="60" conditionals="32" coveredconditionals="31" methods="18" coveredmethods="17"/>
      <file name="dto.object-mother.ts" path="/Users/guillermo/project/misa/archi-code-core/packages/test/src/dto.object-mother.ts">
        <metrics statements="14" coveredstatements="14" conditionals="7" coveredconditionals="7" methods="5" coveredmethods="5"/>
        <line num="1" count="1" type="stmt"/>
        <line num="15" count="16" type="stmt"/>
        <line num="16" count="16" type="stmt"/>
        <line num="17" count="16" type="stmt"/>
        <line num="23" count="16" type="stmt"/>
        <line num="25" count="16" type="stmt"/>
        <line num="26" count="38" type="cond" truecount="1" falsecount="0"/>
        <line num="27" count="32" type="cond" truecount="4" falsecount="0"/>
        <line num="29" count="38" type="stmt"/>
        <line num="32" count="16" type="stmt"/>
        <line num="34" count="16" type="stmt"/>
        <line num="65" count="16" type="stmt"/>
        <line num="66" count="32" type="stmt"/>
        <line num="67" count="20" type="stmt"/>
      </file>
      <file name="index.ts" path="/Users/guillermo/project/misa/archi-code-core/packages/test/src/index.ts">
        <metrics statements="3" coveredstatements="0" conditionals="0" coveredconditionals="0" methods="1" coveredmethods="0"/>
        <line num="1" count="0" type="stmt"/>
        <line num="2" count="0" type="stmt"/>
        <line num="3" count="0" type="stmt"/>
      </file>
      <file name="json-commpare.ts" path="/Users/guillermo/project/misa/archi-code-core/packages/test/src/json-commpare.ts">
        <metrics statements="46" coveredstatements="46" conditionals="25" coveredconditionals="24" methods="12" coveredmethods="12"/>
        <line num="1" count="1" type="stmt"/>
        <line num="2" count="1" type="stmt"/>
        <line num="12" count="1" type="stmt"/>
        <line num="13" count="62" type="stmt"/>
        <line num="17" count="33" type="stmt"/>
        <line num="21" count="29" type="stmt"/>
        <line num="25" count="62" type="stmt"/>
        <line num="29" count="62" type="stmt"/>
        <line num="30" count="62" type="stmt"/>
        <line num="31" count="62" type="stmt"/>
        <line num="35" count="31" type="cond" truecount="3" falsecount="0"/>
        <line num="36" count="3" type="stmt"/>
        <line num="39" count="3" type="stmt"/>
        <line num="41" count="28" type="stmt"/>
        <line num="42" count="43" type="stmt"/>
        <line num="47" count="156" type="cond" truecount="1" falsecount="0"/>
        <line num="48" count="72" type="stmt"/>
        <line num="50" count="84" type="stmt"/>
        <line num="54" count="49" type="cond" truecount="2" falsecount="0"/>
        <line num="55" count="19" type="stmt"/>
        <line num="56" count="39" type="stmt"/>
        <line num="57" count="39" type="cond" truecount="2" falsecount="0"/>
        <line num="58" count="5" type="stmt"/>
        <line num="60" count="34" type="stmt"/>
        <line num="63" count="19" type="stmt"/>
        <line num="64" count="36" type="stmt"/>
        <line num="65" count="36" type="cond" truecount="1" falsecount="0"/>
        <line num="66" count="2" type="stmt"/>
        <line num="70" count="30" type="stmt"/>
        <line num="71" count="81" type="stmt"/>
        <line num="72" count="81" type="cond" truecount="2" falsecount="0"/>
        <line num="73" count="78" type="stmt"/>
        <line num="75" count="3" type="stmt"/>
        <line num="82" count="217" type="cond" truecount="2" falsecount="0"/>
        <line num="83" count="32" type="cond" truecount="2" falsecount="0"/>
        <line num="84" count="1" type="stmt"/>
        <line num="88" count="31" type="stmt"/>
        <line num="90" count="185" type="cond" truecount="2" falsecount="0"/>
        <line num="91" count="51" type="cond" truecount="2" falsecount="0"/>
        <line num="92" count="2" type="stmt"/>
        <line num="96" count="49" type="stmt"/>
        <line num="99" count="134" type="stmt"/>
        <line num="100" count="134" type="cond" truecount="1" falsecount="0"/>
        <line num="101" count="17" type="cond" truecount="2" falsecount="0"/>
        <line num="102" count="17" type="stmt"/>
        <line num="110" count="236" type="cond" truecount="2" falsecount="0"/>
      </file>
    </package>
    <package name="src.compare-process">
      <metrics statements="33" coveredstatements="30" conditionals="8" coveredconditionals="8" methods="9" coveredmethods="7"/>
      <file name="CompareValue.ts" path="/Users/guillermo/project/misa/archi-code-core/packages/test/src/compare-process/CompareValue.ts">
        <metrics statements="18" coveredstatements="18" conditionals="8" coveredconditionals="8" methods="3" coveredmethods="3"/>
        <line num="2" count="1" type="stmt"/>
        <line num="3" count="1" type="stmt"/>
        <line num="4" count="1" type="stmt"/>
        <line num="6" count="1" type="stmt"/>
        <line num="11" count="1" type="stmt"/>
        <line num="15" count="134" type="cond" truecount="1" falsecount="0"/>
        <line num="16" count="1" type="stmt"/>
        <line num="18" count="134" type="stmt"/>
        <line num="22" count="134" type="cond" truecount="1" falsecount="0"/>
        <line num="23" count="116" type="stmt"/>
        <line num="25" count="18" type="stmt"/>
        <line num="26" count="18" type="stmt"/>
        <line num="27" count="18" type="stmt"/>
        <line num="28" count="54" type="cond" truecount="3" falsecount="0"/>
        <line num="29" count="15" type="cond" truecount="1" falsecount="0"/>
        <line num="30" count="1" type="stmt"/>
        <line num="31" count="1" type="stmt"/>
        <line num="35" count="18" type="cond" truecount="2" falsecount="0"/>
      </file>
      <file name="UUIDCompare.ts" path="/Users/guillermo/project/misa/archi-code-core/packages/test/src/compare-process/UUIDCompare.ts">
        <metrics statements="5" coveredstatements="5" conditionals="0" coveredconditionals="0" methods="2" coveredmethods="2"/>
        <line num="1" count="1" type="stmt"/>
        <line num="3" count="1" type="stmt"/>
        <line num="4" count="1" type="stmt"/>
        <line num="7" count="1" type="stmt"/>
        <line num="8" count="1" type="stmt"/>
      </file>
      <file name="compare.ts" path="/Users/guillermo/project/misa/archi-code-core/packages/test/src/compare-process/compare.ts">
        <metrics statements="1" coveredstatements="1" conditionals="0" coveredconditionals="0" methods="0" coveredmethods="0"/>
        <line num="1" count="1" type="stmt"/>
      </file>
      <file name="is-not-empty.compare.ts" path="/Users/guillermo/project/misa/archi-code-core/packages/test/src/compare-process/is-not-empty.compare.ts">
        <metrics statements="4" coveredstatements="3" conditionals="0" coveredconditionals="0" methods="2" coveredmethods="1"/>
        <line num="1" count="1" type="stmt"/>
        <line num="3" count="1" type="stmt"/>
        <line num="4" count="1" type="stmt"/>
        <line num="7" count="0" type="stmt"/>
      </file>
      <file name="is-time.compare.ts" path="/Users/guillermo/project/misa/archi-code-core/packages/test/src/compare-process/is-time.compare.ts">
        <metrics statements="5" coveredstatements="3" conditionals="0" coveredconditionals="0" methods="2" coveredmethods="1"/>
        <line num="1" count="1" type="stmt"/>
        <line num="3" count="1" type="stmt"/>
        <line num="4" count="1" type="stmt"/>
        <line num="7" count="0" type="stmt"/>
        <line num="8" count="0" type="stmt"/>
      </file>
    </package>
  </project>
</coverage>
