{"/Users/guillermo/project/misa/archi-code-core/packages/test/src/dto.object-mother.ts": {"path":"/Users/guillermo/project/misa/archi-code-core/packages/test/src/dto.object-mother.ts","statementMap":{"0":{"start":{"line":15,"column":21},"end":{"line":15,"column":31}},"1":{"start":{"line":16,"column":26},"end":{"line":16,"column":53}},"2":{"start":{"line":17,"column":29},"end":{"line":19,"column":null}},"3":{"start":{"line":23,"column":28},"end":{"line":23,"column":96}},"4":{"start":{"line":25,"column":19},"end":{"line":30,"column":24}},"5":{"start":{"line":26,"column":6},"end":{"line":28,"column":7}},"6":{"start":{"line":27,"column":8},"end":{"line":27,"column":88}},"7":{"start":{"line":29,"column":6},"end":{"line":29,"column":17}},"8":{"start":{"line":32,"column":4},"end":{"line":32,"column":38}},"9":{"start":{"line":34,"column":4},"end":{"line":34,"column":55}},"10":{"start":{"line":65,"column":4},"end":{"line":67,"column":47}},"11":{"start":{"line":66,"column":25},"end":{"line":66,"column":45}},"12":{"start":{"line":67,"column":35},"end":{"line":67,"column":45}},"13":{"start":{"line":1,"column":0},"end":{"line":1,"column":22}}},"fnMap":{"0":{"name":"(anonymous_0)","decl":{"start":{"line":9,"column":2},"end":{"line":9,"column":8}},"loc":{"start":{"line":13,"column":29},"end":{"line":35,"column":3}}},"1":{"name":"(anonymous_1)","decl":{"start":{"line":25,"column":42},"end":{"line":25,"column":43}},"loc":{"start":{"line":25,"column":55},"end":{"line":30,"column":5}}},"2":{"name":"(anonymous_2)","decl":{"start":{"line":61,"column":12},"end":{"line":61,"column":35}},"loc":{"start":{"line":63,"column":17},"end":{"line":68,"column":3}}},"3":{"name":"(anonymous_3)","decl":{"start":{"line":66,"column":14},"end":{"line":66,"column":15}},"loc":{"start":{"line":66,"column":25},"end":{"line":66,"column":45}}},"4":{"name":"(anonymous_4)","decl":{"start":{"line":67,"column":15},"end":{"line":67,"column":16}},"loc":{"start":{"line":67,"column":35},"end":{"line":67,"column":45}}}},"branchMap":{"0":{"loc":{"start":{"line":12,"column":4},"end":{"line":12,"column":29}},"type":"default-arg","locations":[{"start":{"line":12,"column":27},"end":{"line":12,"column":29}}]},"1":{"loc":{"start":{"line":13,"column":4},"end":{"line":13,"column":29}},"type":"default-arg","locations":[{"start":{"line":13,"column":27},"end":{"line":13,"column":29}}]},"2":{"loc":{"start":{"line":26,"column":6},"end":{"line":28,"column":7}},"type":"if","locations":[{"start":{"line":26,"column":6},"end":{"line":28,"column":7}}]},"3":{"loc":{"start":{"line":27,"column":30},"end":{"line":27,"column":87}},"type":"cond-expr","locations":[{"start":{"line":27,"column":54},"end":{"line":27,"column":58}},{"start":{"line":27,"column":58},"end":{"line":27,"column":87}}]},"4":{"loc":{"start":{"line":27,"column":30},"end":{"line":27,"column":58}},"type":"binary-expr","locations":[{"start":{"line":27,"column":30},"end":{"line":27,"column":58}},{"start":{"line":27,"column":54},"end":{"line":27,"column":58}}]}},"s":{"0":16,"1":16,"2":16,"3":16,"4":16,"5":38,"6":32,"7":38,"8":16,"9":16,"10":16,"11":32,"12":20,"13":1},"f":{"0":16,"1":38,"2":16,"3":32,"4":20},"b":{"0":[4],"1":[12],"2":[32],"3":[12,20],"4":[32,32]}}
,"/Users/guillermo/project/misa/archi-code-core/packages/test/src/index.ts": {"path":"/Users/guillermo/project/misa/archi-code-core/packages/test/src/index.ts","statementMap":{"0":{"start":{"line":1,"column":0},"end":{"line":1,"column":9}},"1":{"start":{"line":1,"column":9},"end":{"line":1,"column":46}},"2":{"start":{"line":2,"column":0},"end":{"line":2,"column":36}},"3":{"start":{"line":3,"column":0},"end":{"line":3,"column":36}}},"fnMap":{"0":{"name":"(anonymous_4)","decl":{"start":{"line":1,"column":9},"end":{"line":1,"column":20}},"loc":{"start":{"line":1,"column":9},"end":{"line":1,"column":46}}}},"branchMap":{},"s":{"0":0,"1":0,"2":0,"3":0},"f":{"0":0},"b":{}}
,"/Users/guillermo/project/misa/archi-code-core/packages/test/src/json-commpare.ts": {"path":"/Users/guillermo/project/misa/archi-code-core/packages/test/src/json-commpare.ts","statementMap":{"0":{"start":{"line":1,"column":0},"end":{"line":1,"column":62}},"1":{"start":{"line":2,"column":0},"end":{"line":2,"column":55}},"2":{"start":{"line":17,"column":4},"end":{"line":17,"column":62}},"3":{"start":{"line":21,"column":4},"end":{"line":21,"column":63}},"4":{"start":{"line":25,"column":4},"end":{"line":25,"column":29}},"5":{"start":{"line":13,"column":10},"end":{"line":13,"column":38}},"6":{"start":{"line":29,"column":4},"end":{"line":29,"column":30}},"7":{"start":{"line":30,"column":4},"end":{"line":30,"column":27}},"8":{"start":{"line":31,"column":4},"end":{"line":31,"column":44}},"9":{"start":{"line":35,"column":4},"end":{"line":40,"column":5}},"10":{"start":{"line":36,"column":6},"end":{"line":38,"column":8}},"11":{"start":{"line":39,"column":6},"end":{"line":39,"column":13}},"12":{"start":{"line":41,"column":4},"end":{"line":43,"column":5}},"13":{"start":{"line":41,"column":17},"end":{"line":41,"column":18}},"14":{"start":{"line":42,"column":6},"end":{"line":42,"column":65}},"15":{"start":{"line":47,"column":4},"end":{"line":49,"column":5}},"16":{"start":{"line":48,"column":6},"end":{"line":48,"column":23}},"17":{"start":{"line":50,"column":4},"end":{"line":50,"column":34}},"18":{"start":{"line":54,"column":4},"end":{"line":78,"column":5}},"19":{"start":{"line":55,"column":6},"end":{"line":62,"column":9}},"20":{"start":{"line":56,"column":28},"end":{"line":56,"column":55}},"21":{"start":{"line":57,"column":8},"end":{"line":61,"column":9}},"22":{"start":{"line":58,"column":10},"end":{"line":58,"column":66}},"23":{"start":{"line":60,"column":10},"end":{"line":60,"column":74}},"24":{"start":{"line":63,"column":6},"end":{"line":68,"column":9}},"25":{"start":{"line":64,"column":28},"end":{"line":64,"column":55}},"26":{"start":{"line":65,"column":8},"end":{"line":67,"column":9}},"27":{"start":{"line":66,"column":10},"end":{"line":66,"column":68}},"28":{"start":{"line":70,"column":6},"end":{"line":77,"column":9}},"29":{"start":{"line":71,"column":28},"end":{"line":71,"column":55}},"30":{"start":{"line":72,"column":8},"end":{"line":76,"column":9}},"31":{"start":{"line":73,"column":10},"end":{"line":73,"column":74}},"32":{"start":{"line":75,"column":10},"end":{"line":75,"column":68}},"33":{"start":{"line":82,"column":4},"end":{"line":106,"column":5}},"34":{"start":{"line":83,"column":6},"end":{"line":89,"column":7}},"35":{"start":{"line":84,"column":8},"end":{"line":86,"column":10}},"36":{"start":{"line":88,"column":8},"end":{"line":88,"column":50}},"37":{"start":{"line":90,"column":11},"end":{"line":106,"column":5}},"38":{"start":{"line":91,"column":6},"end":{"line":97,"column":7}},"39":{"start":{"line":92,"column":8},"end":{"line":94,"column":10}},"40":{"start":{"line":96,"column":8},"end":{"line":96,"column":79}},"41":{"start":{"line":99,"column":23},"end":{"line":99,"column":74}},"42":{"start":{"line":100,"column":6},"end":{"line":105,"column":7}},"43":{"start":{"line":101,"column":8},"end":{"line":101,"column":48}},"44":{"start":{"line":102,"column":8},"end":{"line":104,"column":10}},"45":{"start":{"line":110,"column":4},"end":{"line":110,"column":53}},"46":{"start":{"line":12,"column":0},"end":{"line":12,"column":13}}},"fnMap":{"0":{"name":"(anonymous_0)","decl":{"start":{"line":16,"column":2},"end":{"line":16,"column":8}},"loc":{"start":{"line":16,"column":41},"end":{"line":18,"column":3}}},"1":{"name":"(anonymous_1)","decl":{"start":{"line":20,"column":2},"end":{"line":20,"column":8}},"loc":{"start":{"line":20,"column":42},"end":{"line":22,"column":3}}},"2":{"name":"(anonymous_2)","decl":{"start":{"line":24,"column":2},"end":{"line":24,"column":6}},"loc":{"start":{"line":24,"column":17},"end":{"line":26,"column":3}}},"3":{"name":"(anonymous_3)","decl":{"start":{"line":28,"column":2},"end":{"line":28,"column":14}},"loc":{"start":{"line":28,"column":55},"end":{"line":32,"column":3}}},"4":{"name":"(anonymous_4)","decl":{"start":{"line":34,"column":10},"end":{"line":34,"column":23}},"loc":{"start":{"line":34,"column":75},"end":{"line":44,"column":3}}},"5":{"name":"(anonymous_5)","decl":{"start":{"line":46,"column":10},"end":{"line":46,"column":21}},"loc":{"start":{"line":46,"column":53},"end":{"line":51,"column":3}}},"6":{"name":"(anonymous_6)","decl":{"start":{"line":53,"column":10},"end":{"line":53,"column":24}},"loc":{"start":{"line":53,"column":78},"end":{"line":79,"column":3}}},"7":{"name":"(anonymous_7)","decl":{"start":{"line":55,"column":37},"end":{"line":55,"column":38}},"loc":{"start":{"line":55,"column":45},"end":{"line":62,"column":7}}},"8":{"name":"(anonymous_8)","decl":{"start":{"line":63,"column":32},"end":{"line":63,"column":33}},"loc":{"start":{"line":63,"column":40},"end":{"line":68,"column":7}}},"9":{"name":"(anonymous_9)","decl":{"start":{"line":70,"column":32},"end":{"line":70,"column":33}},"loc":{"start":{"line":70,"column":40},"end":{"line":77,"column":7}}},"10":{"name":"(anonymous_10)","decl":{"start":{"line":81,"column":10},"end":{"line":81,"column":23}},"loc":{"start":{"line":81,"column":75},"end":{"line":107,"column":3}}},"11":{"name":"(anonymous_11)","decl":{"start":{"line":109,"column":10},"end":{"line":109,"column":18}},"loc":{"start":{"line":109,"column":34},"end":{"line":111,"column":3}}}},"branchMap":{"0":{"loc":{"start":{"line":28,"column":41},"end":{"line":28,"column":55}},"type":"default-arg","locations":[{"start":{"line":28,"column":50},"end":{"line":28,"column":55}}]},"1":{"loc":{"start":{"line":35,"column":4},"end":{"line":40,"column":5}},"type":"if","locations":[{"start":{"line":35,"column":4},"end":{"line":40,"column":5}}]},"2":{"loc":{"start":{"line":35,"column":8},"end":{"line":35,"column":60}},"type":"binary-expr","locations":[{"start":{"line":35,"column":8},"end":{"line":35,"column":24}},{"start":{"line":35,"column":28},"end":{"line":35,"column":60}}]},"3":{"loc":{"start":{"line":47,"column":4},"end":{"line":49,"column":5}},"type":"if","locations":[{"start":{"line":47,"column":4},"end":{"line":49,"column":5}}]},"4":{"loc":{"start":{"line":54,"column":4},"end":{"line":78,"column":5}},"type":"if","locations":[{"start":{"line":54,"column":4},"end":{"line":78,"column":5}},{"start":{"line":69,"column":11},"end":{"line":78,"column":5}}]},"5":{"loc":{"start":{"line":57,"column":8},"end":{"line":61,"column":9}},"type":"if","locations":[{"start":{"line":57,"column":8},"end":{"line":61,"column":9}},{"start":{"line":59,"column":15},"end":{"line":61,"column":9}}]},"6":{"loc":{"start":{"line":65,"column":8},"end":{"line":67,"column":9}},"type":"if","locations":[{"start":{"line":65,"column":8},"end":{"line":67,"column":9}}]},"7":{"loc":{"start":{"line":72,"column":8},"end":{"line":76,"column":9}},"type":"if","locations":[{"start":{"line":72,"column":8},"end":{"line":76,"column":9}},{"start":{"line":74,"column":15},"end":{"line":76,"column":9}}]},"8":{"loc":{"start":{"line":82,"column":4},"end":{"line":106,"column":5}},"type":"if","locations":[{"start":{"line":82,"column":4},"end":{"line":106,"column":5}},{"start":{"line":90,"column":11},"end":{"line":106,"column":5}}]},"9":{"loc":{"start":{"line":83,"column":6},"end":{"line":89,"column":7}},"type":"if","locations":[{"start":{"line":83,"column":6},"end":{"line":89,"column":7}},{"start":{"line":87,"column":13},"end":{"line":89,"column":7}}]},"10":{"loc":{"start":{"line":90,"column":11},"end":{"line":106,"column":5}},"type":"if","locations":[{"start":{"line":90,"column":11},"end":{"line":106,"column":5}},{"start":{"line":98,"column":11},"end":{"line":106,"column":5}}]},"11":{"loc":{"start":{"line":91,"column":6},"end":{"line":97,"column":7}},"type":"if","locations":[{"start":{"line":91,"column":6},"end":{"line":97,"column":7}},{"start":{"line":95,"column":13},"end":{"line":97,"column":7}}]},"12":{"loc":{"start":{"line":100,"column":6},"end":{"line":105,"column":7}},"type":"if","locations":[{"start":{"line":100,"column":6},"end":{"line":105,"column":7}}]},"13":{"loc":{"start":{"line":101,"column":15},"end":{"line":101,"column":47}},"type":"cond-expr","locations":[{"start":{"line":101,"column":29},"end":{"line":101,"column":33}},{"start":{"line":101,"column":36},"end":{"line":101,"column":47}}]},"14":{"loc":{"start":{"line":110,"column":11},"end":{"line":110,"column":52}},"type":"binary-expr","locations":[{"start":{"line":110,"column":11},"end":{"line":110,"column":35}},{"start":{"line":110,"column":39},"end":{"line":110,"column":52}}]}},"s":{"0":1,"1":1,"2":33,"3":29,"4":62,"5":62,"6":62,"7":62,"8":62,"9":31,"10":3,"11":3,"12":28,"13":28,"14":43,"15":156,"16":72,"17":84,"18":49,"19":19,"20":39,"21":39,"22":5,"23":34,"24":19,"25":36,"26":36,"27":2,"28":30,"29":81,"30":81,"31":78,"32":3,"33":217,"34":32,"35":1,"36":31,"37":185,"38":51,"39":2,"40":49,"41":134,"42":134,"43":17,"44":17,"45":236,"46":1},"f":{"0":33,"1":29,"2":62,"3":62,"4":31,"5":156,"6":49,"7":39,"8":36,"9":81,"10":217,"11":236},"b":{"0":[0],"1":[3],"2":[31,15],"3":[72],"4":[19,30],"5":[5,34],"6":[2],"7":[78,3],"8":[32,185],"9":[1,31],"10":[51,134],"11":[2,49],"12":[17],"13":[8,9],"14":[236,100]}}
,"/Users/guillermo/project/misa/archi-code-core/packages/test/src/compare-process/CompareValue.ts": {"path":"/Users/guillermo/project/misa/archi-code-core/packages/test/src/compare-process/CompareValue.ts","statementMap":{"0":{"start":{"line":2,"column":0},"end":{"line":2,"column":44}},"1":{"start":{"line":3,"column":0},"end":{"line":3,"column":59}},"2":{"start":{"line":4,"column":0},"end":{"line":4,"column":50}},"3":{"start":{"line":11,"column":4},"end":{"line":11,"column":89}},"4":{"start":{"line":15,"column":4},"end":{"line":17,"column":5}},"5":{"start":{"line":16,"column":6},"end":{"line":16,"column":49}},"6":{"start":{"line":18,"column":4},"end":{"line":18,"column":33}},"7":{"start":{"line":22,"column":4},"end":{"line":24,"column":5}},"8":{"start":{"line":23,"column":6},"end":{"line":23,"column":18}},"9":{"start":{"line":25,"column":19},"end":{"line":25,"column":24}},"10":{"start":{"line":26,"column":18},"end":{"line":26,"column":23}},"11":{"start":{"line":27,"column":4},"end":{"line":34,"column":5}},"12":{"start":{"line":28,"column":6},"end":{"line":33,"column":7}},"13":{"start":{"line":29,"column":8},"end":{"line":32,"column":9}},"14":{"start":{"line":30,"column":10},"end":{"line":30,"column":26}},"15":{"start":{"line":31,"column":10},"end":{"line":31,"column":53}},"16":{"start":{"line":35,"column":4},"end":{"line":35,"column":51}},"17":{"start":{"line":6,"column":0},"end":{"line":6,"column":13}}},"fnMap":{"0":{"name":"(anonymous_0)","decl":{"start":{"line":10,"column":2},"end":{"line":10,"column":null}},"loc":{"start":{"line":10,"column":2},"end":{"line":12,"column":3}}},"1":{"name":"(anonymous_1)","decl":{"start":{"line":14,"column":9},"end":{"line":14,"column":15}},"loc":{"start":{"line":14,"column":27},"end":{"line":19,"column":3}}},"2":{"name":"(anonymous_2)","decl":{"start":{"line":21,"column":9},"end":{"line":21,"column":16}},"loc":{"start":{"line":21,"column":42},"end":{"line":36,"column":3}}}},"branchMap":{"0":{"loc":{"start":{"line":15,"column":4},"end":{"line":17,"column":5}},"type":"if","locations":[{"start":{"line":15,"column":4},"end":{"line":17,"column":5}}]},"1":{"loc":{"start":{"line":22,"column":4},"end":{"line":24,"column":5}},"type":"if","locations":[{"start":{"line":22,"column":4},"end":{"line":24,"column":5}}]},"2":{"loc":{"start":{"line":28,"column":6},"end":{"line":33,"column":7}},"type":"if","locations":[{"start":{"line":28,"column":6},"end":{"line":33,"column":7}}]},"3":{"loc":{"start":{"line":28,"column":10},"end":{"line":28,"column":60}},"type":"binary-expr","locations":[{"start":{"line":28,"column":10},"end":{"line":28,"column":34}},{"start":{"line":28,"column":38},"end":{"line":28,"column":60}}]},"4":{"loc":{"start":{"line":29,"column":8},"end":{"line":32,"column":9}},"type":"if","locations":[{"start":{"line":29,"column":8},"end":{"line":32,"column":9}}]},"5":{"loc":{"start":{"line":35,"column":11},"end":{"line":35,"column":50}},"type":"cond-expr","locations":[{"start":{"line":35,"column":22},"end":{"line":35,"column":29}},{"start":{"line":35,"column":32},"end":{"line":35,"column":50}}]}},"s":{"0":1,"1":1,"2":1,"3":1,"4":134,"5":1,"6":134,"7":134,"8":116,"9":18,"10":18,"11":18,"12":54,"13":15,"14":1,"15":1,"16":18,"17":1},"f":{"0":1,"1":134,"2":134},"b":{"0":[1],"1":[116],"2":[15],"3":[54,39],"4":[1],"5":[1,17]}}
,"/Users/guillermo/project/misa/archi-code-core/packages/test/src/compare-process/UUIDCompare.ts": {"path":"/Users/guillermo/project/misa/archi-code-core/packages/test/src/compare-process/UUIDCompare.ts","statementMap":{"0":{"start":{"line":1,"column":0},"end":{"line":1,"column":36}},"1":{"start":{"line":4,"column":11},"end":{"line":4,"column":33}},"2":{"start":{"line":7,"column":23},"end":{"line":7,"column":99}},"3":{"start":{"line":8,"column":4},"end":{"line":8,"column":42}},"4":{"start":{"line":3,"column":0},"end":{"line":3,"column":13}}},"fnMap":{"0":{"name":"(anonymous_0)","decl":{"start":{"line":3,"column":0},"end":{"line":3,"column":13}},"loc":{"start":{"line":3,"column":0},"end":{"line":10,"column":1}}},"1":{"name":"(anonymous_1)","decl":{"start":{"line":6,"column":2},"end":{"line":6,"column":9}},"loc":{"start":{"line":6,"column":20},"end":{"line":9,"column":3}}}},"branchMap":{},"s":{"0":1,"1":1,"2":1,"3":1,"4":1},"f":{"0":1,"1":1},"b":{}}
,"/Users/guillermo/project/misa/archi-code-core/packages/test/src/compare-process/compare.ts": {"path":"/Users/guillermo/project/misa/archi-code-core/packages/test/src/compare-process/compare.ts","statementMap":{"0":{"start":{"line":1,"column":0},"end":{"line":1,"column":22}}},"fnMap":{},"branchMap":{},"s":{"0":1},"f":{},"b":{}}
,"/Users/guillermo/project/misa/archi-code-core/packages/test/src/compare-process/is-not-empty.compare.ts": {"path":"/Users/guillermo/project/misa/archi-code-core/packages/test/src/compare-process/is-not-empty.compare.ts","statementMap":{"0":{"start":{"line":1,"column":0},"end":{"line":1,"column":36}},"1":{"start":{"line":4,"column":11},"end":{"line":4,"column":41}},"2":{"start":{"line":7,"column":4},"end":{"line":7,"column":24}},"3":{"start":{"line":3,"column":0},"end":{"line":3,"column":13}}},"fnMap":{"0":{"name":"(anonymous_0)","decl":{"start":{"line":3,"column":0},"end":{"line":3,"column":13}},"loc":{"start":{"line":3,"column":0},"end":{"line":9,"column":1}}},"1":{"name":"(anonymous_1)","decl":{"start":{"line":6,"column":2},"end":{"line":6,"column":9}},"loc":{"start":{"line":6,"column":20},"end":{"line":8,"column":3}}}},"branchMap":{},"s":{"0":1,"1":1,"2":0,"3":1},"f":{"0":1,"1":0},"b":{}}
,"/Users/guillermo/project/misa/archi-code-core/packages/test/src/compare-process/is-time.compare.ts": {"path":"/Users/guillermo/project/misa/archi-code-core/packages/test/src/compare-process/is-time.compare.ts","statementMap":{"0":{"start":{"line":1,"column":0},"end":{"line":1,"column":36}},"1":{"start":{"line":4,"column":11},"end":{"line":4,"column":36}},"2":{"start":{"line":7,"column":23},"end":{"line":7,"column":70}},"3":{"start":{"line":8,"column":4},"end":{"line":8,"column":42}},"4":{"start":{"line":3,"column":0},"end":{"line":3,"column":13}}},"fnMap":{"0":{"name":"(anonymous_0)","decl":{"start":{"line":3,"column":0},"end":{"line":3,"column":13}},"loc":{"start":{"line":3,"column":0},"end":{"line":10,"column":1}}},"1":{"name":"(anonymous_1)","decl":{"start":{"line":6,"column":2},"end":{"line":6,"column":9}},"loc":{"start":{"line":6,"column":20},"end":{"line":9,"column":3}}}},"branchMap":{},"s":{"0":1,"1":1,"2":0,"3":0,"4":1},"f":{"0":1,"1":0},"b":{}}
}
