TN:
SF:src/dto.object-mother.ts
FN:9,(anonymous_0)
FN:25,(anonymous_1)
FN:61,(anonymous_2)
FN:66,(anonymous_3)
FN:67,(anonymous_4)
FNF:5
FNH:5
FNDA:16,(anonymous_0)
FNDA:38,(anonymous_1)
FNDA:16,(anonymous_2)
FNDA:32,(anonymous_3)
FNDA:20,(anonymous_4)
DA:1,1
DA:15,16
DA:16,16
DA:17,16
DA:23,16
DA:25,16
DA:26,38
DA:27,32
DA:29,38
DA:32,16
DA:34,16
DA:65,16
DA:66,32
DA:67,20
LF:14
LH:14
BRDA:12,0,0,4
BRDA:13,1,0,12
BRDA:26,2,0,32
BRDA:27,3,0,12
BRDA:27,3,1,20
BRDA:27,4,0,32
BRDA:27,4,1,32
BRF:7
BRH:7
end_of_record
TN:
SF:src/index.ts
FN:1,(anonymous_4)
FNF:1
FNH:0
FNDA:0,(anonymous_4)
DA:1,0
DA:2,0
DA:3,0
LF:3
LH:0
BRF:0
BRH:0
end_of_record
TN:
SF:src/json-commpare.ts
FN:16,(anonymous_0)
FN:20,(anonymous_1)
FN:24,(anonymous_2)
FN:28,(anonymous_3)
FN:34,(anonymous_4)
FN:46,(anonymous_5)
FN:53,(anonymous_6)
FN:55,(anonymous_7)
FN:63,(anonymous_8)
FN:70,(anonymous_9)
FN:81,(anonymous_10)
FN:109,(anonymous_11)
FNF:12
FNH:12
FNDA:33,(anonymous_0)
FNDA:29,(anonymous_1)
FNDA:62,(anonymous_2)
FNDA:62,(anonymous_3)
FNDA:31,(anonymous_4)
FNDA:156,(anonymous_5)
FNDA:49,(anonymous_6)
FNDA:39,(anonymous_7)
FNDA:36,(anonymous_8)
FNDA:81,(anonymous_9)
FNDA:217,(anonymous_10)
FNDA:236,(anonymous_11)
DA:1,1
DA:2,1
DA:12,1
DA:13,62
DA:17,33
DA:21,29
DA:25,62
DA:29,62
DA:30,62
DA:31,62
DA:35,31
DA:36,3
DA:39,3
DA:41,28
DA:42,43
DA:47,156
DA:48,72
DA:50,84
DA:54,49
DA:55,19
DA:56,39
DA:57,39
DA:58,5
DA:60,34
DA:63,19
DA:64,36
DA:65,36
DA:66,2
DA:70,30
DA:71,81
DA:72,81
DA:73,78
DA:75,3
DA:82,217
DA:83,32
DA:84,1
DA:88,31
DA:90,185
DA:91,51
DA:92,2
DA:96,49
DA:99,134
DA:100,134
DA:101,17
DA:102,17
DA:110,236
LF:46
LH:46
BRDA:28,0,0,0
BRDA:35,1,0,3
BRDA:35,2,0,31
BRDA:35,2,1,15
BRDA:47,3,0,72
BRDA:54,4,0,19
BRDA:54,4,1,30
BRDA:57,5,0,5
BRDA:57,5,1,34
BRDA:65,6,0,2
BRDA:72,7,0,78
BRDA:72,7,1,3
BRDA:82,8,0,32
BRDA:82,8,1,185
BRDA:83,9,0,1
BRDA:83,9,1,31
BRDA:90,10,0,51
BRDA:90,10,1,134
BRDA:91,11,0,2
BRDA:91,11,1,49
BRDA:100,12,0,17
BRDA:101,13,0,8
BRDA:101,13,1,9
BRDA:110,14,0,236
BRDA:110,14,1,100
BRF:25
BRH:24
end_of_record
TN:
SF:src/compare-process/CompareValue.ts
FN:10,(anonymous_0)
FN:14,(anonymous_1)
FN:21,(anonymous_2)
FNF:3
FNH:3
FNDA:1,(anonymous_0)
FNDA:134,(anonymous_1)
FNDA:134,(anonymous_2)
DA:2,1
DA:3,1
DA:4,1
DA:6,1
DA:11,1
DA:15,134
DA:16,1
DA:18,134
DA:22,134
DA:23,116
DA:25,18
DA:26,18
DA:27,18
DA:28,54
DA:29,15
DA:30,1
DA:31,1
DA:35,18
LF:18
LH:18
BRDA:15,0,0,1
BRDA:22,1,0,116
BRDA:28,2,0,15
BRDA:28,3,0,54
BRDA:28,3,1,39
BRDA:29,4,0,1
BRDA:35,5,0,1
BRDA:35,5,1,17
BRF:8
BRH:8
end_of_record
TN:
SF:src/compare-process/UUIDCompare.ts
FN:3,(anonymous_0)
FN:6,(anonymous_1)
FNF:2
FNH:2
FNDA:1,(anonymous_0)
FNDA:1,(anonymous_1)
DA:1,1
DA:3,1
DA:4,1
DA:7,1
DA:8,1
LF:5
LH:5
BRF:0
BRH:0
end_of_record
TN:
SF:src/compare-process/compare.ts
FNF:0
FNH:0
DA:1,1
LF:1
LH:1
BRF:0
BRH:0
end_of_record
TN:
SF:src/compare-process/is-not-empty.compare.ts
FN:3,(anonymous_0)
FN:6,(anonymous_1)
FNF:2
FNH:1
FNDA:1,(anonymous_0)
FNDA:0,(anonymous_1)
DA:1,1
DA:3,1
DA:4,1
DA:7,0
LF:4
LH:3
BRF:0
BRH:0
end_of_record
TN:
SF:src/compare-process/is-time.compare.ts
FN:3,(anonymous_0)
FN:6,(anonymous_1)
FNF:2
FNH:1
FNDA:1,(anonymous_0)
FNDA:0,(anonymous_1)
DA:1,1
DA:3,1
DA:4,1
DA:7,0
DA:8,0
LF:5
LH:3
BRF:0
BRH:0
end_of_record
