{"/Users/guillermo/project/misa/archi-code-core/packages/crypto-tools/src/index.ts": {"path":"/Users/guillermo/project/misa/archi-code-core/packages/crypto-tools/src/index.ts","statementMap":{"0":{"start":{"line":1,"column":0},"end":{"line":1,"column":39}},"1":{"start":{"line":3,"column":0},"end":{"line":3,"column":39}},"2":{"start":{"line":5,"column":0},"end":{"line":5,"column":30}},"3":{"start":{"line":6,"column":0},"end":{"line":6,"column":38}},"4":{"start":{"line":7,"column":0},"end":{"line":7,"column":44}},"5":{"start":{"line":9,"column":0},"end":{"line":9,"column":64}},"6":{"start":{"line":10,"column":0},"end":{"line":10,"column":56}},"7":{"start":{"line":11,"column":0},"end":{"line":11,"column":70}},"8":{"start":{"line":12,"column":0},"end":{"line":12,"column":70}}},"fnMap":{},"branchMap":{},"s":{"0":0,"1":0,"2":0,"3":0,"4":0,"5":0,"6":0,"7":0,"8":0},"f":{},"b":{}}
,"/Users/guillermo/project/misa/archi-code-core/packages/crypto-tools/src/sodium-initializer.ts": {"path":"/Users/guillermo/project/misa/archi-code-core/packages/crypto-tools/src/sodium-initializer.ts","statementMap":{"0":{"start":{"line":6,"column":4},"end":{"line":17,"column":5}},"1":{"start":{"line":8,"column":6},"end":{"line":8,"column":55}},"2":{"start":{"line":9,"column":6},"end":{"line":16,"column":11}},"3":{"start":{"line":11,"column":10},"end":{"line":11,"column":60}},"4":{"start":{"line":14,"column":10},"end":{"line":14,"column":63}},"5":{"start":{"line":15,"column":10},"end":{"line":15,"column":22}},"6":{"start":{"line":18,"column":4},"end":{"line":18,"column":34}},"7":{"start":{"line":22,"column":4},"end":{"line":22,"column":35}},"8":{"start":{"line":23,"column":4},"end":{"line":25,"column":5}},"9":{"start":{"line":24,"column":6},"end":{"line":24,"column":96}},"10":{"start":{"line":26,"column":4},"end":{"line":26,"column":23}},"11":{"start":{"line":1,"column":0},"end":{"line":1,"column":13}},"12":{"start":{"line":2,"column":17},"end":{"line":2,"column":65}},"13":{"start":{"line":3,"column":17},"end":{"line":3,"column":36}}},"fnMap":{"0":{"name":"(anonymous_7)","decl":{"start":{"line":5,"column":9},"end":{"line":5,"column":15}},"loc":{"start":{"line":5,"column":39},"end":{"line":19,"column":null}}},"1":{"name":"(anonymous_9)","decl":{"start":{"line":10,"column":14},"end":{"line":10,"column":17}},"loc":{"start":{"line":10,"column":19},"end":{"line":12,"column":9}}},"2":{"name":"(anonymous_10)","decl":{"start":{"line":13,"column":15},"end":{"line":13,"column":16}},"loc":{"start":{"line":13,"column":25},"end":{"line":16,"column":9}}},"3":{"name":"(anonymous_11)","decl":{"start":{"line":21,"column":9},"end":{"line":21,"column":15}},"loc":{"start":{"line":21,"column":31},"end":{"line":27,"column":null}}}},"branchMap":{"0":{"loc":{"start":{"line":6,"column":4},"end":{"line":17,"column":5}},"type":"if","locations":[{"start":{"line":6,"column":4},"end":{"line":17,"column":5}}]},"1":{"loc":{"start":{"line":23,"column":4},"end":{"line":25,"column":5}},"type":"if","locations":[{"start":{"line":23,"column":4},"end":{"line":25,"column":5}}]}},"s":{"0":15,"1":2,"2":2,"3":2,"4":0,"5":0,"6":15,"7":15,"8":15,"9":0,"10":15,"11":3,"12":3,"13":3},"f":{"0":15,"1":2,"2":0,"3":15},"b":{"0":[2],"1":[0]}}
,"/Users/guillermo/project/misa/archi-code-core/packages/crypto-tools/src/symmetric-encryption.ts": {"path":"/Users/guillermo/project/misa/archi-code-core/packages/crypto-tools/src/symmetric-encryption.ts","statementMap":{"0":{"start":{"line":1,"column":0},"end":{"line":1,"column":83}},"1":{"start":{"line":9,"column":21},"end":{"line":9,"column":84}},"2":{"start":{"line":6,"column":19},"end":{"line":6,"column":41}},"3":{"start":{"line":12,"column":4},"end":{"line":16,"column":5}},"4":{"start":{"line":13,"column":6},"end":{"line":15,"column":8}},"5":{"start":{"line":17,"column":22},"end":{"line":17,"column":79}},"6":{"start":{"line":18,"column":4},"end":{"line":20,"column":5}},"7":{"start":{"line":19,"column":6},"end":{"line":19,"column":74}},"8":{"start":{"line":21,"column":4},"end":{"line":21,"column":41}},"9":{"start":{"line":25,"column":23},"end":{"line":29,"column":6}},"10":{"start":{"line":30,"column":27},"end":{"line":30,"column":59}},"11":{"start":{"line":32,"column":4},"end":{"line":34,"column":5}},"12":{"start":{"line":33,"column":6},"end":{"line":33,"column":17}},"13":{"start":{"line":36,"column":4},"end":{"line":42,"column":5}},"14":{"start":{"line":37,"column":26},"end":{"line":37,"column":54}},"15":{"start":{"line":38,"column":6},"end":{"line":40,"column":7}},"16":{"start":{"line":38,"column":19},"end":{"line":38,"column":20}},"17":{"start":{"line":39,"column":8},"end":{"line":39,"column":45}},"18":{"start":{"line":41,"column":6},"end":{"line":41,"column":25}},"19":{"start":{"line":43,"column":4},"end":{"line":43,"column":40}},"20":{"start":{"line":47,"column":17},"end":{"line":47,"column":47}},"21":{"start":{"line":48,"column":4},"end":{"line":48,"column":22}},"22":{"start":{"line":49,"column":4},"end":{"line":49,"column":30}},"23":{"start":{"line":53,"column":4},"end":{"line":63,"column":5}},"24":{"start":{"line":54,"column":17},"end":{"line":54,"column":43}},"25":{"start":{"line":55,"column":21},"end":{"line":55,"column":65}},"26":{"start":{"line":57,"column":24},"end":{"line":57,"column":85}},"27":{"start":{"line":58,"column":28},"end":{"line":58,"column":80}},"28":{"start":{"line":59,"column":19},"end":{"line":59,"column":51}},"29":{"start":{"line":60,"column":6},"end":{"line":60,"column":40}},"30":{"start":{"line":62,"column":6},"end":{"line":62,"column":72}},"31":{"start":{"line":67,"column":4},"end":{"line":87,"column":5}},"32":{"start":{"line":68,"column":36},"end":{"line":68,"column":69}},"33":{"start":{"line":69,"column":6},"end":{"line":71,"column":7}},"34":{"start":{"line":70,"column":8},"end":{"line":70,"column":53}},"35":{"start":{"line":74,"column":28},"end":{"line":74,"column":48}},"36":{"start":{"line":75,"column":6},"end":{"line":77,"column":7}},"37":{"start":{"line":76,"column":8},"end":{"line":76,"column":75}},"38":{"start":{"line":79,"column":23},"end":{"line":79,"column":89}},"39":{"start":{"line":80,"column":24},"end":{"line":83,"column":8}},"40":{"start":{"line":84,"column":6},"end":{"line":84,"column":41}},"41":{"start":{"line":86,"column":6},"end":{"line":86,"column":72}},"42":{"start":{"line":3,"column":0},"end":{"line":3,"column":13}},"43":{"start":{"line":4,"column":26},"end":{"line":4,"column":44}}},"fnMap":{"0":{"name":"(anonymous_0)","decl":{"start":{"line":8,"column":2},"end":{"line":8,"column":null}},"loc":{"start":{"line":10,"column":24},"end":{"line":22,"column":3}}},"1":{"name":"(anonymous_1)","decl":{"start":{"line":24,"column":10},"end":{"line":24,"column":19}},"loc":{"start":{"line":24,"column":31},"end":{"line":44,"column":3}}},"2":{"name":"(anonymous_2)","decl":{"start":{"line":46,"column":10},"end":{"line":46,"column":22}},"loc":{"start":{"line":46,"column":35},"end":{"line":50,"column":3}}},"3":{"name":"(anonymous_3)","decl":{"start":{"line":52,"column":2},"end":{"line":52,"column":9}},"loc":{"start":{"line":52,"column":22},"end":{"line":64,"column":3}}},"4":{"name":"(anonymous_4)","decl":{"start":{"line":66,"column":2},"end":{"line":66,"column":9}},"loc":{"start":{"line":66,"column":40},"end":{"line":88,"column":3}}}},"branchMap":{"0":{"loc":{"start":{"line":12,"column":4},"end":{"line":16,"column":5}},"type":"if","locations":[{"start":{"line":12,"column":4},"end":{"line":16,"column":5}}]},"1":{"loc":{"start":{"line":17,"column":22},"end":{"line":17,"column":79}},"type":"cond-expr","locations":[{"start":{"line":17,"column":48},"end":{"line":17,"column":73}},{"start":{"line":17,"column":76},"end":{"line":17,"column":79}}]},"2":{"loc":{"start":{"line":18,"column":4},"end":{"line":20,"column":5}},"type":"if","locations":[{"start":{"line":18,"column":4},"end":{"line":20,"column":5}}]},"3":{"loc":{"start":{"line":30,"column":27},"end":{"line":30,"column":59}},"type":"cond-expr","locations":[{"start":{"line":30,"column":53},"end":{"line":30,"column":57}},{"start":{"line":30,"column":57},"end":{"line":30,"column":59}}]},"4":{"loc":{"start":{"line":30,"column":27},"end":{"line":30,"column":57}},"type":"binary-expr","locations":[{"start":{"line":30,"column":27},"end":{"line":30,"column":57}},{"start":{"line":30,"column":53},"end":{"line":30,"column":57}}]},"5":{"loc":{"start":{"line":32,"column":4},"end":{"line":34,"column":5}},"type":"if","locations":[{"start":{"line":32,"column":4},"end":{"line":34,"column":5}}]},"6":{"loc":{"start":{"line":36,"column":4},"end":{"line":42,"column":5}},"type":"if","locations":[{"start":{"line":36,"column":4},"end":{"line":42,"column":5}}]},"7":{"loc":{"start":{"line":69,"column":6},"end":{"line":71,"column":7}},"type":"if","locations":[{"start":{"line":69,"column":6},"end":{"line":71,"column":7}}]},"8":{"loc":{"start":{"line":69,"column":10},"end":{"line":69,"column":71}},"type":"binary-expr","locations":[{"start":{"line":69,"column":10},"end":{"line":69,"column":13}},{"start":{"line":69,"column":17},"end":{"line":69,"column":27}},{"start":{"line":69,"column":31},"end":{"line":69,"column":36}},{"start":{"line":69,"column":40},"end":{"line":69,"column":71}}]},"9":{"loc":{"start":{"line":75,"column":6},"end":{"line":77,"column":7}},"type":"if","locations":[{"start":{"line":75,"column":6},"end":{"line":77,"column":7}}]}},"s":{"0":1,"1":17,"2":17,"3":17,"4":1,"5":16,"6":16,"7":2,"8":14,"9":14,"10":14,"11":14,"12":0,"13":14,"14":0,"15":0,"16":0,"17":0,"18":0,"19":14,"20":17,"21":17,"22":17,"23":10,"24":10,"25":10,"26":10,"27":10,"28":10,"29":10,"30":0,"31":9,"32":9,"33":9,"34":2,"35":7,"36":7,"37":2,"38":5,"39":5,"40":5,"41":4,"42":1,"43":1},"f":{"0":17,"1":14,"2":17,"3":10,"4":9},"b":{"0":[1],"1":[13,3],"2":[2],"3":[14,0],"4":[14,14],"5":[0],"6":[0],"7":[2],"8":[9,9,9,9],"9":[2]}}
,"/Users/guillermo/project/misa/archi-code-core/packages/crypto-tools/src/encrypt/cryptoEngine.ts": {"path":"/Users/guillermo/project/misa/archi-code-core/packages/crypto-tools/src/encrypt/cryptoEngine.ts","statementMap":{"0":{"start":{"line":2,"column":10},"end":{"line":2,"column":94}},"1":{"start":{"line":3,"column":10},"end":{"line":3,"column":59}},"2":{"start":{"line":11,"column":27},"end":{"line":11,"column":49}},"3":{"start":{"line":12,"column":4},"end":{"line":12,"column":72}},"4":{"start":{"line":13,"column":4},"end":{"line":13,"column":64}},"5":{"start":{"line":14,"column":4},"end":{"line":14,"column":52}},"6":{"start":{"line":15,"column":4},"end":{"line":15,"column":76}},"7":{"start":{"line":15,"column":60},"end":{"line":15,"column":74}},"8":{"start":{"line":19,"column":4},"end":{"line":19,"column":58}},"9":{"start":{"line":23,"column":4},"end":{"line":23,"column":58}},"10":{"start":{"line":27,"column":4},"end":{"line":29,"column":7}},"11":{"start":{"line":28,"column":6},"end":{"line":28,"column":57}},"12":{"start":{"line":33,"column":4},"end":{"line":33,"column":44}},"13":{"start":{"line":37,"column":4},"end":{"line":37,"column":65}},"14":{"start":{"line":41,"column":15},"end":{"line":41,"column":16}},"15":{"start":{"line":42,"column":4},"end":{"line":44,"column":5}},"16":{"start":{"line":43,"column":6},"end":{"line":43,"column":55}},"17":{"start":{"line":45,"column":4},"end":{"line":45,"column":16}},"18":{"start":{"line":49,"column":4},"end":{"line":52,"column":6}},"19":{"start":{"line":50,"column":6},"end":{"line":50,"column":44}},"20":{"start":{"line":51,"column":6},"end":{"line":51,"column":27}},"21":{"start":{"line":56,"column":20},"end":{"line":56,"column":45}},"22":{"start":{"line":57,"column":19},"end":{"line":57,"column":61}},"23":{"start":{"line":59,"column":20},"end":{"line":59,"column":82}},"24":{"start":{"line":59,"column":80},"end":{"line":59,"column":81}},"25":{"start":{"line":60,"column":4},"end":{"line":65,"column":5}},"26":{"start":{"line":61,"column":16},"end":{"line":61,"column":75}},"27":{"start":{"line":62,"column":16},"end":{"line":62,"column":75}},"28":{"start":{"line":63,"column":6},"end":{"line":63,"column":24}},"29":{"start":{"line":64,"column":6},"end":{"line":64,"column":24}},"30":{"start":{"line":67,"column":4},"end":{"line":67,"column":19}},"31":{"start":{"line":71,"column":19},"end":{"line":71,"column":76}},"32":{"start":{"line":72,"column":20},"end":{"line":72,"column":82}},"33":{"start":{"line":72,"column":80},"end":{"line":72,"column":81}},"34":{"start":{"line":73,"column":20},"end":{"line":73,"column":64}},"35":{"start":{"line":75,"column":4},"end":{"line":80,"column":5}},"36":{"start":{"line":76,"column":16},"end":{"line":76,"column":75}},"37":{"start":{"line":77,"column":16},"end":{"line":77,"column":75}},"38":{"start":{"line":78,"column":6},"end":{"line":78,"column":21}},"39":{"start":{"line":79,"column":6},"end":{"line":79,"column":21}},"40":{"start":{"line":82,"column":4},"end":{"line":85,"column":5}},"41":{"start":{"line":83,"column":24},"end":{"line":83,"column":34}},"42":{"start":{"line":84,"column":6},"end":{"line":84,"column":37}},"43":{"start":{"line":87,"column":4},"end":{"line":87,"column":19}},"44":{"start":{"line":93,"column":29},"end":{"line":93,"column":75}},"45":{"start":{"line":94,"column":22},"end":{"line":94,"column":42}},"46":{"start":{"line":96,"column":4},"end":{"line":105,"column":7}},"47":{"start":{"line":97,"column":21},"end":{"line":97,"column":67}},"48":{"start":{"line":98,"column":22},"end":{"line":99,"column":null}},"49":{"start":{"line":98,"column":86},"end":{"line":98,"column":87}},"50":{"start":{"line":99,"column":14},"end":{"line":99,"column":28}},"51":{"start":{"line":101,"column":23},"end":{"line":101,"column":71}},"52":{"start":{"line":102,"column":23},"end":{"line":102,"column":71}},"53":{"start":{"line":104,"column":6},"end":{"line":104,"column":45}},"54":{"start":{"line":109,"column":4},"end":{"line":118,"column":5}},"55":{"start":{"line":109,"column":17},"end":{"line":109,"column":39}},"56":{"start":{"line":110,"column":6},"end":{"line":117,"column":7}},"57":{"start":{"line":114,"column":8},"end":{"line":114,"column":92}},"58":{"start":{"line":116,"column":8},"end":{"line":116,"column":14}},"59":{"start":{"line":125,"column":25},"end":{"line":125,"column":77}},"60":{"start":{"line":126,"column":4},"end":{"line":129,"column":6}},"61":{"start":{"line":136,"column":4},"end":{"line":141,"column":6}},"62":{"start":{"line":145,"column":4},"end":{"line":145,"column":23}},"63":{"start":{"line":146,"column":4},"end":{"line":146,"column":50}},"64":{"start":{"line":150,"column":4},"end":{"line":150,"column":23}},"65":{"start":{"line":151,"column":4},"end":{"line":151,"column":52}},"66":{"start":{"line":155,"column":4},"end":{"line":179,"column":16}},"67":{"start":{"line":158,"column":8},"end":{"line":158,"column":60}},"68":{"start":{"line":158,"column":48},"end":{"line":158,"column":60}},"69":{"start":{"line":160,"column":20},"end":{"line":160,"column":42}},"70":{"start":{"line":161,"column":8},"end":{"line":161,"column":29}},"71":{"start":{"line":163,"column":8},"end":{"line":163,"column":58}},"72":{"start":{"line":165,"column":8},"end":{"line":167,"column":9}},"73":{"start":{"line":166,"column":10},"end":{"line":166,"column":57}},"74":{"start":{"line":169,"column":8},"end":{"line":169,"column":41}},"75":{"start":{"line":171,"column":8},"end":{"line":173,"column":9}},"76":{"start":{"line":172,"column":10},"end":{"line":172,"column":58}},"77":{"start":{"line":175,"column":8},"end":{"line":175,"column":58}},"78":{"start":{"line":177,"column":8},"end":{"line":177,"column":39}},"79":{"start":{"line":1,"column":0},"end":{"line":1,"column":13}}},"fnMap":{"0":{"name":"(anonymous_0)","decl":{"start":{"line":10,"column":2},"end":{"line":10,"column":14}},"loc":{"start":{"line":10,"column":29},"end":{"line":16,"column":3}}},"1":{"name":"(anonymous_1)","decl":{"start":{"line":15,"column":49},"end":{"line":15,"column":50}},"loc":{"start":{"line":15,"column":60},"end":{"line":15,"column":74}}},"2":{"name":"(anonymous_2)","decl":{"start":{"line":18,"column":10},"end":{"line":18,"column":18}},"loc":{"start":{"line":18,"column":32},"end":{"line":20,"column":3}}},"3":{"name":"(anonymous_3)","decl":{"start":{"line":22,"column":10},"end":{"line":22,"column":20}},"loc":{"start":{"line":22,"column":34},"end":{"line":24,"column":3}}},"4":{"name":"(anonymous_4)","decl":{"start":{"line":26,"column":9},"end":{"line":26,"column":20}},"loc":{"start":{"line":26,"column":20},"end":{"line":30,"column":3}}},"5":{"name":"(anonymous_5)","decl":{"start":{"line":27,"column":24},"end":{"line":27,"column":25}},"loc":{"start":{"line":27,"column":41},"end":{"line":29,"column":5}}},"6":{"name":"(anonymous_6)","decl":{"start":{"line":32,"column":10},"end":{"line":32,"column":21}},"loc":{"start":{"line":32,"column":34},"end":{"line":34,"column":3}}},"7":{"name":"(anonymous_7)","decl":{"start":{"line":36,"column":10},"end":{"line":36,"column":21}},"loc":{"start":{"line":36,"column":35},"end":{"line":38,"column":3}}},"8":{"name":"(anonymous_8)","decl":{"start":{"line":40,"column":10},"end":{"line":40,"column":19}},"loc":{"start":{"line":40,"column":31},"end":{"line":46,"column":3}}},"9":{"name":"(anonymous_9)","decl":{"start":{"line":48,"column":10},"end":{"line":48,"column":22}},"loc":{"start":{"line":48,"column":35},"end":{"line":53,"column":3}}},"10":{"name":"(anonymous_10)","decl":{"start":{"line":49,"column":11},"end":{"line":49,"column":14}},"loc":{"start":{"line":49,"column":16},"end":{"line":52,"column":5}}},"11":{"name":"(anonymous_11)","decl":{"start":{"line":55,"column":10},"end":{"line":55,"column":32}},"loc":{"start":{"line":55,"column":48},"end":{"line":68,"column":3}}},"12":{"name":"(anonymous_12)","decl":{"start":{"line":59,"column":70},"end":{"line":59,"column":71}},"loc":{"start":{"line":59,"column":80},"end":{"line":59,"column":81}}},"13":{"name":"(anonymous_13)","decl":{"start":{"line":70,"column":10},"end":{"line":70,"column":28}},"loc":{"start":{"line":70,"column":44},"end":{"line":88,"column":3}}},"14":{"name":"(anonymous_14)","decl":{"start":{"line":72,"column":70},"end":{"line":72,"column":71}},"loc":{"start":{"line":72,"column":80},"end":{"line":72,"column":81}}},"15":{"name":"(anonymous_15)","decl":{"start":{"line":90,"column":10},"end":{"line":90,"column":22}},"loc":{"start":{"line":91,"column":19},"end":{"line":106,"column":3}}},"16":{"name":"(anonymous_16)","decl":{"start":{"line":96,"column":45},"end":{"line":96,"column":46}},"loc":{"start":{"line":96,"column":54},"end":{"line":105,"column":5}}},"17":{"name":"(anonymous_17)","decl":{"start":{"line":98,"column":72},"end":{"line":98,"column":73}},"loc":{"start":{"line":98,"column":86},"end":{"line":98,"column":87}}},"18":{"name":"(anonymous_18)","decl":{"start":{"line":99,"column":8},"end":{"line":99,"column":11}},"loc":{"start":{"line":99,"column":14},"end":{"line":99,"column":28}}},"19":{"name":"(anonymous_19)","decl":{"start":{"line":108,"column":10},"end":{"line":108,"column":23}},"loc":{"start":{"line":108,"column":23},"end":{"line":119,"column":3}}},"20":{"name":"(anonymous_20)","decl":{"start":{"line":121,"column":10},"end":{"line":121,"column":29}},"loc":{"start":{"line":123,"column":50},"end":{"line":130,"column":3}}},"21":{"name":"(anonymous_21)","decl":{"start":{"line":132,"column":10},"end":{"line":132,"column":30}},"loc":{"start":{"line":134,"column":50},"end":{"line":142,"column":3}}},"22":{"name":"(anonymous_22)","decl":{"start":{"line":144,"column":2},"end":{"line":144,"column":8}},"loc":{"start":{"line":144,"column":24},"end":{"line":147,"column":3}}},"23":{"name":"(anonymous_23)","decl":{"start":{"line":149,"column":2},"end":{"line":149,"column":8}},"loc":{"start":{"line":149,"column":24},"end":{"line":152,"column":3}}},"24":{"name":"(anonymous_24)","decl":{"start":{"line":154,"column":10},"end":{"line":154,"column":19}},"loc":{"start":{"line":154,"column":35},"end":{"line":180,"column":3}}},"25":{"name":"(anonymous_25)","decl":{"start":{"line":157,"column":11},"end":{"line":157,"column":12}},"loc":{"start":{"line":157,"column":20},"end":{"line":178,"column":7}}}},"branchMap":{"0":{"loc":{"start":{"line":82,"column":4},"end":{"line":85,"column":5}},"type":"if","locations":[{"start":{"line":82,"column":4},"end":{"line":85,"column":5}}]},"1":{"loc":{"start":{"line":93,"column":38},"end":{"line":93,"column":70}},"type":"binary-expr","locations":[{"start":{"line":93,"column":38},"end":{"line":93,"column":63}},{"start":{"line":93,"column":67},"end":{"line":93,"column":70}}]},"2":{"loc":{"start":{"line":93,"column":38},"end":{"line":93,"column":63}},"type":"cond-expr","locations":[{"start":{"line":93,"column":58},"end":{"line":93,"column":61}},{"start":{"line":93,"column":58},"end":{"line":93,"column":63}}]},"3":{"loc":{"start":{"line":93,"column":38},"end":{"line":93,"column":61}},"type":"binary-expr","locations":[{"start":{"line":93,"column":38},"end":{"line":93,"column":61}},{"start":{"line":93,"column":58},"end":{"line":93,"column":61}}]},"4":{"loc":{"start":{"line":110,"column":6},"end":{"line":117,"column":7}},"type":"if","locations":[{"start":{"line":110,"column":6},"end":{"line":117,"column":7}},{"start":{"line":115,"column":13},"end":{"line":117,"column":7}}]},"5":{"loc":{"start":{"line":111,"column":8},"end":{"line":112,"column":67}},"type":"binary-expr","locations":[{"start":{"line":111,"column":8},"end":{"line":111,"column":36}},{"start":{"line":112,"column":8},"end":{"line":112,"column":67}}]},"6":{"loc":{"start":{"line":158,"column":8},"end":{"line":158,"column":60}},"type":"if","locations":[{"start":{"line":158,"column":8},"end":{"line":158,"column":60}}]},"7":{"loc":{"start":{"line":163,"column":16},"end":{"line":163,"column":57}},"type":"cond-expr","locations":[{"start":{"line":163,"column":48},"end":{"line":163,"column":52}},{"start":{"line":163,"column":52},"end":{"line":163,"column":57}}]},"8":{"loc":{"start":{"line":163,"column":16},"end":{"line":163,"column":52}},"type":"binary-expr","locations":[{"start":{"line":163,"column":16},"end":{"line":163,"column":52}},{"start":{"line":163,"column":48},"end":{"line":163,"column":52}}]},"9":{"loc":{"start":{"line":175,"column":16},"end":{"line":175,"column":57}},"type":"cond-expr","locations":[{"start":{"line":175,"column":48},"end":{"line":175,"column":52}},{"start":{"line":175,"column":52},"end":{"line":175,"column":57}}]},"10":{"loc":{"start":{"line":175,"column":16},"end":{"line":175,"column":52}},"type":"binary-expr","locations":[{"start":{"line":175,"column":16},"end":{"line":175,"column":52}},{"start":{"line":175,"column":48},"end":{"line":175,"column":52}}]}},"s":{"0":14,"1":14,"2":14,"3":14,"4":14,"5":14,"6":14,"7":66,"8":28,"9":11,"10":25,"11":121,"12":6408,"13":6408,"14":94,"15":94,"16":1630,"17":94,"18":94,"19":21532,"20":21532,"21":14,"22":14,"23":14,"24":910,"25":14,"26":448,"27":448,"28":448,"29":448,"30":14,"31":14,"32":14,"33":910,"34":14,"35":14,"36":448,"37":448,"38":448,"39":448,"40":14,"41":14,"42":14,"43":14,"44":14,"45":14,"46":14,"47":66,"48":66,"49":4290,"50":19608,"51":66,"52":66,"53":66,"54":6408,"55":6408,"56":12908,"57":6500,"58":6408,"59":31976,"60":31976,"61":31976,"62":14,"63":14,"64":11,"65":11,"66":25,"67":6408,"68":0,"69":6408,"70":6408,"71":6408,"72":6408,"73":31976,"74":6408,"75":6408,"76":31976,"77":6408,"78":6408,"79":1},"f":{"0":14,"1":66,"2":28,"3":11,"4":25,"5":121,"6":6408,"7":6408,"8":94,"9":94,"10":21532,"11":14,"12":910,"13":14,"14":910,"15":14,"16":66,"17":4290,"18":19608,"19":6408,"20":31976,"21":31976,"22":14,"23":11,"24":25,"25":6408},"b":{"0":[14],"1":[14,2],"2":[2,12],"3":[14,12],"4":[6500,6408],"5":[12908,6500],"6":[0],"7":[6347,61],"8":[6408,6408],"9":[6347,61],"10":[6408,6408]}}
,"/Users/guillermo/project/misa/archi-code-core/packages/crypto-tools/src/hash/hasher-factory.ts": {"path":"/Users/guillermo/project/misa/archi-code-core/packages/crypto-tools/src/hash/hasher-factory.ts","statementMap":{"0":{"start":{"line":1,"column":0},"end":{"line":1,"column":54}},"1":{"start":{"line":6,"column":4},"end":{"line":12,"column":5}},"2":{"start":{"line":8,"column":8},"end":{"line":8,"column":44}},"3":{"start":{"line":9,"column":8},"end":{"line":9,"column":14}},"4":{"start":{"line":11,"column":8},"end":{"line":11,"column":63}},"5":{"start":{"line":4,"column":0},"end":{"line":4,"column":13}}},"fnMap":{"0":{"name":"(anonymous_0)","decl":{"start":{"line":5,"column":2},"end":{"line":5,"column":8}},"loc":{"start":{"line":5,"column":50},"end":{"line":13,"column":3}}}},"branchMap":{"0":{"loc":{"start":{"line":5,"column":35},"end":{"line":5,"column":50}},"type":"default-arg","locations":[{"start":{"line":5,"column":48},"end":{"line":5,"column":50}}]},"1":{"loc":{"start":{"line":6,"column":4},"end":{"line":12,"column":5}},"type":"switch","locations":[{"start":{"line":7,"column":6},"end":{"line":9,"column":14}},{"start":{"line":10,"column":6},"end":{"line":11,"column":63}}]}},"s":{"0":1,"1":11,"2":11,"3":0,"4":0,"5":1},"f":{"0":11},"b":{"0":[0],"1":[11,0]}}
,"/Users/guillermo/project/misa/archi-code-core/packages/crypto-tools/src/hash/hasher.ts": {"path":"/Users/guillermo/project/misa/archi-code-core/packages/crypto-tools/src/hash/hasher.ts","statementMap":{"0":{"start":{"line":5,"column":4},"end":{"line":7,"column":5}},"1":{"start":{"line":6,"column":6},"end":{"line":6,"column":64}},"2":{"start":{"line":8,"column":4},"end":{"line":8,"column":48}},"3":{"start":{"line":1,"column":0},"end":{"line":1,"column":22}}},"fnMap":{"0":{"name":"(anonymous_0)","decl":{"start":{"line":4,"column":2},"end":{"line":4,"column":14}},"loc":{"start":{"line":4,"column":29},"end":{"line":9,"column":3}}}},"branchMap":{"0":{"loc":{"start":{"line":4,"column":14},"end":{"line":4,"column":29}},"type":"default-arg","locations":[{"start":{"line":4,"column":27},"end":{"line":4,"column":29}}]},"1":{"loc":{"start":{"line":5,"column":4},"end":{"line":7,"column":5}},"type":"if","locations":[{"start":{"line":5,"column":4},"end":{"line":7,"column":5}}]}},"s":{"0":11,"1":2,"2":9,"3":1},"f":{"0":11},"b":{"0":[0],"1":[2]}}
,"/Users/guillermo/project/misa/archi-code-core/packages/crypto-tools/src/hash/client/sodium-hasher.ts": {"path":"/Users/guillermo/project/misa/archi-code-core/packages/crypto-tools/src/hash/client/sodium-hasher.ts","statementMap":{"0":{"start":{"line":1,"column":0},"end":{"line":1,"column":35}},"1":{"start":{"line":2,"column":0},"end":{"line":2,"column":61}},"2":{"start":{"line":6,"column":4},"end":{"line":6,"column":22}},"3":{"start":{"line":10,"column":19},"end":{"line":10,"column":54}},"4":{"start":{"line":13,"column":4},"end":{"line":15,"column":5}},"5":{"start":{"line":13,"column":39},"end":{"line":13,"column":49}},"6":{"start":{"line":14,"column":6},"end":{"line":14,"column":69}},"7":{"start":{"line":18,"column":22},"end":{"line":18,"column":46}},"8":{"start":{"line":19,"column":21},"end":{"line":19,"column":77}},"9":{"start":{"line":20,"column":4},"end":{"line":20,"column":28}},"10":{"start":{"line":21,"column":4},"end":{"line":21,"column":51}},"11":{"start":{"line":25,"column":4},"end":{"line":35,"column":5}},"12":{"start":{"line":27,"column":8},"end":{"line":27,"column":51}},"13":{"start":{"line":28,"column":8},"end":{"line":28,"column":14}},"14":{"start":{"line":30,"column":8},"end":{"line":30,"column":51}},"15":{"start":{"line":31,"column":8},"end":{"line":31,"column":14}},"16":{"start":{"line":33,"column":8},"end":{"line":33,"column":84}},"17":{"start":{"line":34,"column":8},"end":{"line":34,"column":14}},"18":{"start":{"line":36,"column":4},"end":{"line":36,"column":31}},"19":{"start":{"line":40,"column":4},"end":{"line":40,"column":44}},"20":{"start":{"line":44,"column":4},"end":{"line":44,"column":43}},"21":{"start":{"line":48,"column":4},"end":{"line":48,"column":43}},"22":{"start":{"line":4,"column":0},"end":{"line":4,"column":13}}},"fnMap":{"0":{"name":"(anonymous_7)","decl":{"start":{"line":5,"column":2},"end":{"line":5,"column":14}},"loc":{"start":{"line":5,"column":29},"end":{"line":7,"column":3}}},"1":{"name":"(anonymous_8)","decl":{"start":{"line":9,"column":16},"end":{"line":9,"column":20}},"loc":{"start":{"line":9,"column":77},"end":{"line":37,"column":null}}},"2":{"name":"(anonymous_10)","decl":{"start":{"line":13,"column":29},"end":{"line":13,"column":30}},"loc":{"start":{"line":13,"column":39},"end":{"line":13,"column":49}}},"3":{"name":"(anonymous_11)","decl":{"start":{"line":39,"column":8},"end":{"line":39,"column":15}},"loc":{"start":{"line":39,"column":28},"end":{"line":41,"column":null}}},"4":{"name":"(anonymous_13)","decl":{"start":{"line":43,"column":8},"end":{"line":43,"column":14}},"loc":{"start":{"line":43,"column":27},"end":{"line":45,"column":null}}},"5":{"name":"(anonymous_15)","decl":{"start":{"line":47,"column":8},"end":{"line":47,"column":14}},"loc":{"start":{"line":47,"column":27},"end":{"line":49,"column":null}}}},"branchMap":{"0":{"loc":{"start":{"line":5,"column":14},"end":{"line":5,"column":29}},"type":"default-arg","locations":[{"start":{"line":5,"column":27},"end":{"line":5,"column":29}}]},"1":{"loc":{"start":{"line":13,"column":4},"end":{"line":15,"column":5}},"type":"if","locations":[{"start":{"line":13,"column":4},"end":{"line":15,"column":5}}]},"2":{"loc":{"start":{"line":25,"column":4},"end":{"line":35,"column":5}},"type":"switch","locations":[{"start":{"line":26,"column":6},"end":{"line":28,"column":14}},{"start":{"line":29,"column":6},"end":{"line":31,"column":14}},{"start":{"line":32,"column":6},"end":{"line":34,"column":14}}]}},"s":{"0":1,"1":1,"2":11,"3":8,"4":8,"5":83,"6":5,"7":8,"8":8,"9":8,"10":8,"11":8,"12":5,"13":5,"14":3,"15":3,"16":0,"17":0,"18":8,"19":0,"20":5,"21":3,"22":1},"f":{"0":11,"1":8,"2":83,"3":0,"4":5,"5":3},"b":{"0":[0],"1":[5],"2":[5,3,0]}}
,"/Users/guillermo/project/misa/archi-code-core/packages/crypto-tools/src/password-encryptor/password-encryptor-factory.ts": {"path":"/Users/guillermo/project/misa/archi-code-core/packages/crypto-tools/src/password-encryptor/password-encryptor-factory.ts","statementMap":{"0":{"start":{"line":1,"column":0},"end":{"line":1,"column":77}},"1":{"start":{"line":3,"column":0},"end":{"line":3,"column":77}},"2":{"start":{"line":7,"column":4},"end":{"line":16,"column":5}},"3":{"start":{"line":9,"column":8},"end":{"line":9,"column":55}},"4":{"start":{"line":10,"column":8},"end":{"line":10,"column":14}},"5":{"start":{"line":12,"column":8},"end":{"line":12,"column":55}},"6":{"start":{"line":13,"column":8},"end":{"line":13,"column":14}},"7":{"start":{"line":15,"column":8},"end":{"line":15,"column":63}},"8":{"start":{"line":5,"column":0},"end":{"line":5,"column":13}}},"fnMap":{"0":{"name":"(anonymous_0)","decl":{"start":{"line":6,"column":2},"end":{"line":6,"column":8}},"loc":{"start":{"line":6,"column":50},"end":{"line":17,"column":3}}}},"branchMap":{"0":{"loc":{"start":{"line":6,"column":35},"end":{"line":6,"column":50}},"type":"default-arg","locations":[{"start":{"line":6,"column":48},"end":{"line":6,"column":50}}]},"1":{"loc":{"start":{"line":7,"column":4},"end":{"line":16,"column":5}},"type":"switch","locations":[{"start":{"line":8,"column":6},"end":{"line":10,"column":14}},{"start":{"line":11,"column":6},"end":{"line":13,"column":14}},{"start":{"line":14,"column":6},"end":{"line":15,"column":63}}]}},"s":{"0":2,"1":2,"2":26,"3":15,"4":0,"5":11,"6":0,"7":0,"8":2},"f":{"0":26},"b":{"0":[0],"1":[15,11,0]}}
,"/Users/guillermo/project/misa/archi-code-core/packages/crypto-tools/src/password-encryptor/password-encryptor.ts": {"path":"/Users/guillermo/project/misa/archi-code-core/packages/crypto-tools/src/password-encryptor/password-encryptor.ts","statementMap":{"0":{"start":{"line":5,"column":4},"end":{"line":7,"column":5}},"1":{"start":{"line":6,"column":6},"end":{"line":6,"column":63}},"2":{"start":{"line":8,"column":4},"end":{"line":8,"column":34}},"3":{"start":{"line":1,"column":0},"end":{"line":1,"column":22}}},"fnMap":{"0":{"name":"(anonymous_0)","decl":{"start":{"line":4,"column":2},"end":{"line":4,"column":14}},"loc":{"start":{"line":4,"column":29},"end":{"line":9,"column":3}}}},"branchMap":{"0":{"loc":{"start":{"line":4,"column":14},"end":{"line":4,"column":29}},"type":"default-arg","locations":[{"start":{"line":4,"column":27},"end":{"line":4,"column":29}}]},"1":{"loc":{"start":{"line":5,"column":4},"end":{"line":7,"column":5}},"type":"if","locations":[{"start":{"line":5,"column":4},"end":{"line":7,"column":5}}]},"2":{"loc":{"start":{"line":5,"column":8},"end":{"line":5,"column":41}},"type":"binary-expr","locations":[{"start":{"line":5,"column":8},"end":{"line":5,"column":22}},{"start":{"line":5,"column":26},"end":{"line":5,"column":41}}]}},"s":{"0":26,"1":5,"2":21,"3":2},"f":{"0":26},"b":{"0":[0],"1":[5],"2":[26,23]}}
,"/Users/guillermo/project/misa/archi-code-core/packages/crypto-tools/src/password-encryptor/client/bcrypt-password-encryptor.ts": {"path":"/Users/guillermo/project/misa/archi-code-core/packages/crypto-tools/src/password-encryptor/client/bcrypt-password-encryptor.ts","statementMap":{"0":{"start":{"line":2,"column":0},"end":{"line":2,"column":58}},"1":{"start":{"line":12,"column":4},"end":{"line":12,"column":22}},"2":{"start":{"line":13,"column":4},"end":{"line":13,"column":33}},"3":{"start":{"line":17,"column":4},"end":{"line":25,"column":5}},"4":{"start":{"line":18,"column":6},"end":{"line":24,"column":7}},"5":{"start":{"line":20,"column":8},"end":{"line":20,"column":59}},"6":{"start":{"line":22,"column":8},"end":{"line":22,"column":92}},"7":{"start":{"line":23,"column":8},"end":{"line":23,"column":72}},"8":{"start":{"line":34,"column":4},"end":{"line":34,"column":81}},"9":{"start":{"line":44,"column":4},"end":{"line":44,"column":72}},"10":{"start":{"line":53,"column":24},"end":{"line":53,"column":63}},"11":{"start":{"line":54,"column":4},"end":{"line":54,"column":34}},"12":{"start":{"line":4,"column":0},"end":{"line":4,"column":13}},"13":{"start":{"line":5,"column":17},"end":{"line":5,"column":36}}},"fnMap":{"0":{"name":"(anonymous_7)","decl":{"start":{"line":11,"column":2},"end":{"line":11,"column":14}},"loc":{"start":{"line":11,"column":29},"end":{"line":14,"column":3}}},"1":{"name":"(anonymous_8)","decl":{"start":{"line":16,"column":10},"end":{"line":16,"column":31}},"loc":{"start":{"line":16,"column":31},"end":{"line":26,"column":3}}},"2":{"name":"(anonymous_9)","decl":{"start":{"line":33,"column":8},"end":{"line":33,"column":20}},"loc":{"start":{"line":33,"column":37},"end":{"line":35,"column":null}}},"3":{"name":"(anonymous_11)","decl":{"start":{"line":43,"column":8},"end":{"line":43,"column":22}},"loc":{"start":{"line":43,"column":53},"end":{"line":45,"column":null}}},"4":{"name":"(anonymous_13)","decl":{"start":{"line":52,"column":2},"end":{"line":52,"column":8}},"loc":{"start":{"line":52,"column":33},"end":{"line":55,"column":3}}}},"branchMap":{"0":{"loc":{"start":{"line":11,"column":14},"end":{"line":11,"column":29}},"type":"default-arg","locations":[{"start":{"line":11,"column":27},"end":{"line":11,"column":29}}]},"1":{"loc":{"start":{"line":17,"column":4},"end":{"line":25,"column":5}},"type":"if","locations":[{"start":{"line":17,"column":4},"end":{"line":25,"column":5}}]}},"s":{"0":2,"1":15,"2":13,"3":13,"4":2,"5":2,"6":0,"7":0,"8":5,"9":3,"10":4,"11":4,"12":2,"13":2},"f":{"0":15,"1":13,"2":5,"3":3,"4":4},"b":{"0":[0],"1":[2]}}
,"/Users/guillermo/project/misa/archi-code-core/packages/crypto-tools/src/password-encryptor/client/sodium-password-encryptor.ts": {"path":"/Users/guillermo/project/misa/archi-code-core/packages/crypto-tools/src/password-encryptor/client/sodium-password-encryptor.ts","statementMap":{"0":{"start":{"line":1,"column":0},"end":{"line":1,"column":58}},"1":{"start":{"line":2,"column":0},"end":{"line":2,"column":61}},"2":{"start":{"line":6,"column":4},"end":{"line":21,"column":5}},"3":{"start":{"line":7,"column":6},"end":{"line":10,"column":8}},"4":{"start":{"line":11,"column":11},"end":{"line":21,"column":5}},"5":{"start":{"line":12,"column":6},"end":{"line":15,"column":8}},"6":{"start":{"line":17,"column":6},"end":{"line":20,"column":8}},"7":{"start":{"line":25,"column":19},"end":{"line":25,"column":54}},"8":{"start":{"line":26,"column":35},"end":{"line":26,"column":66}},"9":{"start":{"line":28,"column":4},"end":{"line":28,"column":66}},"10":{"start":{"line":32,"column":19},"end":{"line":32,"column":54}},"11":{"start":{"line":33,"column":4},"end":{"line":33,"column":59}},"12":{"start":{"line":4,"column":0},"end":{"line":4,"column":13}}},"fnMap":{"0":{"name":"(anonymous_7)","decl":{"start":{"line":5,"column":10},"end":{"line":5,"column":28}},"loc":{"start":{"line":5,"column":35},"end":{"line":22,"column":3}}},"1":{"name":"(anonymous_8)","decl":{"start":{"line":24,"column":8},"end":{"line":24,"column":20}},"loc":{"start":{"line":24,"column":37},"end":{"line":29,"column":null}}},"2":{"name":"(anonymous_10)","decl":{"start":{"line":31,"column":8},"end":{"line":31,"column":22}},"loc":{"start":{"line":31,"column":53},"end":{"line":34,"column":null}}}},"branchMap":{"0":{"loc":{"start":{"line":6,"column":4},"end":{"line":21,"column":5}},"type":"if","locations":[{"start":{"line":6,"column":4},"end":{"line":21,"column":5}},{"start":{"line":11,"column":11},"end":{"line":21,"column":5}}]},"1":{"loc":{"start":{"line":11,"column":11},"end":{"line":21,"column":5}},"type":"if","locations":[{"start":{"line":11,"column":11},"end":{"line":21,"column":5}},{"start":{"line":16,"column":11},"end":{"line":21,"column":5}}]}},"s":{"0":2,"1":2,"2":4,"3":0,"4":4,"5":4,"6":0,"7":4,"8":4,"9":4,"10":3,"11":3,"12":2},"f":{"0":4,"1":4,"2":3},"b":{"0":[0,4],"1":[4,0]}}
,"/Users/guillermo/project/misa/archi-code-core/packages/crypto-tools/src/sign/jwt-data-signer.ts": {"path":"/Users/guillermo/project/misa/archi-code-core/packages/crypto-tools/src/sign/jwt-data-signer.ts","statementMap":{"0":{"start":{"line":8,"column":34},"end":{"line":8,"column":36}},"1":{"start":{"line":10,"column":4},"end":{"line":10,"column":30}},"2":{"start":{"line":12,"column":4},"end":{"line":16,"column":5}},"3":{"start":{"line":13,"column":6},"end":{"line":15,"column":8}},"4":{"start":{"line":18,"column":4},"end":{"line":18,"column":31}},"5":{"start":{"line":19,"column":4},"end":{"line":19,"column":35}},"6":{"start":{"line":20,"column":4},"end":{"line":20,"column":39}},"7":{"start":{"line":24,"column":4},"end":{"line":34,"column":5}},"8":{"start":{"line":25,"column":6},"end":{"line":33,"column":7}},"9":{"start":{"line":27,"column":8},"end":{"line":27,"column":52}},"10":{"start":{"line":29,"column":8},"end":{"line":31,"column":10}},"11":{"start":{"line":32,"column":8},"end":{"line":32,"column":78}},"12":{"start":{"line":38,"column":4},"end":{"line":38,"column":74}},"13":{"start":{"line":42,"column":4},"end":{"line":49,"column":5}},"14":{"start":{"line":43,"column":19},"end":{"line":43,"column":null}},"15":{"start":{"line":46,"column":6},"end":{"line":46,"column":24}},"16":{"start":{"line":48,"column":6},"end":{"line":48,"column":67}},"17":{"start":{"line":53,"column":4},"end":{"line":58,"column":5}},"18":{"start":{"line":54,"column":22},"end":{"line":54,"column":75}},"19":{"start":{"line":55,"column":6},"end":{"line":55,"column":27}},"20":{"start":{"line":57,"column":6},"end":{"line":57,"column":65}},"21":{"start":{"line":1,"column":0},"end":{"line":1,"column":13}},"22":{"start":{"line":2,"column":17},"end":{"line":2,"column":33}}},"fnMap":{"0":{"name":"(anonymous_0)","decl":{"start":{"line":7,"column":2},"end":{"line":7,"column":14}},"loc":{"start":{"line":7,"column":79},"end":{"line":21,"column":3}}},"1":{"name":"(anonymous_1)","decl":{"start":{"line":23,"column":10},"end":{"line":23,"column":28}},"loc":{"start":{"line":23,"column":28},"end":{"line":35,"column":3}}},"2":{"name":"(anonymous_2)","decl":{"start":{"line":37,"column":2},"end":{"line":37,"column":6}},"loc":{"start":{"line":37,"column":19},"end":{"line":39,"column":3}}},"3":{"name":"(anonymous_3)","decl":{"start":{"line":41,"column":2},"end":{"line":41,"column":8}},"loc":{"start":{"line":41,"column":27},"end":{"line":50,"column":3}}},"4":{"name":"(anonymous_4)","decl":{"start":{"line":52,"column":2},"end":{"line":52,"column":6}},"loc":{"start":{"line":52,"column":25},"end":{"line":59,"column":3}}}},"branchMap":{"0":{"loc":{"start":{"line":7,"column":33},"end":{"line":7,"column":54}},"type":"default-arg","locations":[{"start":{"line":7,"column":52},"end":{"line":7,"column":54}}]},"1":{"loc":{"start":{"line":7,"column":56},"end":{"line":7,"column":79}},"type":"default-arg","locations":[{"start":{"line":7,"column":77},"end":{"line":7,"column":79}}]},"2":{"loc":{"start":{"line":12,"column":4},"end":{"line":16,"column":5}},"type":"if","locations":[{"start":{"line":12,"column":4},"end":{"line":16,"column":5}}]},"3":{"loc":{"start":{"line":12,"column":8},"end":{"line":12,"column":81}},"type":"binary-expr","locations":[{"start":{"line":12,"column":8},"end":{"line":12,"column":37}},{"start":{"line":12,"column":41},"end":{"line":12,"column":81}}]},"4":{"loc":{"start":{"line":24,"column":4},"end":{"line":34,"column":5}},"type":"if","locations":[{"start":{"line":24,"column":4},"end":{"line":34,"column":5}}]},"5":{"loc":{"start":{"line":46,"column":13},"end":{"line":46,"column":23}},"type":"cond-expr","locations":[{"start":{"line":46,"column":13},"end":{"line":46,"column":17}},{"start":{"line":46,"column":21},"end":{"line":46,"column":23}}]},"6":{"loc":{"start":{"line":46,"column":13},"end":{"line":46,"column":21}},"type":"binary-expr","locations":[{"start":{"line":46,"column":13},"end":{"line":46,"column":21}},{"start":{"line":46,"column":13},"end":{"line":46,"column":21}}]},"7":{"loc":{"start":{"line":55,"column":13},"end":{"line":55,"column":26}},"type":"cond-expr","locations":[{"start":{"line":55,"column":13},"end":{"line":55,"column":20}},{"start":{"line":55,"column":24},"end":{"line":55,"column":26}}]},"8":{"loc":{"start":{"line":55,"column":13},"end":{"line":55,"column":24}},"type":"binary-expr","locations":[{"start":{"line":55,"column":13},"end":{"line":55,"column":24}},{"start":{"line":55,"column":13},"end":{"line":55,"column":24}}]}},"s":{"0":7,"1":7,"2":7,"3":0,"4":7,"5":7,"6":7,"7":7,"8":1,"9":1,"10":0,"11":0,"12":3,"13":3,"14":3,"15":1,"16":2,"17":3,"18":3,"19":3,"20":0,"21":1,"22":1},"f":{"0":7,"1":7,"2":3,"3":3,"4":3},"b":{"0":[7],"1":[7],"2":[0],"3":[7,7],"4":[1],"5":[1,0],"6":[1,1],"7":[2,1],"8":[3,2]}}
}
