TN:
SF:src/index.ts
FNF:0
FNH:0
DA:1,0
DA:3,0
DA:5,0
DA:6,0
DA:7,0
DA:9,0
DA:10,0
DA:11,0
DA:12,0
LF:9
LH:0
BRF:0
BRH:0
end_of_record
TN:
SF:src/sodium-initializer.ts
FN:5,(anonymous_7)
FN:10,(anonymous_9)
FN:13,(anonymous_10)
FN:21,(anonymous_11)
FNF:4
FNH:3
FNDA:15,(anonymous_7)
FNDA:2,(anonymous_9)
FNDA:0,(anonymous_10)
FNDA:15,(anonymous_11)
DA:1,3
DA:2,3
DA:3,3
DA:6,15
DA:8,2
DA:9,2
DA:11,2
DA:14,0
DA:15,0
DA:18,15
DA:22,15
DA:23,15
DA:24,0
DA:26,15
LF:14
LH:11
BRDA:6,0,0,2
BRDA:23,1,0,0
BRF:2
BRH:1
end_of_record
TN:
SF:src/symmetric-encryption.ts
FN:8,(anonymous_0)
FN:24,(anonymous_1)
FN:46,(anonymous_2)
FN:52,(anonymous_3)
FN:66,(anonymous_4)
FNF:5
FNH:5
FNDA:17,(anonymous_0)
FNDA:14,(anonymous_1)
FNDA:17,(anonymous_2)
FNDA:10,(anonymous_3)
FNDA:9,(anonymous_4)
DA:1,1
DA:3,1
DA:4,1
DA:6,17
DA:9,17
DA:12,17
DA:13,1
DA:17,16
DA:18,16
DA:19,2
DA:21,14
DA:25,14
DA:30,14
DA:32,14
DA:33,0
DA:36,14
DA:37,0
DA:38,0
DA:39,0
DA:41,0
DA:43,14
DA:47,17
DA:48,17
DA:49,17
DA:53,10
DA:54,10
DA:55,10
DA:57,10
DA:58,10
DA:59,10
DA:60,10
DA:62,0
DA:67,9
DA:68,9
DA:69,9
DA:70,2
DA:74,7
DA:75,7
DA:76,2
DA:79,5
DA:80,5
DA:84,5
DA:86,4
LF:43
LH:37
BRDA:12,0,0,1
BRDA:17,1,0,13
BRDA:17,1,1,3
BRDA:18,2,0,2
BRDA:30,3,0,14
BRDA:30,3,1,0
BRDA:30,4,0,14
BRDA:30,4,1,14
BRDA:32,5,0,0
BRDA:36,6,0,0
BRDA:69,7,0,2
BRDA:69,8,0,9
BRDA:69,8,1,9
BRDA:69,8,2,9
BRDA:69,8,3,9
BRDA:75,9,0,2
BRF:16
BRH:13
end_of_record
TN:
SF:src/encrypt/cryptoEngine.ts
FN:10,(anonymous_0)
FN:15,(anonymous_1)
FN:18,(anonymous_2)
FN:22,(anonymous_3)
FN:26,(anonymous_4)
FN:27,(anonymous_5)
FN:32,(anonymous_6)
FN:36,(anonymous_7)
FN:40,(anonymous_8)
FN:48,(anonymous_9)
FN:49,(anonymous_10)
FN:55,(anonymous_11)
FN:59,(anonymous_12)
FN:70,(anonymous_13)
FN:72,(anonymous_14)
FN:90,(anonymous_15)
FN:96,(anonymous_16)
FN:98,(anonymous_17)
FN:99,(anonymous_18)
FN:108,(anonymous_19)
FN:121,(anonymous_20)
FN:132,(anonymous_21)
FN:144,(anonymous_22)
FN:149,(anonymous_23)
FN:154,(anonymous_24)
FN:157,(anonymous_25)
FNF:26
FNH:26
FNDA:14,(anonymous_0)
FNDA:66,(anonymous_1)
FNDA:28,(anonymous_2)
FNDA:11,(anonymous_3)
FNDA:25,(anonymous_4)
FNDA:121,(anonymous_5)
FNDA:6408,(anonymous_6)
FNDA:6408,(anonymous_7)
FNDA:94,(anonymous_8)
FNDA:94,(anonymous_9)
FNDA:21532,(anonymous_10)
FNDA:14,(anonymous_11)
FNDA:910,(anonymous_12)
FNDA:14,(anonymous_13)
FNDA:910,(anonymous_14)
FNDA:14,(anonymous_15)
FNDA:66,(anonymous_16)
FNDA:4290,(anonymous_17)
FNDA:19608,(anonymous_18)
FNDA:6408,(anonymous_19)
FNDA:31976,(anonymous_20)
FNDA:31976,(anonymous_21)
FNDA:14,(anonymous_22)
FNDA:11,(anonymous_23)
FNDA:25,(anonymous_24)
FNDA:6408,(anonymous_25)
DA:1,1
DA:2,14
DA:3,14
DA:11,14
DA:12,14
DA:13,14
DA:14,14
DA:15,66
DA:19,28
DA:23,11
DA:27,25
DA:28,121
DA:33,6408
DA:37,6408
DA:41,94
DA:42,94
DA:43,1630
DA:45,94
DA:49,94
DA:50,21532
DA:51,21532
DA:56,14
DA:57,14
DA:59,910
DA:60,14
DA:61,448
DA:62,448
DA:63,448
DA:64,448
DA:67,14
DA:71,14
DA:72,910
DA:73,14
DA:75,14
DA:76,448
DA:77,448
DA:78,448
DA:79,448
DA:82,14
DA:83,14
DA:84,14
DA:87,14
DA:93,14
DA:94,14
DA:96,14
DA:97,66
DA:98,4290
DA:99,19608
DA:101,66
DA:102,66
DA:104,66
DA:109,6408
DA:110,12908
DA:114,6500
DA:116,6408
DA:125,31976
DA:126,31976
DA:136,31976
DA:145,14
DA:146,14
DA:150,11
DA:151,11
DA:155,25
DA:158,6408
DA:160,6408
DA:161,6408
DA:163,6408
DA:165,6408
DA:166,31976
DA:169,6408
DA:171,6408
DA:172,31976
DA:175,6408
DA:177,6408
LF:74
LH:74
BRDA:82,0,0,14
BRDA:93,1,0,14
BRDA:93,1,1,2
BRDA:93,2,0,2
BRDA:93,2,1,12
BRDA:93,3,0,14
BRDA:93,3,1,12
BRDA:110,4,0,6500
BRDA:110,4,1,6408
BRDA:111,5,0,12908
BRDA:111,5,1,6500
BRDA:158,6,0,0
BRDA:163,7,0,6347
BRDA:163,7,1,61
BRDA:163,8,0,6408
BRDA:163,8,1,6408
BRDA:175,9,0,6347
BRDA:175,9,1,61
BRDA:175,10,0,6408
BRDA:175,10,1,6408
BRF:20
BRH:19
end_of_record
TN:
SF:src/hash/hasher-factory.ts
FN:5,(anonymous_0)
FNF:1
FNH:1
FNDA:11,(anonymous_0)
DA:1,1
DA:4,1
DA:6,11
DA:8,11
DA:9,0
DA:11,0
LF:6
LH:4
BRDA:5,0,0,0
BRDA:6,1,0,11
BRDA:6,1,1,0
BRF:3
BRH:1
end_of_record
TN:
SF:src/hash/hasher.ts
FN:4,(anonymous_0)
FNF:1
FNH:1
FNDA:11,(anonymous_0)
DA:1,1
DA:5,11
DA:6,2
DA:8,9
LF:4
LH:4
BRDA:4,0,0,0
BRDA:5,1,0,2
BRF:2
BRH:1
end_of_record
TN:
SF:src/hash/client/sodium-hasher.ts
FN:5,(anonymous_7)
FN:9,(anonymous_8)
FN:13,(anonymous_10)
FN:39,(anonymous_11)
FN:43,(anonymous_13)
FN:47,(anonymous_15)
FNF:6
FNH:5
FNDA:11,(anonymous_7)
FNDA:8,(anonymous_8)
FNDA:83,(anonymous_10)
FNDA:0,(anonymous_11)
FNDA:5,(anonymous_13)
FNDA:3,(anonymous_15)
DA:1,1
DA:2,1
DA:4,1
DA:6,11
DA:10,8
DA:13,83
DA:14,5
DA:18,8
DA:19,8
DA:20,8
DA:21,8
DA:25,8
DA:27,5
DA:28,5
DA:30,3
DA:31,3
DA:33,0
DA:34,0
DA:36,8
DA:40,0
DA:44,5
DA:48,3
LF:22
LH:19
BRDA:5,0,0,0
BRDA:13,1,0,5
BRDA:25,2,0,5
BRDA:25,2,1,3
BRDA:25,2,2,0
BRF:5
BRH:3
end_of_record
TN:
SF:src/password-encryptor/password-encryptor-factory.ts
FN:6,(anonymous_0)
FNF:1
FNH:1
FNDA:26,(anonymous_0)
DA:1,2
DA:3,2
DA:5,2
DA:7,26
DA:9,15
DA:10,0
DA:12,11
DA:13,0
DA:15,0
LF:9
LH:6
BRDA:6,0,0,0
BRDA:7,1,0,15
BRDA:7,1,1,11
BRDA:7,1,2,0
BRF:4
BRH:2
end_of_record
TN:
SF:src/password-encryptor/password-encryptor.ts
FN:4,(anonymous_0)
FNF:1
FNH:1
FNDA:26,(anonymous_0)
DA:1,2
DA:5,26
DA:6,5
DA:8,21
LF:4
LH:4
BRDA:4,0,0,0
BRDA:5,1,0,5
BRDA:5,2,0,26
BRDA:5,2,1,23
BRF:4
BRH:3
end_of_record
TN:
SF:src/password-encryptor/client/bcrypt-password-encryptor.ts
FN:11,(anonymous_7)
FN:16,(anonymous_8)
FN:33,(anonymous_9)
FN:43,(anonymous_11)
FN:52,(anonymous_13)
FNF:5
FNH:5
FNDA:15,(anonymous_7)
FNDA:13,(anonymous_8)
FNDA:5,(anonymous_9)
FNDA:3,(anonymous_11)
FNDA:4,(anonymous_13)
DA:2,2
DA:4,2
DA:5,2
DA:12,15
DA:13,13
DA:17,13
DA:18,2
DA:20,2
DA:22,0
DA:23,0
DA:34,5
DA:44,3
DA:53,4
DA:54,4
LF:14
LH:12
BRDA:11,0,0,0
BRDA:17,1,0,2
BRF:2
BRH:1
end_of_record
TN:
SF:src/password-encryptor/client/sodium-password-encryptor.ts
FN:5,(anonymous_7)
FN:24,(anonymous_8)
FN:31,(anonymous_10)
FNF:3
FNH:3
FNDA:4,(anonymous_7)
FNDA:4,(anonymous_8)
FNDA:3,(anonymous_10)
DA:1,2
DA:2,2
DA:4,2
DA:6,4
DA:7,0
DA:11,4
DA:12,4
DA:17,0
DA:25,4
DA:26,4
DA:28,4
DA:32,3
DA:33,3
LF:13
LH:11
BRDA:6,0,0,0
BRDA:6,0,1,4
BRDA:11,1,0,4
BRDA:11,1,1,0
BRF:4
BRH:2
end_of_record
TN:
SF:src/sign/jwt-data-signer.ts
FN:7,(anonymous_0)
FN:23,(anonymous_1)
FN:37,(anonymous_2)
FN:41,(anonymous_3)
FN:52,(anonymous_4)
FNF:5
FNH:5
FNDA:7,(anonymous_0)
FNDA:7,(anonymous_1)
FNDA:3,(anonymous_2)
FNDA:3,(anonymous_3)
FNDA:3,(anonymous_4)
DA:1,1
DA:2,1
DA:8,7
DA:10,7
DA:12,7
DA:13,0
DA:18,7
DA:19,7
DA:20,7
DA:24,7
DA:25,1
DA:27,1
DA:29,0
DA:32,0
DA:38,3
DA:42,3
DA:43,3
DA:46,1
DA:48,2
DA:53,3
DA:54,3
DA:55,3
DA:57,0
LF:23
LH:19
BRDA:7,0,0,7
BRDA:7,1,0,7
BRDA:12,2,0,0
BRDA:12,3,0,7
BRDA:12,3,1,7
BRDA:24,4,0,1
BRDA:46,5,0,1
BRDA:46,5,1,0
BRDA:46,6,0,1
BRDA:46,6,1,1
BRDA:55,7,0,2
BRDA:55,7,1,1
BRDA:55,8,0,3
BRDA:55,8,1,2
BRF:14
BRH:12
end_of_record
