<?xml version="1.0" encoding="UTF-8"?>
<coverage generated="1780280258778" clover="3.2.0">
  <project timestamp="1780280258778" name="All files">
    <metrics statements="17" coveredstatements="16" conditionals="7" coveredconditionals="7" methods="9" coveredmethods="9" elements="33" coveredelements="32" complexity="0" loc="17" ncloc="17" packages="1" files="2" classes="2"/>
    <file name="ephemera-db.ts" path="/Users/guillermo/project/misa/archi-code-core/packages/ephemeraDB/src/ephemera-db.ts">
      <metrics statements="16" coveredstatements="16" conditionals="7" coveredconditionals="7" methods="9" coveredmethods="9"/>
      <line num="1" count="1" type="stmt"/>
      <line num="2" count="8" type="stmt"/>
      <line num="5" count="4" type="cond" truecount="4" falsecount="0"/>
      <line num="9" count="8" type="stmt"/>
      <line num="10" count="8" type="cond" truecount="2" falsecount="0"/>
      <line num="11" count="1" type="stmt"/>
      <line num="13" count="7" type="stmt"/>
      <line num="15" count="8" type="stmt"/>
      <line num="19" count="3" type="stmt"/>
      <line num="23" count="2" type="stmt"/>
      <line num="24" count="2" type="cond" truecount="1" falsecount="0"/>
      <line num="25" count="1" type="stmt"/>
      <line num="26" count="1" type="stmt"/>
      <line num="28" count="1" type="stmt"/>
      <line num="32" count="1" type="stmt"/>
      <line num="33" count="1" type="stmt"/>
    </file>
    <file name="index.ts" path="/Users/guillermo/project/misa/archi-code-core/packages/ephemeraDB/src/index.ts">
      <metrics statements="1" coveredstatements="0" conditionals="0" coveredconditionals="0" methods="0" coveredmethods="0"/>
      <line num="1" count="0" type="stmt"/>
    </file>
  </project>
</coverage>
