{"/Users/guillermo/project/misa/archi-code-core/packages/ephemeraDB/src/ephemera-db.ts": {"path":"/Users/guillermo/project/misa/archi-code-core/packages/ephemeraDB/src/ephemera-db.ts","statementMap":{"0":{"start":{"line":2,"column":10},"end":{"line":2,"column":26}},"1":{"start":{"line":5,"column":4},"end":{"line":5,"column":80}},"2":{"start":{"line":5,"column":54},"end":{"line":5,"column":69}},"3":{"start":{"line":9,"column":18},"end":{"line":9,"column":85}},"4":{"start":{"line":9,"column":57},"end":{"line":9,"column":84}},"5":{"start":{"line":10,"column":4},"end":{"line":14,"column":5}},"6":{"start":{"line":11,"column":6},"end":{"line":11,"column":31}},"7":{"start":{"line":13,"column":6},"end":{"line":13,"column":28}},"8":{"start":{"line":15,"column":4},"end":{"line":15,"column":29}},"9":{"start":{"line":19,"column":4},"end":{"line":19,"column":44}},"10":{"start":{"line":23,"column":18},"end":{"line":23,"column":64}},"11":{"start":{"line":23,"column":49},"end":{"line":23,"column":63}},"12":{"start":{"line":24,"column":4},"end":{"line":27,"column":5}},"13":{"start":{"line":25,"column":6},"end":{"line":25,"column":34}},"14":{"start":{"line":26,"column":6},"end":{"line":26,"column":35}},"15":{"start":{"line":28,"column":4},"end":{"line":28,"column":34}},"16":{"start":{"line":32,"column":4},"end":{"line":32,"column":20}},"17":{"start":{"line":33,"column":4},"end":{"line":33,"column":29}},"18":{"start":{"line":1,"column":0},"end":{"line":1,"column":13}}},"fnMap":{"0":{"name":"(anonymous_0)","decl":{"start":{"line":1,"column":0},"end":{"line":1,"column":13}},"loc":{"start":{"line":1,"column":0},"end":{"line":35,"column":1}}},"1":{"name":"(anonymous_1)","decl":{"start":{"line":4,"column":2},"end":{"line":4,"column":10}},"loc":{"start":{"line":4,"column":21},"end":{"line":6,"column":3}}},"2":{"name":"(anonymous_2)","decl":{"start":{"line":5,"column":43},"end":{"line":5,"column":44}},"loc":{"start":{"line":5,"column":54},"end":{"line":5,"column":69}}},"3":{"name":"(anonymous_3)","decl":{"start":{"line":8,"column":2},"end":{"line":8,"column":9}},"loc":{"start":{"line":8,"column":17},"end":{"line":16,"column":3}}},"4":{"name":"(anonymous_4)","decl":{"start":{"line":9,"column":39},"end":{"line":9,"column":40}},"loc":{"start":{"line":9,"column":57},"end":{"line":9,"column":84}}},"5":{"name":"(anonymous_5)","decl":{"start":{"line":18,"column":2},"end":{"line":18,"column":9}},"loc":{"start":{"line":18,"column":9},"end":{"line":20,"column":3}}},"6":{"name":"(anonymous_6)","decl":{"start":{"line":22,"column":2},"end":{"line":22,"column":8}},"loc":{"start":{"line":22,"column":19},"end":{"line":29,"column":3}}},"7":{"name":"(anonymous_7)","decl":{"start":{"line":23,"column":39},"end":{"line":23,"column":40}},"loc":{"start":{"line":23,"column":49},"end":{"line":23,"column":63}}},"8":{"name":"(anonymous_8)","decl":{"start":{"line":31,"column":2},"end":{"line":31,"column":7}},"loc":{"start":{"line":31,"column":7},"end":{"line":34,"column":3}}}},"branchMap":{"0":{"loc":{"start":{"line":5,"column":27},"end":{"line":5,"column":78}},"type":"cond-expr","locations":[{"start":{"line":5,"column":70},"end":{"line":5,"column":74}},{"start":{"line":5,"column":74},"end":{"line":5,"column":78}}]},"1":{"loc":{"start":{"line":5,"column":27},"end":{"line":5,"column":74}},"type":"binary-expr","locations":[{"start":{"line":5,"column":27},"end":{"line":5,"column":74}},{"start":{"line":5,"column":70},"end":{"line":5,"column":74}}]},"2":{"loc":{"start":{"line":10,"column":4},"end":{"line":14,"column":5}},"type":"if","locations":[{"start":{"line":10,"column":4},"end":{"line":14,"column":5}},{"start":{"line":12,"column":11},"end":{"line":14,"column":5}}]},"3":{"loc":{"start":{"line":24,"column":4},"end":{"line":27,"column":5}},"type":"if","locations":[{"start":{"line":24,"column":4},"end":{"line":27,"column":5}}]}},"s":{"0":8,"1":4,"2":2,"3":8,"4":3,"5":8,"6":1,"7":7,"8":8,"9":3,"10":2,"11":1,"12":2,"13":1,"14":1,"15":1,"16":1,"17":1,"18":1},"f":{"0":8,"1":4,"2":2,"3":8,"4":3,"5":3,"6":2,"7":1,"8":1},"b":{"0":[2,2],"1":[4,4],"2":[1,7],"3":[1]}}
,"/Users/guillermo/project/misa/archi-code-core/packages/ephemeraDB/src/index.ts": {"path":"/Users/guillermo/project/misa/archi-code-core/packages/ephemeraDB/src/index.ts","statementMap":{"0":{"start":{"line":1,"column":0},"end":{"line":1,"column":30}}},"fnMap":{},"branchMap":{},"s":{"0":0},"f":{},"b":{}}
}
