TN:
SF:src/ephemera-db.ts
FN:1,(anonymous_0)
FN:4,(anonymous_1)
FN:5,(anonymous_2)
FN:8,(anonymous_3)
FN:9,(anonymous_4)
FN:18,(anonymous_5)
FN:22,(anonymous_6)
FN:23,(anonymous_7)
FN:31,(anonymous_8)
FNF:9
FNH:9
FNDA:8,(anonymous_0)
FNDA:4,(anonymous_1)
FNDA:2,(anonymous_2)
FNDA:8,(anonymous_3)
FNDA:3,(anonymous_4)
FNDA:3,(anonymous_5)
FNDA:2,(anonymous_6)
FNDA:1,(anonymous_7)
FNDA:1,(anonymous_8)
DA:1,1
DA:2,8
DA:5,4
DA:9,8
DA:10,8
DA:11,1
DA:13,7
DA:15,8
DA:19,3
DA:23,2
DA:24,2
DA:25,1
DA:26,1
DA:28,1
DA:32,1
DA:33,1
LF:16
LH:16
BRDA:5,0,0,2
BRDA:5,0,1,2
BRDA:5,1,0,4
BRDA:5,1,1,4
BRDA:10,2,0,1
BRDA:10,2,1,7
BRDA:24,3,0,1
BRF:7
BRH:7
end_of_record
TN:
SF:src/index.ts
FNF:0
FNH:0
DA:1,0
LF:1
LH:0
BRF:0
BRH:0
end_of_record
