<?xml version="1.0" encoding="UTF-8"?>
<coverage generated="1780280256777" clover="3.2.0">
  <project timestamp="1780280256777" name="All files">
    <metrics statements="745" coveredstatements="672" conditionals="289" coveredconditionals="249" methods="252" coveredmethods="205" elements="1286" coveredelements="1126" complexity="0" loc="745" ncloc="745" packages="15" files="45" classes="45"/>
    <package name="src">
      <metrics statements="10" coveredstatements="0" conditionals="0" coveredconditionals="0" methods="0" coveredmethods="0"/>
      <file name="index.ts" path="/Users/guillermo/project/misa/archi-code-core/packages/domain/src/index.ts">
        <metrics statements="10" coveredstatements="0" conditionals="0" coveredconditionals="0" methods="0" coveredmethods="0"/>
        <line num="1" count="0" type="stmt"/>
        <line num="2" count="0" type="stmt"/>
        <line num="3" count="0" type="stmt"/>
        <line num="4" count="0" type="stmt"/>
        <line num="5" count="0" type="stmt"/>
        <line num="6" count="0" type="stmt"/>
        <line num="7" count="0" type="stmt"/>
        <line num="8" count="0" type="stmt"/>
        <line num="9" count="0" type="stmt"/>
        <line num="10" count="0" type="stmt"/>
      </file>
    </package>
    <package name="src.aggregate">
      <metrics statements="20" coveredstatements="19" conditionals="7" coveredconditionals="7" methods="5" coveredmethods="5"/>
      <file name="aggregate-root.ts" path="/Users/guillermo/project/misa/archi-code-core/packages/domain/src/aggregate/aggregate-root.ts">
        <metrics statements="6" coveredstatements="6" conditionals="0" coveredconditionals="0" methods="3" coveredmethods="3"/>
        <line num="3" count="3" type="stmt"/>
        <line num="4" count="1" type="stmt"/>
        <line num="7" count="1" type="stmt"/>
        <line num="11" count="2" type="stmt"/>
        <line num="12" count="2" type="stmt"/>
        <line num="13" count="2" type="stmt"/>
      </file>
      <file name="aggregate-types.ts" path="/Users/guillermo/project/misa/archi-code-core/packages/domain/src/aggregate/aggregate-types.ts">
        <metrics statements="14" coveredstatements="13" conditionals="7" coveredconditionals="7" methods="2" coveredmethods="2"/>
        <line num="2" count="1" type="stmt"/>
        <line num="3" count="1" type="stmt"/>
        <line num="5" count="1" type="stmt"/>
        <line num="9" count="23" type="stmt"/>
        <line num="16" count="102" type="stmt"/>
        <line num="17" count="102" type="cond" truecount="2" falsecount="0"/>
        <line num="18" count="102" type="cond" truecount="3" falsecount="0"/>
        <line num="19" count="9" type="cond" truecount="1" falsecount="0"/>
        <line num="20" count="9" type="stmt"/>
        <line num="22" count="0" type="stmt"/>
        <line num="24" count="93" type="stmt"/>
        <line num="25" count="91" type="cond" truecount="1" falsecount="0"/>
        <line num="26" count="16" type="stmt"/>
        <line num="30" count="75" type="stmt"/>
      </file>
    </package>
    <package name="src.builder">
      <metrics statements="15" coveredstatements="15" conditionals="5" coveredconditionals="5" methods="4" coveredmethods="4"/>
      <file name="builder.ts" path="/Users/guillermo/project/misa/archi-code-core/packages/domain/src/builder/builder.ts">
        <metrics statements="15" coveredstatements="15" conditionals="5" coveredconditionals="5" methods="4" coveredmethods="4"/>
        <line num="9" count="1" type="stmt"/>
        <line num="14" count="22" type="cond" truecount="1" falsecount="0"/>
        <line num="15" count="1" type="stmt"/>
        <line num="17" count="21" type="cond" truecount="2" falsecount="0"/>
        <line num="19" count="21" type="stmt"/>
        <line num="23" count="49" type="cond" truecount="1" falsecount="0"/>
        <line num="24" count="23" type="stmt"/>
        <line num="25" count="23" type="cond" truecount="1" falsecount="0"/>
        <line num="26" count="3" type="stmt"/>
        <line num="28" count="23" type="stmt"/>
        <line num="29" count="23" type="stmt"/>
        <line num="33" count="26" type="stmt"/>
        <line num="34" count="26" type="stmt"/>
        <line num="35" count="26" type="stmt"/>
        <line num="41" count="21" type="stmt"/>
      </file>
    </package>
    <package name="src.event">
      <metrics statements="1" coveredstatements="1" conditionals="0" coveredconditionals="0" methods="0" coveredmethods="0"/>
      <file name="event-base.ts" path="/Users/guillermo/project/misa/archi-code-core/packages/domain/src/event/event-base.ts">
        <metrics statements="1" coveredstatements="1" conditionals="0" coveredconditionals="0" methods="0" coveredmethods="0"/>
        <line num="1" count="2" type="stmt"/>
      </file>
    </package>
    <package name="src.exceptions">
      <metrics statements="34" coveredstatements="34" conditionals="8" coveredconditionals="7" methods="8" coveredmethods="8"/>
      <file name="abstract.exception.ts" path="/Users/guillermo/project/misa/archi-code-core/packages/domain/src/exceptions/abstract.exception.ts">
        <metrics statements="18" coveredstatements="18" conditionals="6" coveredconditionals="5" methods="7" coveredmethods="7"/>
        <line num="1" count="17" type="stmt"/>
        <line num="3" count="17" type="stmt"/>
        <line num="9" count="517" type="stmt"/>
        <line num="10" count="517" type="stmt"/>
        <line num="11" count="517" type="stmt"/>
        <line num="12" count="517" type="stmt"/>
        <line num="16" count="517" type="stmt"/>
        <line num="17" count="517" type="stmt"/>
        <line num="20" count="17" type="stmt"/>
        <line num="21" count="136" type="stmt"/>
        <line num="24" count="136" type="stmt"/>
        <line num="25" count="136" type="stmt"/>
        <line num="26" count="136" type="stmt"/>
        <line num="32" count="11" type="stmt"/>
        <line num="34" count="16" type="cond" truecount="4" falsecount="0"/>
        <line num="35" count="16" type="stmt"/>
        <line num="41" count="1" type="stmt"/>
        <line num="51" count="1" type="stmt"/>
      </file>
      <file name="exception-code.ts" path="/Users/guillermo/project/misa/archi-code-core/packages/domain/src/exceptions/exception-code.ts">
        <metrics statements="9" coveredstatements="9" conditionals="2" coveredconditionals="2" methods="1" coveredmethods="1"/>
        <line num="2" count="17" type="cond" truecount="2" falsecount="0"/>
        <line num="4" count="17" type="stmt"/>
        <line num="5" count="17" type="stmt"/>
        <line num="6" count="17" type="stmt"/>
        <line num="7" count="17" type="stmt"/>
        <line num="14" count="17" type="stmt"/>
        <line num="21" count="17" type="stmt"/>
        <line num="22" count="17" type="stmt"/>
        <line num="31" count="17" type="stmt"/>
      </file>
      <file name="index.ts" path="/Users/guillermo/project/misa/archi-code-core/packages/domain/src/exceptions/index.ts">
        <metrics statements="7" coveredstatements="7" conditionals="0" coveredconditionals="0" methods="0" coveredmethods="0"/>
        <line num="1" count="10" type="stmt"/>
        <line num="2" count="10" type="stmt"/>
        <line num="3" count="10" type="stmt"/>
        <line num="4" count="10" type="stmt"/>
        <line num="5" count="10" type="stmt"/>
        <line num="6" count="10" type="stmt"/>
        <line num="7" count="10" type="stmt"/>
      </file>
    </package>
    <package name="src.exceptions.application">
      <metrics statements="4" coveredstatements="4" conditionals="1" coveredconditionals="1" methods="1" coveredmethods="1"/>
      <file name="application.exception.ts" path="/Users/guillermo/project/misa/archi-code-core/packages/domain/src/exceptions/application/application.exception.ts">
        <metrics statements="4" coveredstatements="4" conditionals="1" coveredconditionals="1" methods="1" coveredmethods="1"/>
        <line num="1" count="11" type="stmt"/>
        <line num="2" count="11" type="stmt"/>
        <line num="4" count="11" type="stmt"/>
        <line num="6" count="2" type="stmt"/>
      </file>
    </package>
    <package name="src.exceptions.domain">
      <metrics statements="19" coveredstatements="19" conditionals="3" coveredconditionals="3" methods="4" coveredmethods="4"/>
      <file name="aggregate-not-found.exception.ts" path="/Users/guillermo/project/misa/archi-code-core/packages/domain/src/exceptions/domain/aggregate-not-found.exception.ts">
        <metrics statements="4" coveredstatements="4" conditionals="0" coveredconditionals="0" methods="1" coveredmethods="1"/>
        <line num="1" count="11" type="stmt"/>
        <line num="2" count="11" type="stmt"/>
        <line num="4" count="11" type="stmt"/>
        <line num="6" count="1" type="stmt"/>
      </file>
      <file name="domain.exception.ts" path="/Users/guillermo/project/misa/archi-code-core/packages/domain/src/exceptions/domain/domain.exception.ts">
        <metrics statements="4" coveredstatements="4" conditionals="1" coveredconditionals="1" methods="1" coveredmethods="1"/>
        <line num="1" count="14" type="stmt"/>
        <line num="2" count="14" type="stmt"/>
        <line num="4" count="14" type="stmt"/>
        <line num="6" count="512" type="stmt"/>
      </file>
      <file name="type-primitive.exception.ts" path="/Users/guillermo/project/misa/archi-code-core/packages/domain/src/exceptions/domain/type-primitive.exception.ts">
        <metrics statements="7" coveredstatements="7" conditionals="2" coveredconditionals="2" methods="1" coveredmethods="1"/>
        <line num="1" count="14" type="stmt"/>
        <line num="2" count="14" type="stmt"/>
        <line num="3" count="14" type="stmt"/>
        <line num="5" count="14" type="stmt"/>
        <line num="7" count="482" type="cond" truecount="1" falsecount="0"/>
        <line num="8" count="113" type="stmt"/>
        <line num="10" count="482" type="stmt"/>
      </file>
      <file name="validation.exception.ts" path="/Users/guillermo/project/misa/archi-code-core/packages/domain/src/exceptions/domain/validation.exception.ts">
        <metrics statements="4" coveredstatements="4" conditionals="0" coveredconditionals="0" methods="1" coveredmethods="1"/>
        <line num="1" count="11" type="stmt"/>
        <line num="2" count="11" type="stmt"/>
        <line num="4" count="11" type="stmt"/>
        <line num="6" count="1" type="stmt"/>
      </file>
    </package>
    <package name="src.exceptions.infrastructure">
      <metrics statements="8" coveredstatements="8" conditionals="1" coveredconditionals="1" methods="2" coveredmethods="2"/>
      <file name="infrastructure.exception.ts" path="/Users/guillermo/project/misa/archi-code-core/packages/domain/src/exceptions/infrastructure/infrastructure.exception.ts">
        <metrics statements="4" coveredstatements="4" conditionals="1" coveredconditionals="1" methods="1" coveredmethods="1"/>
        <line num="1" count="11" type="stmt"/>
        <line num="2" count="11" type="stmt"/>
        <line num="4" count="11" type="stmt"/>
        <line num="6" count="2" type="stmt"/>
      </file>
      <file name="internal-error.exception.ts" path="/Users/guillermo/project/misa/archi-code-core/packages/domain/src/exceptions/infrastructure/internal-error.exception.ts">
        <metrics statements="4" coveredstatements="4" conditionals="0" coveredconditionals="0" methods="1" coveredmethods="1"/>
        <line num="1" count="11" type="stmt"/>
        <line num="2" count="11" type="stmt"/>
        <line num="4" count="11" type="stmt"/>
        <line num="6" count="1" type="stmt"/>
      </file>
    </package>
    <package name="src.level">
      <metrics statements="21" coveredstatements="21" conditionals="15" coveredconditionals="15" methods="4" coveredmethods="4"/>
      <file name="level.decorator.ts" path="/Users/guillermo/project/misa/archi-code-core/packages/domain/src/level/level.decorator.ts">
        <metrics statements="21" coveredstatements="21" conditionals="15" coveredconditionals="15" methods="4" coveredmethods="4"/>
        <line num="1" count="12" type="stmt"/>
        <line num="3" count="12" type="stmt"/>
        <line num="5" count="12" type="stmt"/>
        <line num="6" count="21" type="stmt"/>
        <line num="7" count="21" type="stmt"/>
        <line num="9" count="21" type="cond" truecount="1" falsecount="0"/>
        <line num="10" count="15" type="stmt"/>
        <line num="13" count="15" type="cond" truecount="1" falsecount="0"/>
        <line num="14" count="1" type="stmt"/>
        <line num="20" count="14" type="stmt"/>
        <line num="21" count="14" type="cond" truecount="1" falsecount="0"/>
        <line num="22" count="1" type="stmt"/>
        <line num="30" count="12" type="stmt"/>
        <line num="31" count="160" type="cond" truecount="4" falsecount="0"/>
        <line num="44" count="12" type="stmt"/>
        <line num="46" count="140" type="cond" truecount="3" falsecount="0"/>
        <line num="47" count="21" type="stmt"/>
        <line num="51" count="140" type="cond" truecount="3" falsecount="0"/>
        <line num="52" count="119" type="stmt"/>
        <line num="53" count="119" type="cond" truecount="2" falsecount="0"/>
        <line num="57" count="21" type="stmt"/>
      </file>
    </package>
    <package name="src.type">
      <metrics statements="180" coveredstatements="173" conditionals="102" coveredconditionals="87" methods="56" coveredmethods="47"/>
      <file name="abstract-array-type.ts" path="/Users/guillermo/project/misa/archi-code-core/packages/domain/src/type/abstract-array-type.ts">
        <metrics statements="41" coveredstatements="39" conditionals="54" coveredconditionals="45" methods="18" coveredmethods="16"/>
        <line num="1" count="10" type="stmt"/>
        <line num="2" count="10" type="stmt"/>
        <line num="3" count="10" type="stmt"/>
        <line num="7" count="10" type="stmt"/>
        <line num="14" count="91" type="cond" truecount="1" falsecount="0"/>
        <line num="15" count="22" type="stmt"/>
        <line num="17" count="69" type="cond" truecount="1" falsecount="0"/>
        <line num="18" count="11" type="stmt"/>
        <line num="20" count="67" type="stmt"/>
        <line num="24" count="18" type="cond" truecount="1" falsecount="0"/>
        <line num="25" count="5" type="stmt"/>
        <line num="27" count="13" type="stmt"/>
        <line num="30" count="14" type="stmt"/>
        <line num="35" count="16" type="cond" truecount="1" falsecount="0"/>
        <line num="36" count="5" type="stmt"/>
        <line num="38" count="11" type="stmt"/>
        <line num="40" count="11" type="cond" truecount="3" falsecount="1"/>
        <line num="41" count="12" type="stmt"/>
        <line num="42" count="12" type="cond" truecount="2" falsecount="0"/>
        <line num="44" count="12" type="cond" truecount="3" falsecount="1"/>
        <line num="45" count="11" type="cond" truecount="3" falsecount="0"/>
        <line num="46" count="4" type="cond" truecount="1" falsecount="1"/>
        <line num="47" count="4" type="stmt"/>
        <line num="49" count="0" type="stmt"/>
        <line num="52" count="11" type="stmt"/>
        <line num="56" count="0" type="cond" truecount="0" falsecount="2"/>
        <line num="60" count="41" type="cond" truecount="1" falsecount="0"/>
        <line num="61" count="6" type="stmt"/>
        <line num="63" count="41" type="cond" truecount="3" falsecount="1"/>
        <line num="67" count="17" type="cond" truecount="1" falsecount="0"/>
        <line num="68" count="6" type="stmt"/>
        <line num="70" count="17" type="cond" truecount="3" falsecount="1"/>
        <line num="74" count="19" type="stmt"/>
        <line num="75" count="25" type="cond" truecount="8" falsecount="0"/>
        <line num="79" count="11" type="cond" truecount="1" falsecount="0"/>
        <line num="80" count="2" type="stmt"/>
        <line num="82" count="9" type="stmt"/>
        <line num="83" count="9" type="cond" truecount="6" falsecount="2"/>
        <line num="87" count="6" type="cond" truecount="1" falsecount="0"/>
        <line num="88" count="3" type="stmt"/>
        <line num="90" count="3" type="stmt"/>
      </file>
      <file name="abstract-boolean-type.ts" path="/Users/guillermo/project/misa/archi-code-core/packages/domain/src/type/abstract-boolean-type.ts">
        <metrics statements="14" coveredstatements="14" conditionals="5" coveredconditionals="5" methods="1" coveredmethods="1"/>
        <line num="1" count="10" type="stmt"/>
        <line num="2" count="10" type="stmt"/>
        <line num="3" count="10" type="stmt"/>
        <line num="4" count="10" type="stmt"/>
        <line num="5" count="10" type="stmt"/>
        <line num="8" count="10" type="stmt"/>
        <line num="13" count="165" type="cond" truecount="1" falsecount="0"/>
        <line num="14" count="14" type="stmt"/>
        <line num="16" count="151" type="cond" truecount="1" falsecount="0"/>
        <line num="17" count="51" type="stmt"/>
        <line num="19" count="100" type="cond" truecount="1" falsecount="0"/>
        <line num="20" count="72" type="stmt"/>
        <line num="21" count="72" type="cond" truecount="2" falsecount="0"/>
        <line num="23" count="28" type="stmt"/>
      </file>
      <file name="abstract-date-type.ts" path="/Users/guillermo/project/misa/archi-code-core/packages/domain/src/type/abstract-date-type.ts">
        <metrics statements="12" coveredstatements="12" conditionals="6" coveredconditionals="6" methods="2" coveredmethods="2"/>
        <line num="1" count="10" type="stmt"/>
        <line num="2" count="10" type="stmt"/>
        <line num="3" count="10" type="stmt"/>
        <line num="4" count="10" type="stmt"/>
        <line num="5" count="10" type="stmt"/>
        <line num="8" count="10" type="stmt"/>
        <line num="13" count="105" type="cond" truecount="1" falsecount="0"/>
        <line num="14" count="12" type="stmt"/>
        <line num="16" count="93" type="cond" truecount="1" falsecount="0"/>
        <line num="17" count="55" type="stmt"/>
        <line num="19" count="38" type="cond" truecount="2" falsecount="0"/>
        <line num="23" count="4" type="cond" truecount="2" falsecount="0"/>
      </file>
      <file name="abstract-enum-type.ts" path="/Users/guillermo/project/misa/archi-code-core/packages/domain/src/type/abstract-enum-type.ts">
        <metrics statements="9" coveredstatements="9" conditionals="2" coveredconditionals="2" methods="1" coveredmethods="1"/>
        <line num="1" count="11" type="stmt"/>
        <line num="2" count="11" type="stmt"/>
        <line num="4" count="11" type="stmt"/>
        <line num="11" count="128" type="cond" truecount="1" falsecount="0"/>
        <line num="12" count="11" type="stmt"/>
        <line num="14" count="117" type="stmt"/>
        <line num="15" count="117" type="cond" truecount="1" falsecount="0"/>
        <line num="16" count="93" type="stmt"/>
        <line num="19" count="24" type="stmt"/>
      </file>
      <file name="abstract-json-type.ts" path="/Users/guillermo/project/misa/archi-code-core/packages/domain/src/type/abstract-json-type.ts">
        <metrics statements="11" coveredstatements="11" conditionals="4" coveredconditionals="4" methods="1" coveredmethods="1"/>
        <line num="1" count="11" type="stmt"/>
        <line num="2" count="11" type="stmt"/>
        <line num="3" count="11" type="stmt"/>
        <line num="4" count="11" type="stmt"/>
        <line num="5" count="11" type="stmt"/>
        <line num="10" count="11" type="stmt"/>
        <line num="15" count="87" type="cond" truecount="1" falsecount="0"/>
        <line num="16" count="12" type="stmt"/>
        <line num="18" count="75" type="cond" truecount="1" falsecount="0"/>
        <line num="19" count="59" type="stmt"/>
        <line num="21" count="16" type="cond" truecount="2" falsecount="0"/>
      </file>
      <file name="abstract-number-type.ts" path="/Users/guillermo/project/misa/archi-code-core/packages/domain/src/type/abstract-number-type.ts">
        <metrics statements="12" coveredstatements="12" conditionals="4" coveredconditionals="3" methods="1" coveredmethods="1"/>
        <line num="1" count="10" type="stmt"/>
        <line num="2" count="10" type="stmt"/>
        <line num="3" count="10" type="stmt"/>
        <line num="4" count="10" type="stmt"/>
        <line num="5" count="10" type="stmt"/>
        <line num="8" count="10" type="stmt"/>
        <line num="13" count="368" type="cond" truecount="1" falsecount="0"/>
        <line num="14" count="14" type="stmt"/>
        <line num="17" count="354" type="cond" truecount="1" falsecount="0"/>
        <line num="18" count="86" type="stmt"/>
        <line num="20" count="268" type="stmt"/>
        <line num="21" count="268" type="cond" truecount="1" falsecount="1"/>
      </file>
      <file name="abstract-string-type.ts" path="/Users/guillermo/project/misa/archi-code-core/packages/domain/src/type/abstract-string-type.ts">
        <metrics statements="13" coveredstatements="12" conditionals="5" coveredconditionals="2" methods="1" coveredmethods="1"/>
        <line num="1" count="10" type="stmt"/>
        <line num="2" count="10" type="stmt"/>
        <line num="3" count="10" type="stmt"/>
        <line num="5" count="10" type="stmt"/>
        <line num="6" count="10" type="stmt"/>
        <line num="9" count="10" type="stmt"/>
        <line num="14" count="246" type="cond" truecount="1" falsecount="0"/>
        <line num="15" count="44" type="stmt"/>
        <line num="18" count="202" type="cond" truecount="1" falsecount="0"/>
        <line num="19" count="53" type="stmt"/>
        <line num="21" count="149" type="cond" truecount="0" falsecount="1"/>
        <line num="22" count="0" type="cond" truecount="0" falsecount="2"/>
        <line num="24" count="149" type="stmt"/>
      </file>
      <file name="abstract-type.ts" path="/Users/guillermo/project/misa/archi-code-core/packages/domain/src/type/abstract-type.ts">
        <metrics statements="18" coveredstatements="17" conditionals="14" coveredconditionals="12" methods="11" coveredmethods="11"/>
        <line num="1" count="14" type="stmt"/>
        <line num="3" count="14" type="stmt"/>
        <line num="5" count="14" type="stmt"/>
        <line num="12" count="1349" type="cond" truecount="4" falsecount="0"/>
        <line num="16" count="497" type="stmt"/>
        <line num="20" count="100" type="stmt"/>
        <line num="24" count="1" type="stmt"/>
        <line num="28" count="132" type="stmt"/>
        <line num="32" count="53" type="stmt"/>
        <line num="33" count="53" type="stmt"/>
        <line num="34" count="38" type="cond" truecount="1" falsecount="0"/>
        <line num="35" count="38" type="stmt"/>
        <line num="37" count="79" type="stmt"/>
        <line num="41" count="79" type="stmt"/>
        <line num="43" count="0" type="stmt"/>
        <line num="45" count="53" type="cond" truecount="2" falsecount="0"/>
        <line num="49" count="53" type="stmt"/>
        <line num="53" count="25" type="cond" truecount="2" falsecount="0"/>
      </file>
      <file name="abstract-uuid-type.ts" path="/Users/guillermo/project/misa/archi-code-core/packages/domain/src/type/abstract-uuid-type.ts">
        <metrics statements="14" coveredstatements="14" conditionals="3" coveredconditionals="3" methods="3" coveredmethods="3"/>
        <line num="1" count="10" type="stmt"/>
        <line num="2" count="10" type="stmt"/>
        <line num="3" count="10" type="stmt"/>
        <line num="4" count="10" type="stmt"/>
        <line num="5" count="10" type="stmt"/>
        <line num="7" count="10" type="stmt"/>
        <line num="10" count="10" type="stmt"/>
        <line num="15" count="4" type="stmt"/>
        <line num="19" count="8" type="stmt"/>
        <line num="23" count="152" type="cond" truecount="1" falsecount="0"/>
        <line num="24" count="16" type="stmt"/>
        <line num="27" count="136" type="cond" truecount="1" falsecount="0"/>
        <line num="28" count="84" type="stmt"/>
        <line num="31" count="52" type="stmt"/>
      </file>
      <file name="index.ts" path="/Users/guillermo/project/misa/archi-code-core/packages/domain/src/type/index.ts">
        <metrics statements="36" coveredstatements="33" conditionals="5" coveredconditionals="5" methods="17" coveredmethods="10"/>
        <line num="1" count="10" type="stmt"/>
        <line num="2" count="10" type="stmt"/>
        <line num="3" count="10" type="stmt"/>
        <line num="4" count="10" type="stmt"/>
        <line num="5" count="10" type="stmt"/>
        <line num="6" count="10" type="stmt"/>
        <line num="8" count="11" type="stmt"/>
        <line num="9" count="10" type="stmt"/>
        <line num="10" count="10" type="stmt"/>
        <line num="11" count="12" type="stmt"/>
        <line num="12" count="10" type="stmt"/>
        <line num="13" count="13" type="stmt"/>
        <line num="14" count="11" type="stmt"/>
        <line num="15" count="16" type="stmt"/>
        <line num="16" count="10" type="stmt"/>
        <line num="20" count="10" type="stmt"/>
        <line num="22" count="88" type="stmt"/>
        <line num="27" count="10" type="stmt"/>
        <line num="32" count="10" type="stmt"/>
        <line num="34" count="57" type="stmt"/>
        <line num="39" count="10" type="stmt"/>
        <line num="41" count="10" type="stmt"/>
        <line num="43" count="0" type="stmt"/>
        <line num="47" count="10" type="stmt"/>
        <line num="49" count="0" type="stmt"/>
        <line num="53" count="0" type="stmt"/>
        <line num="60" count="10" type="stmt"/>
        <line num="62" count="51" type="stmt"/>
        <line num="67" count="10" type="stmt"/>
        <line num="70" count="10" type="stmt"/>
        <line num="74" count="10" type="stmt"/>
        <line num="76" count="62" type="stmt"/>
        <line num="81" count="10" type="stmt"/>
        <line num="85" count="10" type="stmt"/>
        <line num="87" count="55" type="stmt"/>
        <line num="92" count="10" type="stmt"/>
      </file>
    </package>
    <package name="src.validator">
      <metrics statements="10" coveredstatements="10" conditionals="0" coveredconditionals="0" methods="0" coveredmethods="0"/>
      <file name="index.ts" path="/Users/guillermo/project/misa/archi-code-core/packages/domain/src/validator/index.ts">
        <metrics statements="10" coveredstatements="10" conditionals="0" coveredconditionals="0" methods="0" coveredmethods="0"/>
        <line num="1" count="11" type="stmt"/>
        <line num="2" count="11" type="stmt"/>
        <line num="3" count="11" type="stmt"/>
        <line num="4" count="11" type="stmt"/>
        <line num="5" count="11" type="stmt"/>
        <line num="6" count="11" type="stmt"/>
        <line num="7" count="11" type="stmt"/>
        <line num="8" count="11" type="stmt"/>
        <line num="9" count="11" type="stmt"/>
        <line num="10" count="11" type="stmt"/>
      </file>
    </package>
    <package name="src.validator.decorator">
      <metrics statements="277" coveredstatements="229" conditionals="87" coveredconditionals="66" methods="131" coveredmethods="94"/>
      <file name="json-fotmat-validate.ts" path="/Users/guillermo/project/misa/archi-code-core/packages/domain/src/validator/decorator/json-fotmat-validate.ts">
        <metrics statements="2" coveredstatements="2" conditionals="0" coveredconditionals="0" methods="0" coveredmethods="0"/>
        <line num="1" count="12" type="stmt"/>
        <line num="3" count="12" type="stmt"/>
      </file>
      <file name="type-validator.ts" path="/Users/guillermo/project/misa/archi-code-core/packages/domain/src/validator/decorator/type-validator.ts">
        <metrics statements="49" coveredstatements="48" conditionals="19" coveredconditionals="17" methods="11" coveredmethods="11"/>
        <line num="1" count="14" type="stmt"/>
        <line num="2" count="14" type="stmt"/>
        <line num="3" count="14" type="stmt"/>
        <line num="4" count="14" type="stmt"/>
        <line num="6" count="14" type="stmt"/>
        <line num="13" count="359" type="stmt"/>
        <line num="15" count="395" type="cond" truecount="4" falsecount="0"/>
        <line num="16" count="240" type="stmt"/>
        <line num="17" count="240" type="cond" truecount="0" falsecount="1"/>
        <line num="18" count="0" type="stmt"/>
        <line num="21" count="155" type="stmt"/>
        <line num="24" count="395" type="cond" truecount="2" falsecount="0"/>
        <line num="25" count="37" type="stmt"/>
        <line num="27" count="358" type="stmt"/>
        <line num="30" count="359" type="stmt"/>
        <line num="34" count="219" type="stmt"/>
        <line num="35" count="219" type="cond" truecount="3" falsecount="0"/>
        <line num="36" count="216" type="stmt"/>
        <line num="40" count="216" type="cond" truecount="1" falsecount="0"/>
        <line num="41" count="140" type="stmt"/>
        <line num="46" count="14" type="stmt"/>
        <line num="50" count="219" type="stmt"/>
        <line num="51" count="219" type="stmt"/>
        <line num="52" count="219" type="stmt"/>
        <line num="53" count="219" type="stmt"/>
        <line num="54" count="219" type="stmt"/>
        <line num="55" count="219" type="stmt"/>
        <line num="60" count="62" type="stmt"/>
        <line num="61" count="62" type="cond" truecount="1" falsecount="0"/>
        <line num="62" count="62" type="stmt"/>
        <line num="63" count="62" type="stmt"/>
        <line num="64" count="62" type="cond" truecount="1" falsecount="0"/>
        <line num="65" count="62" type="stmt"/>
        <line num="67" count="164" type="stmt"/>
        <line num="75" count="62" type="stmt"/>
        <line num="79" count="62" type="stmt"/>
        <line num="80" count="62" type="stmt"/>
        <line num="82" count="62" type="cond" truecount="2" falsecount="0"/>
        <line num="84" count="184" type="stmt"/>
        <line num="85" count="184" type="stmt"/>
        <line num="88" count="62" type="stmt"/>
        <line num="91" count="14" type="stmt"/>
        <line num="95" count="337" type="stmt"/>
        <line num="96" count="337" type="cond" truecount="1" falsecount="0"/>
        <line num="97" count="275" type="stmt"/>
        <line num="99" count="62" type="stmt"/>
        <line num="100" count="62" type="stmt"/>
        <line num="101" count="92" type="stmt"/>
        <line num="103" count="62" type="cond" truecount="1" falsecount="1"/>
      </file>
      <file name="validation-storage.ts" path="/Users/guillermo/project/misa/archi-code-core/packages/domain/src/validator/decorator/validation-storage.ts">
        <metrics statements="28" coveredstatements="27" conditionals="28" coveredconditionals="23" methods="10" coveredmethods="9"/>
        <line num="3" count="15" type="stmt"/>
        <line num="9" count="15" type="stmt"/>
        <line num="10" count="15" type="stmt"/>
        <line num="14" count="890" type="cond" truecount="1" falsecount="0"/>
        <line num="15" count="15" type="stmt"/>
        <line num="17" count="890" type="stmt"/>
        <line num="21" count="0" type="stmt"/>
        <line num="25" count="92" type="stmt"/>
        <line num="29" count="800" type="cond" truecount="1" falsecount="0"/>
        <line num="30" count="236" type="stmt"/>
        <line num="33" count="800" type="stmt"/>
        <line num="37" count="362" type="stmt"/>
        <line num="38" count="362" type="cond" truecount="1" falsecount="0"/>
        <line num="39" count="221" type="stmt"/>
        <line num="41" count="362" type="stmt"/>
        <line num="42" count="362" type="cond" truecount="4" falsecount="1"/>
        <line num="43" count="221" type="cond" truecount="3" falsecount="1"/>
        <line num="45" count="362" type="cond" truecount="4" falsecount="2"/>
        <line num="46" count="362" type="cond" truecount="3" falsecount="1"/>
        <line num="50" count="438" type="stmt"/>
        <line num="51" count="438" type="cond" truecount="6" falsecount="0"/>
        <line num="55" count="1" type="stmt"/>
        <line num="57" count="1" type="stmt"/>
        <line num="58" count="2" type="stmt"/>
        <line num="59" count="2" type="stmt"/>
        <line num="60" count="2" type="stmt"/>
        <line num="61" count="2" type="stmt"/>
        <line num="65" count="1" type="stmt"/>
      </file>
      <file name="validators-doc.ts" path="/Users/guillermo/project/misa/archi-code-core/packages/domain/src/validator/decorator/validators-doc.ts">
        <metrics statements="196" coveredstatements="150" conditionals="40" coveredconditionals="26" methods="110" coveredmethods="74"/>
        <line num="3" count="15" type="stmt"/>
        <line num="7" count="15" type="stmt"/>
        <line num="8" count="15" type="stmt"/>
        <line num="11" count="308" type="cond" truecount="1" falsecount="0"/>
        <line num="12" count="15" type="stmt"/>
        <line num="14" count="308" type="stmt"/>
        <line num="17" count="15" type="stmt"/>
        <line num="19" count="31" type="stmt"/>
        <line num="22" count="32" type="stmt"/>
        <line num="23" count="32" type="stmt"/>
        <line num="26" count="18" type="stmt"/>
        <line num="29" count="37" type="stmt"/>
        <line num="32" count="43" type="stmt"/>
        <line num="35" count="4" type="stmt"/>
        <line num="36" count="4" type="cond" truecount="4" falsecount="2"/>
        <line num="41" count="15" type="stmt"/>
        <line num="43" count="7" type="stmt"/>
        <line num="44" count="7" type="stmt"/>
        <line num="47" count="9" type="stmt"/>
        <line num="48" count="9" type="stmt"/>
        <line num="51" count="3" type="stmt"/>
        <line num="52" count="3" type="stmt"/>
        <line num="55" count="1" type="stmt"/>
        <line num="56" count="1" type="stmt"/>
        <line num="59" count="1" type="stmt"/>
        <line num="60" count="1" type="stmt"/>
        <line num="63" count="1" type="stmt"/>
        <line num="66" count="7" type="stmt"/>
        <line num="69" count="9" type="stmt"/>
        <line num="72" count="3" type="stmt"/>
        <line num="75" count="1" type="stmt"/>
        <line num="80" count="15" type="stmt"/>
        <line num="82" count="20" type="stmt"/>
        <line num="83" count="20" type="stmt"/>
        <line num="86" count="6" type="stmt"/>
        <line num="87" count="6" type="stmt"/>
        <line num="90" count="1" type="stmt"/>
        <line num="91" count="1" type="cond" truecount="3" falsecount="0"/>
        <line num="92" count="1" type="stmt"/>
        <line num="93" count="1" type="stmt"/>
        <line num="97" count="3" type="stmt"/>
        <line num="98" count="3" type="stmt"/>
        <line num="101" count="1" type="stmt"/>
        <line num="102" count="1" type="stmt"/>
        <line num="105" count="1" type="stmt"/>
        <line num="106" count="1" type="stmt"/>
        <line num="109" count="1" type="stmt"/>
        <line num="110" count="1" type="stmt"/>
        <line num="113" count="90" type="stmt"/>
        <line num="114" count="90" type="stmt"/>
        <line num="117" count="1" type="stmt"/>
        <line num="118" count="1" type="stmt"/>
        <line num="121" count="0" type="stmt"/>
        <line num="122" count="0" type="stmt"/>
        <line num="125" count="1" type="stmt"/>
        <line num="126" count="1" type="stmt"/>
        <line num="129" count="1" type="stmt"/>
        <line num="130" count="1" type="stmt"/>
        <line num="133" count="1" type="stmt"/>
        <line num="134" count="1" type="stmt"/>
        <line num="139" count="15" type="stmt"/>
        <line num="141" count="2" type="stmt"/>
        <line num="142" count="2" type="stmt"/>
        <line num="143" count="2" type="stmt"/>
        <line num="146" count="1" type="stmt"/>
        <line num="147" count="1" type="stmt"/>
        <line num="148" count="1" type="stmt"/>
        <line num="151" count="1" type="stmt"/>
        <line num="152" count="1" type="stmt"/>
        <line num="155" count="1" type="stmt"/>
        <line num="156" count="1" type="stmt"/>
        <line num="159" count="1" type="stmt"/>
        <line num="160" count="1" type="stmt"/>
        <line num="163" count="1" type="stmt"/>
        <line num="164" count="1" type="stmt"/>
        <line num="169" count="15" type="stmt"/>
        <line num="171" count="18" type="stmt"/>
        <line num="172" count="18" type="cond" truecount="1" falsecount="0"/>
        <line num="173" count="18" type="stmt"/>
        <line num="177" count="1" type="stmt"/>
        <line num="180" count="1" type="stmt"/>
        <line num="183" count="2" type="stmt"/>
        <line num="184" count="2" type="stmt"/>
        <line num="187" count="7" type="stmt"/>
        <line num="188" count="7" type="stmt"/>
        <line num="191" count="1" type="stmt"/>
        <line num="192" count="1" type="stmt"/>
        <line num="195" count="1" type="stmt"/>
        <line num="196" count="1" type="stmt"/>
        <line num="201" count="15" type="stmt"/>
        <line num="203" count="1" type="stmt"/>
        <line num="206" count="1" type="stmt"/>
        <line num="209" count="1" type="stmt"/>
        <line num="212" count="1" type="stmt"/>
        <line num="215" count="1" type="stmt"/>
        <line num="218" count="1" type="stmt"/>
        <line num="221" count="1" type="stmt"/>
        <line num="224" count="1" type="stmt"/>
        <line num="227" count="1" type="stmt"/>
        <line num="230" count="1" type="stmt"/>
        <line num="233" count="1" type="stmt"/>
        <line num="236" count="1" type="stmt"/>
        <line num="239" count="1" type="stmt"/>
        <line num="242" count="1" type="stmt"/>
        <line num="245" count="1" type="stmt"/>
        <line num="248" count="1" type="stmt"/>
        <line num="251" count="1" type="stmt"/>
        <line num="254" count="1" type="stmt"/>
        <line num="257" count="1" type="stmt"/>
        <line num="262" count="15" type="stmt"/>
        <line num="264" count="0" type="stmt"/>
        <line num="267" count="2" type="stmt"/>
        <line num="270" count="0" type="stmt"/>
        <line num="273" count="0" type="stmt"/>
        <line num="276" count="0" type="stmt"/>
        <line num="279" count="2" type="stmt"/>
        <line num="282" count="0" type="stmt"/>
        <line num="285" count="0" type="stmt"/>
        <line num="286" count="0" type="stmt"/>
        <line num="289" count="0" type="stmt"/>
        <line num="292" count="0" type="stmt"/>
        <line num="295" count="0" type="stmt"/>
        <line num="298" count="0" type="stmt"/>
        <line num="301" count="0" type="stmt"/>
        <line num="304" count="0" type="stmt"/>
        <line num="307" count="0" type="stmt"/>
        <line num="310" count="0" type="stmt"/>
        <line num="313" count="0" type="stmt"/>
        <line num="316" count="0" type="stmt"/>
        <line num="319" count="0" type="stmt"/>
        <line num="322" count="0" type="stmt"/>
        <line num="325" count="0" type="stmt"/>
        <line num="328" count="0" type="stmt"/>
        <line num="331" count="0" type="stmt"/>
        <line num="334" count="1" type="stmt"/>
        <line num="337" count="0" type="stmt"/>
        <line num="340" count="0" type="stmt"/>
        <line num="343" count="0" type="stmt"/>
        <line num="346" count="0" type="stmt"/>
        <line num="347" count="0" type="stmt"/>
        <line num="350" count="0" type="stmt"/>
        <line num="353" count="40" type="stmt"/>
        <line num="354" count="40" type="stmt"/>
        <line num="357" count="0" type="stmt"/>
        <line num="360" count="0" type="stmt"/>
        <line num="363" count="0" type="stmt"/>
        <line num="366" count="0" type="stmt"/>
        <line num="369" count="0" type="stmt"/>
        <line num="372" count="0" type="stmt"/>
        <line num="375" count="0" type="stmt"/>
        <line num="378" count="7" type="stmt"/>
        <line num="379" count="7" type="stmt"/>
        <line num="382" count="3" type="stmt"/>
        <line num="383" count="3" type="stmt"/>
        <line num="386" count="2" type="stmt"/>
        <line num="387" count="2" type="stmt"/>
        <line num="390" count="2" type="stmt"/>
        <line num="393" count="2" type="stmt"/>
        <line num="398" count="15" type="stmt"/>
        <line num="414" count="0" type="stmt"/>
        <line num="418" count="0" type="cond" truecount="0" falsecount="2"/>
        <line num="419" count="0" type="stmt"/>
        <line num="421" count="0" type="stmt"/>
        <line num="423" count="0" type="cond" truecount="0" falsecount="6"/>
        <line num="426" count="0" type="stmt"/>
        <line num="432" count="0" type="stmt"/>
        <line num="441" count="309" type="stmt"/>
        <line num="442" count="309" type="stmt"/>
        <line num="444" count="309" type="stmt"/>
        <line num="445" count="514" type="stmt"/>
        <line num="446" count="514" type="cond" truecount="1" falsecount="0"/>
        <line num="447" count="62" type="stmt"/>
        <line num="450" count="514" type="stmt"/>
        <line num="453" count="309" type="cond" truecount="1" falsecount="0"/>
        <line num="454" count="22" type="stmt"/>
        <line num="456" count="309" type="stmt"/>
        <line num="470" count="514" type="stmt"/>
        <line num="471" count="514" type="cond" truecount="1" falsecount="0"/>
        <line num="472" count="431" type="cond" truecount="1" falsecount="0"/>
        <line num="480" count="35" type="stmt"/>
        <line num="484" count="431" type="stmt"/>
        <line num="486" count="514" type="stmt"/>
        <line num="495" count="514" type="stmt"/>
        <line num="496" count="514" type="stmt"/>
        <line num="499" count="514" type="cond" truecount="2" falsecount="0"/>
        <line num="500" count="349" type="stmt"/>
        <line num="501" count="165" type="cond" truecount="1" falsecount="1"/>
        <line num="502" count="165" type="stmt"/>
        <line num="504" count="0" type="stmt"/>
        <line num="507" count="514" type="cond" truecount="2" falsecount="0"/>
        <line num="508" count="62" type="stmt"/>
        <line num="510" count="452" type="stmt"/>
        <line num="511" count="452" type="cond" truecount="1" falsecount="1"/>
        <line num="512" count="452" type="stmt"/>
        <line num="514" count="0" type="stmt"/>
        <line num="518" count="514" type="stmt"/>
      </file>
      <file name="validators-map.ts" path="/Users/guillermo/project/misa/archi-code-core/packages/domain/src/validator/decorator/validators-map.ts">
        <metrics statements="2" coveredstatements="2" conditionals="0" coveredconditionals="0" methods="0" coveredmethods="0"/>
        <line num="1" count="14" type="stmt"/>
        <line num="111" count="14" type="stmt"/>
      </file>
    </package>
    <package name="src.validator.decorator.custom">
      <metrics statements="61" coveredstatements="58" conditionals="7" coveredconditionals="5" methods="26" coveredmethods="26"/>
      <file name="can-be-boolean.ts" path="/Users/guillermo/project/misa/archi-code-core/packages/domain/src/validator/decorator/custom/can-be-boolean.ts">
        <metrics statements="7" coveredstatements="7" conditionals="0" coveredconditionals="0" methods="4" coveredmethods="4"/>
        <line num="1" count="11" type="stmt"/>
        <line num="2" count="11" type="stmt"/>
        <line num="4" count="11" type="stmt"/>
        <line num="5" count="30" type="stmt"/>
        <line num="6" count="30" type="stmt"/>
        <line num="13" count="60" type="stmt"/>
        <line num="16" count="2" type="stmt"/>
      </file>
      <file name="can-be-date.ts" path="/Users/guillermo/project/misa/archi-code-core/packages/domain/src/validator/decorator/custom/can-be-date.ts">
        <metrics statements="7" coveredstatements="7" conditionals="0" coveredconditionals="0" methods="4" coveredmethods="4"/>
        <line num="1" count="11" type="stmt"/>
        <line num="2" count="11" type="stmt"/>
        <line num="4" count="11" type="stmt"/>
        <line num="5" count="30" type="stmt"/>
        <line num="6" count="30" type="stmt"/>
        <line num="13" count="38" type="stmt"/>
        <line num="16" count="2" type="stmt"/>
      </file>
      <file name="can-be-json.ts" path="/Users/guillermo/project/misa/archi-code-core/packages/domain/src/validator/decorator/custom/can-be-json.ts">
        <metrics statements="7" coveredstatements="7" conditionals="0" coveredconditionals="0" methods="4" coveredmethods="4"/>
        <line num="1" count="12" type="stmt"/>
        <line num="2" count="12" type="stmt"/>
        <line num="4" count="12" type="stmt"/>
        <line num="5" count="17" type="stmt"/>
        <line num="6" count="17" type="stmt"/>
        <line num="13" count="15" type="stmt"/>
        <line num="16" count="2" type="stmt"/>
      </file>
      <file name="can-be-number.ts" path="/Users/guillermo/project/misa/archi-code-core/packages/domain/src/validator/decorator/custom/can-be-number.ts">
        <metrics statements="7" coveredstatements="7" conditionals="0" coveredconditionals="0" methods="4" coveredmethods="4"/>
        <line num="1" count="11" type="stmt"/>
        <line num="2" count="11" type="stmt"/>
        <line num="4" count="11" type="stmt"/>
        <line num="5" count="35" type="stmt"/>
        <line num="6" count="35" type="stmt"/>
        <line num="14" count="68" type="stmt"/>
        <line num="17" count="2" type="stmt"/>
      </file>
      <file name="can-be-string.ts" path="/Users/guillermo/project/misa/archi-code-core/packages/domain/src/validator/decorator/custom/can-be-string.ts">
        <metrics statements="7" coveredstatements="7" conditionals="0" coveredconditionals="0" methods="4" coveredmethods="4"/>
        <line num="1" count="11" type="stmt"/>
        <line num="2" count="11" type="stmt"/>
        <line num="4" count="11" type="stmt"/>
        <line num="5" count="41" type="stmt"/>
        <line num="6" count="41" type="stmt"/>
        <line num="13" count="153" type="stmt"/>
        <line num="16" count="40" type="stmt"/>
      </file>
      <file name="json-schema-validator.ts" path="/Users/guillermo/project/misa/archi-code-core/packages/domain/src/validator/decorator/custom/json-schema-validator.ts">
        <metrics statements="26" coveredstatements="23" conditionals="7" coveredconditionals="5" methods="6" coveredmethods="6"/>
        <line num="1" count="12" type="stmt"/>
        <line num="2" count="12" type="stmt"/>
        <line num="4" count="12" type="stmt"/>
        <line num="5" count="12" type="stmt"/>
        <line num="7" count="12" type="stmt"/>
        <line num="8" count="2" type="stmt"/>
        <line num="9" count="2" type="stmt"/>
        <line num="17" count="3" type="cond" truecount="0" falsecount="1"/>
        <line num="18" count="0" type="stmt"/>
        <line num="20" count="3" type="cond" truecount="0" falsecount="1"/>
        <line num="22" count="0" type="stmt"/>
        <line num="25" count="3" type="stmt"/>
        <line num="26" count="3" type="stmt"/>
        <line num="27" count="3" type="stmt"/>
        <line num="30" count="3" type="stmt"/>
        <line num="32" count="3" type="stmt"/>
        <line num="33" count="3" type="cond" truecount="2" falsecount="0"/>
        <line num="34" count="1" type="stmt"/>
        <line num="36" count="2" type="stmt"/>
        <line num="37" count="2" type="stmt"/>
        <line num="41" count="2" type="stmt"/>
        <line num="42" count="2" type="cond" truecount="3" falsecount="0"/>
        <line num="43" count="2" type="stmt"/>
        <line num="44" count="3" type="stmt"/>
        <line num="46" count="2" type="stmt"/>
        <line num="48" count="0" type="stmt"/>
      </file>
    </package>
    <package name="src.validator.domain-validator">
      <metrics statements="29" coveredstatements="25" conditionals="4" coveredconditionals="3" methods="5" coveredmethods="4"/>
      <file name="domain-validator.dto.ts" path="/Users/guillermo/project/misa/archi-code-core/packages/domain/src/validator/domain-validator/domain-validator.dto.ts">
        <metrics statements="3" coveredstatements="3" conditionals="0" coveredconditionals="0" methods="1" coveredmethods="1"/>
        <line num="1" count="11" type="stmt"/>
        <line num="3" count="11" type="stmt"/>
        <line num="7" count="11" type="stmt"/>
      </file>
      <file name="domain-validator.ts" path="/Users/guillermo/project/misa/archi-code-core/packages/domain/src/validator/domain-validator/domain-validator.ts">
        <metrics statements="26" coveredstatements="22" conditionals="4" coveredconditionals="3" methods="4" coveredmethods="3"/>
        <line num="1" count="11" type="stmt"/>
        <line num="7" count="11" type="stmt"/>
        <line num="9" count="11" type="stmt"/>
        <line num="10" count="11" type="stmt"/>
        <line num="13" count="11" type="stmt"/>
        <line num="15" count="0" type="stmt"/>
        <line num="16" count="0" type="stmt"/>
        <line num="20" count="40" type="stmt"/>
        <line num="21" count="40" type="cond" truecount="1" falsecount="0"/>
        <line num="22" count="21" type="stmt"/>
        <line num="24" count="19" type="stmt"/>
        <line num="25" count="18" type="stmt"/>
        <line num="27" count="1" type="stmt"/>
        <line num="32" count="16" type="stmt"/>
        <line num="33" count="16" type="cond" truecount="0" falsecount="1"/>
        <line num="34" count="0" type="stmt"/>
        <line num="36" count="16" type="stmt"/>
        <line num="37" count="15" type="stmt"/>
        <line num="39" count="1" type="cond" truecount="1" falsecount="0"/>
        <line num="40" count="1" type="stmt"/>
        <line num="42" count="0" type="stmt"/>
        <line num="47" count="56" type="cond" truecount="1" falsecount="0"/>
        <line num="48" count="9" type="stmt"/>
        <line num="50" count="47" type="stmt"/>
        <line num="51" count="47" type="stmt"/>
        <line num="52" count="47" type="stmt"/>
      </file>
    </package>
    <package name="src.validator.primitive-validator">
      <metrics statements="56" coveredstatements="56" conditionals="49" coveredconditionals="49" methods="6" coveredmethods="6"/>
      <file name="boolean.validator.ts" path="/Users/guillermo/project/misa/archi-code-core/packages/domain/src/validator/primitive-validator/boolean.validator.ts">
        <metrics statements="11" coveredstatements="11" conditionals="11" coveredconditionals="11" methods="1" coveredmethods="1"/>
        <line num="1" count="13" type="stmt"/>
        <line num="3" count="260" type="cond" truecount="1" falsecount="0"/>
        <line num="4" count="76" type="stmt"/>
        <line num="6" count="184" type="cond" truecount="1" falsecount="0"/>
        <line num="7" count="105" type="stmt"/>
        <line num="8" count="105" type="cond" truecount="5" falsecount="0"/>
        <line num="9" count="88" type="stmt"/>
        <line num="12" count="96" type="cond" truecount="1" falsecount="0"/>
        <line num="13" count="23" type="cond" truecount="3" falsecount="0"/>
        <line num="14" count="14" type="stmt"/>
        <line num="17" count="82" type="stmt"/>
      </file>
      <file name="date.validator.ts" path="/Users/guillermo/project/misa/archi-code-core/packages/domain/src/validator/primitive-validator/date.validator.ts">
        <metrics statements="10" coveredstatements="10" conditionals="9" coveredconditionals="9" methods="1" coveredmethods="1"/>
        <line num="1" count="13" type="stmt"/>
        <line num="3" count="13" type="stmt"/>
        <line num="5" count="181" type="cond" truecount="3" falsecount="0"/>
        <line num="6" count="4" type="stmt"/>
        <line num="8" count="177" type="cond" truecount="2" falsecount="0"/>
        <line num="9" count="177" type="cond" truecount="1" falsecount="0"/>
        <line num="10" count="62" type="stmt"/>
        <line num="12" count="115" type="cond" truecount="3" falsecount="0"/>
        <line num="13" count="44" type="stmt"/>
        <line num="15" count="71" type="stmt"/>
      </file>
      <file name="json.validator.ts" path="/Users/guillermo/project/misa/archi-code-core/packages/domain/src/validator/primitive-validator/json.validator.ts">
        <metrics statements="16" coveredstatements="16" conditionals="12" coveredconditionals="12" methods="1" coveredmethods="1"/>
        <line num="9" count="13" type="stmt"/>
        <line num="13" count="124" type="cond" truecount="3" falsecount="0"/>
        <line num="14" count="4" type="stmt"/>
        <line num="17" count="120" type="cond" truecount="2" falsecount="0"/>
        <line num="18" count="24" type="stmt"/>
        <line num="19" count="24" type="stmt"/>
        <line num="21" count="21" type="stmt"/>
        <line num="24" count="96" type="stmt"/>
        <line num="27" count="99" type="cond" truecount="3" falsecount="0"/>
        <line num="28" count="40" type="stmt"/>
        <line num="31" count="59" type="cond" truecount="3" falsecount="0"/>
        <line num="32" count="24" type="stmt"/>
        <line num="35" count="35" type="stmt"/>
        <line num="36" count="35" type="stmt"/>
        <line num="37" count="34" type="stmt"/>
        <line num="39" count="1" type="stmt"/>
      </file>
      <file name="number.validator.ts" path="/Users/guillermo/project/misa/archi-code-core/packages/domain/src/validator/primitive-validator/number.validator.ts">
        <metrics statements="10" coveredstatements="10" conditionals="12" coveredconditionals="12" methods="1" coveredmethods="1"/>
        <line num="1" count="13" type="stmt"/>
        <line num="4" count="469" type="cond" truecount="3" falsecount="0"/>
        <line num="5" count="4" type="stmt"/>
        <line num="9" count="465" type="stmt"/>
        <line num="10" count="465" type="cond" truecount="2" falsecount="0"/>
        <line num="12" count="310" type="cond" truecount="2" falsecount="0"/>
        <line num="13" count="155" type="cond" truecount="3" falsecount="0"/>
        <line num="15" count="78" type="stmt"/>
        <line num="16" count="78" type="cond" truecount="2" falsecount="0"/>
        <line num="20" count="77" type="stmt"/>
      </file>
      <file name="string.validator.ts" path="/Users/guillermo/project/misa/archi-code-core/packages/domain/src/validator/primitive-validator/string.validator.ts">
        <metrics statements="9" coveredstatements="9" conditionals="5" coveredconditionals="5" methods="2" coveredmethods="2"/>
        <line num="1" count="13" type="stmt"/>
        <line num="3" count="47" type="stmt"/>
        <line num="7" count="402" type="cond" truecount="1" falsecount="0"/>
        <line num="8" count="279" type="stmt"/>
        <line num="10" count="123" type="cond" truecount="3" falsecount="0"/>
        <line num="11" count="12" type="stmt"/>
        <line num="14" count="111" type="cond" truecount="1" falsecount="0"/>
        <line num="15" count="2" type="stmt"/>
        <line num="17" count="109" type="stmt"/>
      </file>
    </package>
  </project>
</coverage>
