{"/Users/guillermo/project/misa/archi-code-core/packages/domain/src/index.ts": {"path":"/Users/guillermo/project/misa/archi-code-core/packages/domain/src/index.ts","statementMap":{"0":{"start":{"line":1,"column":0},"end":{"line":1,"column":35}},"1":{"start":{"line":2,"column":0},"end":{"line":2,"column":43}},"2":{"start":{"line":3,"column":0},"end":{"line":3,"column":44}},"3":{"start":{"line":4,"column":0},"end":{"line":4,"column":23}},"4":{"start":{"line":5,"column":0},"end":{"line":5,"column":28}},"5":{"start":{"line":6,"column":0},"end":{"line":6,"column":44}},"6":{"start":{"line":7,"column":0},"end":{"line":7,"column":29}},"7":{"start":{"line":8,"column":0},"end":{"line":8,"column":40}},"8":{"start":{"line":9,"column":0},"end":{"line":9,"column":43}},"9":{"start":{"line":10,"column":0},"end":{"line":10,"column":34}}},"fnMap":{},"branchMap":{},"s":{"0":0,"1":0,"2":0,"3":0,"4":0,"5":0,"6":0,"7":0,"8":0,"9":0},"f":{},"b":{}}
,"/Users/guillermo/project/misa/archi-code-core/packages/domain/src/aggregate/aggregate-root.ts": {"path":"/Users/guillermo/project/misa/archi-code-core/packages/domain/src/aggregate/aggregate-root.ts","statementMap":{"0":{"start":{"line":4,"column":10},"end":{"line":4,"column":41}},"1":{"start":{"line":7,"column":4},"end":{"line":7,"column":34}},"2":{"start":{"line":11,"column":32},"end":{"line":11,"column":54}},"3":{"start":{"line":12,"column":4},"end":{"line":12,"column":27}},"4":{"start":{"line":13,"column":4},"end":{"line":13,"column":18}},"5":{"start":{"line":3,"column":0},"end":{"line":3,"column":22}}},"fnMap":{"0":{"name":"(anonymous_0)","decl":{"start":{"line":3,"column":0},"end":{"line":3,"column":22}},"loc":{"start":{"line":3,"column":0},"end":{"line":15,"column":1}}},"1":{"name":"(anonymous_1)","decl":{"start":{"line":6,"column":12},"end":{"line":6,"column":18}},"loc":{"start":{"line":6,"column":48},"end":{"line":8,"column":3}}},"2":{"name":"(anonymous_2)","decl":{"start":{"line":10,"column":9},"end":{"line":10,"column":25}},"loc":{"start":{"line":10,"column":25},"end":{"line":14,"column":3}}}},"branchMap":{},"s":{"0":1,"1":1,"2":2,"3":2,"4":2,"5":3},"f":{"0":1,"1":1,"2":2},"b":{}}
,"/Users/guillermo/project/misa/archi-code-core/packages/domain/src/aggregate/aggregate-types.ts": {"path":"/Users/guillermo/project/misa/archi-code-core/packages/domain/src/aggregate/aggregate-types.ts","statementMap":{"0":{"start":{"line":2,"column":0},"end":{"line":2,"column":68}},"1":{"start":{"line":3,"column":0},"end":{"line":3,"column":48}},"2":{"start":{"line":9,"column":4},"end":{"line":9,"column":64}},"3":{"start":{"line":16,"column":20},"end":{"line":16,"column":39}},"4":{"start":{"line":17,"column":20},"end":{"line":17,"column":55}},"5":{"start":{"line":18,"column":4},"end":{"line":23,"column":5}},"6":{"start":{"line":19,"column":6},"end":{"line":21,"column":7}},"7":{"start":{"line":20,"column":8},"end":{"line":20,"column":33}},"8":{"start":{"line":22,"column":6},"end":{"line":22,"column":78}},"9":{"start":{"line":24,"column":28},"end":{"line":24,"column":47}},"10":{"start":{"line":25,"column":4},"end":{"line":29,"column":5}},"11":{"start":{"line":26,"column":6},"end":{"line":28,"column":8}},"12":{"start":{"line":30,"column":4},"end":{"line":30,"column":24}},"13":{"start":{"line":5,"column":0},"end":{"line":5,"column":13}}},"fnMap":{"0":{"name":"(anonymous_0)","decl":{"start":{"line":8,"column":2},"end":{"line":8,"column":14}},"loc":{"start":{"line":8,"column":34},"end":{"line":10,"column":3}}},"1":{"name":"(anonymous_1)","decl":{"start":{"line":12,"column":12},"end":{"line":12,"column":26}},"loc":{"start":{"line":14,"column":13},"end":{"line":31,"column":3}}}},"branchMap":{"0":{"loc":{"start":{"line":17,"column":20},"end":{"line":17,"column":55}},"type":"binary-expr","locations":[{"start":{"line":17,"column":20},"end":{"line":17,"column":33}},{"start":{"line":17,"column":37},"end":{"line":17,"column":55}}]},"1":{"loc":{"start":{"line":18,"column":4},"end":{"line":23,"column":5}},"type":"if","locations":[{"start":{"line":18,"column":4},"end":{"line":23,"column":5}}]},"2":{"loc":{"start":{"line":18,"column":8},"end":{"line":18,"column":57}},"type":"binary-expr","locations":[{"start":{"line":18,"column":8},"end":{"line":18,"column":46}},{"start":{"line":18,"column":50},"end":{"line":18,"column":57}}]},"3":{"loc":{"start":{"line":19,"column":6},"end":{"line":21,"column":7}},"type":"if","locations":[{"start":{"line":19,"column":6},"end":{"line":21,"column":7}}]},"4":{"loc":{"start":{"line":25,"column":4},"end":{"line":29,"column":5}},"type":"if","locations":[{"start":{"line":25,"column":4},"end":{"line":29,"column":5}}]}},"s":{"0":1,"1":1,"2":23,"3":102,"4":102,"5":102,"6":9,"7":9,"8":0,"9":93,"10":91,"11":16,"12":75,"13":1},"f":{"0":23,"1":102},"b":{"0":[102,101],"1":[9],"2":[102,11],"3":[9],"4":[16]}}
,"/Users/guillermo/project/misa/archi-code-core/packages/domain/src/builder/builder.ts": {"path":"/Users/guillermo/project/misa/archi-code-core/packages/domain/src/builder/builder.ts","statementMap":{"0":{"start":{"line":9,"column":0},"end":{"line":9,"column":16}},"1":{"start":{"line":14,"column":2},"end":{"line":16,"column":3}},"2":{"start":{"line":15,"column":4},"end":{"line":15,"column":88}},"3":{"start":{"line":17,"column":53},"end":{"line":17,"column":84}},"4":{"start":{"line":19,"column":23},"end":{"line":38,"column":null}},"5":{"start":{"line":23,"column":8},"end":{"line":31,"column":9}},"6":{"start":{"line":24,"column":10},"end":{"line":30,"column":12}},"7":{"start":{"line":25,"column":12},"end":{"line":27,"column":13}},"8":{"start":{"line":26,"column":14},"end":{"line":26,"column":58}},"9":{"start":{"line":28,"column":29},"end":{"line":28,"column":38}},"10":{"start":{"line":29,"column":12},"end":{"line":29,"column":94}},"11":{"start":{"line":33,"column":8},"end":{"line":36,"column":10}},"12":{"start":{"line":34,"column":10},"end":{"line":34,"column":57}},"13":{"start":{"line":35,"column":10},"end":{"line":35,"column":30}},"14":{"start":{"line":41,"column":2},"end":{"line":41,"column":37}}},"fnMap":{"0":{"name":"Builder","decl":{"start":{"line":9,"column":16},"end":{"line":9,"column":23}},"loc":{"start":{"line":12,"column":24},"end":{"line":42,"column":1}}},"1":{"name":"(anonymous_1)","decl":{"start":{"line":22,"column":6},"end":{"line":22,"column":9}},"loc":{"start":{"line":22,"column":21},"end":{"line":37,"column":7}}},"2":{"name":"(anonymous_2)","decl":{"start":{"line":24,"column":17},"end":{"line":24,"column":20}},"loc":{"start":{"line":24,"column":22},"end":{"line":30,"column":11}}},"3":{"name":"(anonymous_3)","decl":{"start":{"line":33,"column":15},"end":{"line":33,"column":16}},"loc":{"start":{"line":33,"column":34},"end":{"line":36,"column":9}}}},"branchMap":{"0":{"loc":{"start":{"line":14,"column":2},"end":{"line":16,"column":3}},"type":"if","locations":[{"start":{"line":14,"column":2},"end":{"line":16,"column":3}}]},"1":{"loc":{"start":{"line":17,"column":53},"end":{"line":17,"column":84}},"type":"cond-expr","locations":[{"start":{"line":17,"column":63},"end":{"line":17,"column":80}},{"start":{"line":17,"column":82},"end":{"line":17,"column":84}}]},"2":{"loc":{"start":{"line":23,"column":8},"end":{"line":31,"column":9}},"type":"if","locations":[{"start":{"line":23,"column":8},"end":{"line":31,"column":9}}]},"3":{"loc":{"start":{"line":25,"column":12},"end":{"line":27,"column":13}},"type":"if","locations":[{"start":{"line":25,"column":12},"end":{"line":27,"column":13}}]}},"s":{"0":1,"1":22,"2":1,"3":21,"4":21,"5":49,"6":23,"7":23,"8":3,"9":23,"10":23,"11":26,"12":26,"13":26,"14":21},"f":{"0":22,"1":49,"2":23,"3":26},"b":{"0":[1],"1":[4,17],"2":[23],"3":[3]}}
,"/Users/guillermo/project/misa/archi-code-core/packages/domain/src/event/event-base.ts": {"path":"/Users/guillermo/project/misa/archi-code-core/packages/domain/src/event/event-base.ts","statementMap":{"0":{"start":{"line":1,"column":0},"end":{"line":1,"column":22}}},"fnMap":{},"branchMap":{},"s":{"0":2},"f":{},"b":{}}
,"/Users/guillermo/project/misa/archi-code-core/packages/domain/src/exceptions/abstract.exception.ts": {"path":"/Users/guillermo/project/misa/archi-code-core/packages/domain/src/exceptions/abstract.exception.ts","statementMap":{"0":{"start":{"line":1,"column":0},"end":{"line":1,"column":49}},"1":{"start":{"line":9,"column":4},"end":{"line":9,"column":19}},"2":{"start":{"line":10,"column":4},"end":{"line":10,"column":38}},"3":{"start":{"line":11,"column":4},"end":{"line":11,"column":41}},"4":{"start":{"line":12,"column":4},"end":{"line":15,"column":39}},"5":{"start":{"line":16,"column":4},"end":{"line":16,"column":32}},"6":{"start":{"line":17,"column":4},"end":{"line":17,"column":52}},"7":{"start":{"line":32,"column":4},"end":{"line":37,"column":18}},"8":{"start":{"line":34,"column":27},"end":{"line":34,"column":84}},"9":{"start":{"line":35,"column":8},"end":{"line":35,"column":41}},"10":{"start":{"line":41,"column":4},"end":{"line":41,"column":71}},"11":{"start":{"line":51,"column":4},"end":{"line":57,"column":6}},"12":{"start":{"line":3,"column":0},"end":{"line":3,"column":22}},"13":{"start":{"line":20,"column":18},"end":{"line":29,"column":6}},"14":{"start":{"line":21,"column":21},"end":{"line":21,"column":39}},"15":{"start":{"line":24,"column":22},"end":{"line":24,"column":70}},"16":{"start":{"line":25,"column":8},"end":{"line":25,"column":76}},"17":{"start":{"line":26,"column":8},"end":{"line":26,"column":19}}},"fnMap":{"0":{"name":"(anonymous_0)","decl":{"start":{"line":8,"column":2},"end":{"line":8,"column":14}},"loc":{"start":{"line":8,"column":73},"end":{"line":18,"column":3}}},"1":{"name":"(anonymous_1)","decl":{"start":{"line":31,"column":2},"end":{"line":31,"column":13}},"loc":{"start":{"line":31,"column":24},"end":{"line":38,"column":3}}},"2":{"name":"(anonymous_2)","decl":{"start":{"line":33,"column":11},"end":{"line":33,"column":12}},"loc":{"start":{"line":33,"column":20},"end":{"line":36,"column":7}}},"3":{"name":"(anonymous_3)","decl":{"start":{"line":40,"column":2},"end":{"line":40,"column":7}},"loc":{"start":{"line":40,"column":7},"end":{"line":42,"column":3}}},"4":{"name":"(anonymous_4)","decl":{"start":{"line":44,"column":2},"end":{"line":44,"column":8}},"loc":{"start":{"line":44,"column":8},"end":{"line":58,"column":3}}},"5":{"name":"(anonymous_5)","decl":{"start":{"line":21,"column":12},"end":{"line":21,"column":13}},"loc":{"start":{"line":21,"column":21},"end":{"line":21,"column":39}}},"6":{"name":"(anonymous_6)","decl":{"start":{"line":23,"column":6},"end":{"line":23,"column":7}},"loc":{"start":{"line":23,"column":19},"end":{"line":27,"column":7}}}},"branchMap":{"0":{"loc":{"start":{"line":13,"column":6},"end":{"line":15,"column":38}},"type":"cond-expr","locations":[{"start":{"line":14,"column":10},"end":{"line":14,"column":51}},{"start":{"line":15,"column":10},"end":{"line":15,"column":38}}]},"1":{"loc":{"start":{"line":34,"column":27},"end":{"line":34,"column":84}},"type":"cond-expr","locations":[{"start":{"line":34,"column":71},"end":{"line":34,"column":75}},{"start":{"line":34,"column":75},"end":{"line":34,"column":84}}]},"2":{"loc":{"start":{"line":34,"column":27},"end":{"line":34,"column":75}},"type":"binary-expr","locations":[{"start":{"line":34,"column":27},"end":{"line":34,"column":75}},{"start":{"line":34,"column":71},"end":{"line":34,"column":75}}]}},"s":{"0":17,"1":517,"2":517,"3":517,"4":517,"5":517,"6":517,"7":11,"8":16,"9":16,"10":1,"11":1,"12":17,"13":17,"14":136,"15":136,"16":136,"17":136},"f":{"0":517,"1":11,"2":16,"3":1,"4":1,"5":136,"6":136},"b":{"0":[517,0],"1":[15,1],"2":[16,16]}}
,"/Users/guillermo/project/misa/archi-code-core/packages/domain/src/exceptions/exception-code.ts": {"path":"/Users/guillermo/project/misa/archi-code-core/packages/domain/src/exceptions/exception-code.ts","statementMap":{"0":{"start":{"line":2,"column":0},"end":{"line":2,"column":null}},"1":{"start":{"line":4,"column":2},"end":{"line":4,"column":null}},"2":{"start":{"line":5,"column":2},"end":{"line":5,"column":null}},"3":{"start":{"line":6,"column":2},"end":{"line":6,"column":null}},"4":{"start":{"line":7,"column":2},"end":{"line":7,"column":null}},"5":{"start":{"line":14,"column":2},"end":{"line":14,"column":null}},"6":{"start":{"line":21,"column":2},"end":{"line":21,"column":null}},"7":{"start":{"line":22,"column":2},"end":{"line":22,"column":null}},"8":{"start":{"line":31,"column":2},"end":{"line":31,"column":null}}},"fnMap":{"0":{"name":"(anonymous_0)","decl":{"start":{"line":2,"column":0},"end":{"line":2,"column":12}},"loc":{"start":{"line":2,"column":25},"end":{"line":34,"column":1}}}},"branchMap":{"0":{"loc":{"start":{"line":2,"column":12},"end":{"line":2,"column":null}},"type":"binary-expr","locations":[{"start":{"line":2,"column":12},"end":{"line":2,"column":25}},{"start":{"line":2,"column":25},"end":{"line":2,"column":null}}]}},"s":{"0":17,"1":17,"2":17,"3":17,"4":17,"5":17,"6":17,"7":17,"8":17},"f":{"0":17},"b":{"0":[17,17]}}
,"/Users/guillermo/project/misa/archi-code-core/packages/domain/src/exceptions/index.ts": {"path":"/Users/guillermo/project/misa/archi-code-core/packages/domain/src/exceptions/index.ts","statementMap":{"0":{"start":{"line":1,"column":0},"end":{"line":1,"column":37}},"1":{"start":{"line":2,"column":0},"end":{"line":2,"column":55}},"2":{"start":{"line":3,"column":0},"end":{"line":3,"column":52}},"3":{"start":{"line":4,"column":0},"end":{"line":4,"column":58}},"4":{"start":{"line":5,"column":0},"end":{"line":5,"column":58}},"5":{"start":{"line":6,"column":0},"end":{"line":6,"column":46}},"6":{"start":{"line":7,"column":0},"end":{"line":7,"column":42}}},"fnMap":{},"branchMap":{},"s":{"0":10,"1":10,"2":10,"3":10,"4":10,"5":10,"6":10},"f":{},"b":{}}
,"/Users/guillermo/project/misa/archi-code-core/packages/domain/src/exceptions/application/application.exception.ts": {"path":"/Users/guillermo/project/misa/archi-code-core/packages/domain/src/exceptions/application/application.exception.ts","statementMap":{"0":{"start":{"line":1,"column":0},"end":{"line":1,"column":58}},"1":{"start":{"line":2,"column":0},"end":{"line":2,"column":50}},"2":{"start":{"line":6,"column":4},"end":{"line":6,"column":76}},"3":{"start":{"line":4,"column":0},"end":{"line":4,"column":13}}},"fnMap":{"0":{"name":"(anonymous_0)","decl":{"start":{"line":5,"column":2},"end":{"line":5,"column":14}},"loc":{"start":{"line":5,"column":78},"end":{"line":7,"column":3}}}},"branchMap":{"0":{"loc":{"start":{"line":5,"column":31},"end":{"line":5,"column":78}},"type":"default-arg","locations":[{"start":{"line":5,"column":76},"end":{"line":5,"column":78}}]}},"s":{"0":11,"1":11,"2":2,"3":11},"f":{"0":2},"b":{"0":[1]}}
,"/Users/guillermo/project/misa/archi-code-core/packages/domain/src/exceptions/domain/aggregate-not-found.exception.ts": {"path":"/Users/guillermo/project/misa/archi-code-core/packages/domain/src/exceptions/domain/aggregate-not-found.exception.ts","statementMap":{"0":{"start":{"line":1,"column":0},"end":{"line":1,"column":53}},"1":{"start":{"line":2,"column":0},"end":{"line":2,"column":50}},"2":{"start":{"line":6,"column":4},"end":{"line":6,"column":83}},"3":{"start":{"line":4,"column":0},"end":{"line":4,"column":13}}},"fnMap":{"0":{"name":"(anonymous_0)","decl":{"start":{"line":5,"column":2},"end":{"line":5,"column":14}},"loc":{"start":{"line":5,"column":40},"end":{"line":7,"column":3}}}},"branchMap":{},"s":{"0":11,"1":11,"2":1,"3":11},"f":{"0":1},"b":{}}
,"/Users/guillermo/project/misa/archi-code-core/packages/domain/src/exceptions/domain/domain.exception.ts": {"path":"/Users/guillermo/project/misa/archi-code-core/packages/domain/src/exceptions/domain/domain.exception.ts","statementMap":{"0":{"start":{"line":1,"column":0},"end":{"line":1,"column":58}},"1":{"start":{"line":2,"column":0},"end":{"line":2,"column":50}},"2":{"start":{"line":6,"column":4},"end":{"line":6,"column":71}},"3":{"start":{"line":4,"column":0},"end":{"line":4,"column":13}}},"fnMap":{"0":{"name":"(anonymous_0)","decl":{"start":{"line":5,"column":2},"end":{"line":5,"column":14}},"loc":{"start":{"line":5,"column":78},"end":{"line":7,"column":3}}}},"branchMap":{"0":{"loc":{"start":{"line":5,"column":31},"end":{"line":5,"column":78}},"type":"default-arg","locations":[{"start":{"line":5,"column":76},"end":{"line":5,"column":78}}]}},"s":{"0":14,"1":14,"2":512,"3":14},"f":{"0":512},"b":{"0":[28]}}
,"/Users/guillermo/project/misa/archi-code-core/packages/domain/src/exceptions/domain/type-primitive.exception.ts": {"path":"/Users/guillermo/project/misa/archi-code-core/packages/domain/src/exceptions/domain/type-primitive.exception.ts","statementMap":{"0":{"start":{"line":1,"column":0},"end":{"line":1,"column":53}},"1":{"start":{"line":2,"column":0},"end":{"line":2,"column":50}},"2":{"start":{"line":3,"column":0},"end":{"line":3,"column":55}},"3":{"start":{"line":7,"column":4},"end":{"line":9,"column":5}},"4":{"start":{"line":8,"column":6},"end":{"line":8,"column":43}},"5":{"start":{"line":10,"column":4},"end":{"line":13,"column":6}},"6":{"start":{"line":5,"column":0},"end":{"line":5,"column":13}}},"fnMap":{"0":{"name":"(anonymous_0)","decl":{"start":{"line":6,"column":2},"end":{"line":6,"column":14}},"loc":{"start":{"line":6,"column":86},"end":{"line":14,"column":3}}}},"branchMap":{"0":{"loc":{"start":{"line":6,"column":56},"end":{"line":6,"column":86}},"type":"default-arg","locations":[{"start":{"line":6,"column":67},"end":{"line":6,"column":86}}]},"1":{"loc":{"start":{"line":7,"column":4},"end":{"line":9,"column":5}},"type":"if","locations":[{"start":{"line":7,"column":4},"end":{"line":9,"column":5}}]}},"s":{"0":14,"1":14,"2":14,"3":482,"4":113,"5":482,"6":14},"f":{"0":482},"b":{"0":[389],"1":[113]}}
,"/Users/guillermo/project/misa/archi-code-core/packages/domain/src/exceptions/domain/validation.exception.ts": {"path":"/Users/guillermo/project/misa/archi-code-core/packages/domain/src/exceptions/domain/validation.exception.ts","statementMap":{"0":{"start":{"line":1,"column":0},"end":{"line":1,"column":53}},"1":{"start":{"line":2,"column":0},"end":{"line":2,"column":50}},"2":{"start":{"line":6,"column":4},"end":{"line":6,"column":87}},"3":{"start":{"line":4,"column":0},"end":{"line":4,"column":13}}},"fnMap":{"0":{"name":"(anonymous_0)","decl":{"start":{"line":5,"column":2},"end":{"line":5,"column":14}},"loc":{"start":{"line":5,"column":30},"end":{"line":7,"column":3}}}},"branchMap":{},"s":{"0":11,"1":11,"2":1,"3":11},"f":{"0":1},"b":{}}
,"/Users/guillermo/project/misa/archi-code-core/packages/domain/src/exceptions/infrastructure/infrastructure.exception.ts": {"path":"/Users/guillermo/project/misa/archi-code-core/packages/domain/src/exceptions/infrastructure/infrastructure.exception.ts","statementMap":{"0":{"start":{"line":1,"column":0},"end":{"line":1,"column":58}},"1":{"start":{"line":2,"column":0},"end":{"line":2,"column":50}},"2":{"start":{"line":6,"column":4},"end":{"line":6,"column":80}},"3":{"start":{"line":4,"column":0},"end":{"line":4,"column":13}}},"fnMap":{"0":{"name":"(anonymous_0)","decl":{"start":{"line":5,"column":2},"end":{"line":5,"column":14}},"loc":{"start":{"line":5,"column":79},"end":{"line":7,"column":3}}}},"branchMap":{"0":{"loc":{"start":{"line":5,"column":31},"end":{"line":5,"column":79}},"type":"default-arg","locations":[{"start":{"line":5,"column":77},"end":{"line":5,"column":79}}]}},"s":{"0":11,"1":11,"2":2,"3":11},"f":{"0":2},"b":{"0":[1]}}
,"/Users/guillermo/project/misa/archi-code-core/packages/domain/src/exceptions/infrastructure/internal-error.exception.ts": {"path":"/Users/guillermo/project/misa/archi-code-core/packages/domain/src/exceptions/infrastructure/internal-error.exception.ts","statementMap":{"0":{"start":{"line":1,"column":0},"end":{"line":1,"column":69}},"1":{"start":{"line":2,"column":0},"end":{"line":2,"column":50}},"2":{"start":{"line":6,"column":4},"end":{"line":6,"column":79}},"3":{"start":{"line":4,"column":0},"end":{"line":4,"column":13}}},"fnMap":{"0":{"name":"(anonymous_0)","decl":{"start":{"line":5,"column":2},"end":{"line":5,"column":14}},"loc":{"start":{"line":5,"column":29},"end":{"line":7,"column":3}}}},"branchMap":{},"s":{"0":11,"1":11,"2":1,"3":11},"f":{"0":1},"b":{}}
,"/Users/guillermo/project/misa/archi-code-core/packages/domain/src/level/level.decorator.ts": {"path":"/Users/guillermo/project/misa/archi-code-core/packages/domain/src/level/level.decorator.ts","statementMap":{"0":{"start":{"line":5,"column":0},"end":{"line":5,"column":16}},"1":{"start":{"line":30,"column":0},"end":{"line":30,"column":16}},"2":{"start":{"line":44,"column":0},"end":{"line":44,"column":16}},"3":{"start":{"line":1,"column":0},"end":{"line":1,"column":26}},"4":{"start":{"line":3,"column":14},"end":{"line":3,"column":21}},"5":{"start":{"line":6,"column":2},"end":{"line":27,"column":4}},"6":{"start":{"line":7,"column":4},"end":{"line":7,"column":65}},"7":{"start":{"line":9,"column":4},"end":{"line":26,"column":5}},"8":{"start":{"line":10,"column":26},"end":{"line":10,"column":41}},"9":{"start":{"line":13,"column":6},"end":{"line":17,"column":7}},"10":{"start":{"line":14,"column":8},"end":{"line":16,"column":10}},"11":{"start":{"line":20,"column":23},"end":{"line":20,"column":36}},"12":{"start":{"line":21,"column":6},"end":{"line":25,"column":7}},"13":{"start":{"line":22,"column":8},"end":{"line":24,"column":10}},"14":{"start":{"line":31,"column":2},"end":{"line":31,"column":49}},"15":{"start":{"line":46,"column":2},"end":{"line":48,"column":3}},"16":{"start":{"line":47,"column":4},"end":{"line":47,"column":26}},"17":{"start":{"line":51,"column":2},"end":{"line":54,"column":3}},"18":{"start":{"line":52,"column":28},"end":{"line":52,"column":45}},"19":{"start":{"line":53,"column":4},"end":{"line":53,"column":54}},"20":{"start":{"line":57,"column":2},"end":{"line":57,"column":11}}},"fnMap":{"0":{"name":"Level","decl":{"start":{"line":5,"column":16},"end":{"line":5,"column":21}},"loc":{"start":{"line":5,"column":35},"end":{"line":28,"column":1}}},"1":{"name":"(anonymous_1)","decl":{"start":{"line":6,"column":9},"end":{"line":6,"column":10}},"loc":{"start":{"line":6,"column":30},"end":{"line":27,"column":3}}},"2":{"name":"getLevel","decl":{"start":{"line":30,"column":16},"end":{"line":30,"column":24}},"loc":{"start":{"line":30,"column":36},"end":{"line":32,"column":1}}},"3":{"name":"normalizeLevel","decl":{"start":{"line":44,"column":16},"end":{"line":44,"column":30}},"loc":{"start":{"line":44,"column":41},"end":{"line":58,"column":1}}}},"branchMap":{"0":{"loc":{"start":{"line":9,"column":4},"end":{"line":26,"column":5}},"type":"if","locations":[{"start":{"line":9,"column":4},"end":{"line":26,"column":5}}]},"1":{"loc":{"start":{"line":13,"column":6},"end":{"line":17,"column":7}},"type":"if","locations":[{"start":{"line":13,"column":6},"end":{"line":17,"column":7}}]},"2":{"loc":{"start":{"line":21,"column":6},"end":{"line":25,"column":7}},"type":"if","locations":[{"start":{"line":21,"column":6},"end":{"line":25,"column":7}}]},"3":{"loc":{"start":{"line":31,"column":9},"end":{"line":31,"column":48}},"type":"cond-expr","locations":[{"start":{"line":31,"column":43},"end":{"line":31,"column":47}},{"start":{"line":31,"column":47},"end":{"line":31,"column":48}}]},"4":{"loc":{"start":{"line":31,"column":9},"end":{"line":31,"column":47}},"type":"binary-expr","locations":[{"start":{"line":31,"column":9},"end":{"line":31,"column":47}},{"start":{"line":31,"column":43},"end":{"line":31,"column":47}}]},"5":{"loc":{"start":{"line":46,"column":2},"end":{"line":48,"column":3}},"type":"if","locations":[{"start":{"line":46,"column":2},"end":{"line":48,"column":3}}]},"6":{"loc":{"start":{"line":46,"column":6},"end":{"line":46,"column":56}},"type":"binary-expr","locations":[{"start":{"line":46,"column":6},"end":{"line":46,"column":31}},{"start":{"line":46,"column":35},"end":{"line":46,"column":56}}]},"7":{"loc":{"start":{"line":51,"column":2},"end":{"line":54,"column":3}},"type":"if","locations":[{"start":{"line":51,"column":2},"end":{"line":54,"column":3}}]},"8":{"loc":{"start":{"line":51,"column":6},"end":{"line":51,"column":50}},"type":"binary-expr","locations":[{"start":{"line":51,"column":6},"end":{"line":51,"column":31}},{"start":{"line":51,"column":35},"end":{"line":51,"column":50}}]},"9":{"loc":{"start":{"line":53,"column":11},"end":{"line":53,"column":53}},"type":"cond-expr","locations":[{"start":{"line":53,"column":34},"end":{"line":53,"column":49}},{"start":{"line":53,"column":52},"end":{"line":53,"column":53}}]}},"s":{"0":12,"1":12,"2":12,"3":12,"4":12,"5":21,"6":21,"7":21,"8":15,"9":15,"10":1,"11":14,"12":14,"13":1,"14":160,"15":140,"16":21,"17":140,"18":119,"19":119,"20":21},"f":{"0":21,"1":21,"2":160,"3":140},"b":{"0":[15],"1":[1],"2":[1],"3":[133,27],"4":[160,160],"5":[21],"6":[140,29],"7":[119],"8":[140,122],"9":[102,17]}}
,"/Users/guillermo/project/misa/archi-code-core/packages/domain/src/type/abstract-array-type.ts": {"path":"/Users/guillermo/project/misa/archi-code-core/packages/domain/src/type/abstract-array-type.ts","statementMap":{"0":{"start":{"line":1,"column":0},"end":{"line":1,"column":47}},"1":{"start":{"line":2,"column":0},"end":{"line":2,"column":68}},"2":{"start":{"line":3,"column":0},"end":{"line":3,"column":48}},"3":{"start":{"line":7,"column":7},"end":{"line":92,"column":null}},"4":{"start":{"line":14,"column":4},"end":{"line":16,"column":5}},"5":{"start":{"line":15,"column":6},"end":{"line":15,"column":18}},"6":{"start":{"line":17,"column":4},"end":{"line":19,"column":5}},"7":{"start":{"line":18,"column":6},"end":{"line":18,"column":66}},"8":{"start":{"line":20,"column":4},"end":{"line":20,"column":87}},"9":{"start":{"line":20,"column":36},"end":{"line":20,"column":59}},"10":{"start":{"line":20,"column":75},"end":{"line":20,"column":85}},"11":{"start":{"line":24,"column":4},"end":{"line":26,"column":5}},"12":{"start":{"line":25,"column":6},"end":{"line":25,"column":19}},"13":{"start":{"line":27,"column":4},"end":{"line":31,"column":6}},"14":{"start":{"line":30,"column":33},"end":{"line":30,"column":66}},"15":{"start":{"line":35,"column":4},"end":{"line":37,"column":5}},"16":{"start":{"line":36,"column":6},"end":{"line":36,"column":38}},"17":{"start":{"line":38,"column":14},"end":{"line":38,"column":69}},"18":{"start":{"line":40,"column":21},"end":{"line":43,"column":6}},"19":{"start":{"line":41,"column":25},"end":{"line":41,"column":98}},"20":{"start":{"line":42,"column":6},"end":{"line":42,"column":73}},"21":{"start":{"line":44,"column":20},"end":{"line":44,"column":59}},"22":{"start":{"line":44,"column":47},"end":{"line":44,"column":58}},"23":{"start":{"line":45,"column":4},"end":{"line":51,"column":5}},"24":{"start":{"line":46,"column":6},"end":{"line":50,"column":7}},"25":{"start":{"line":47,"column":8},"end":{"line":47,"column":44}},"26":{"start":{"line":49,"column":8},"end":{"line":49,"column":57}},"27":{"start":{"line":52,"column":4},"end":{"line":52,"column":15}},"28":{"start":{"line":56,"column":4},"end":{"line":56,"column":100}},"29":{"start":{"line":56,"column":55},"end":{"line":56,"column":87}},"30":{"start":{"line":60,"column":4},"end":{"line":62,"column":5}},"31":{"start":{"line":61,"column":6},"end":{"line":61,"column":18}},"32":{"start":{"line":63,"column":4},"end":{"line":63,"column":62}},"33":{"start":{"line":63,"column":37},"end":{"line":63,"column":60}},"34":{"start":{"line":67,"column":4},"end":{"line":69,"column":5}},"35":{"start":{"line":68,"column":6},"end":{"line":68,"column":23}},"36":{"start":{"line":70,"column":4},"end":{"line":70,"column":53}},"37":{"start":{"line":74,"column":17},"end":{"line":74,"column":41}},"38":{"start":{"line":75,"column":4},"end":{"line":75,"column":78}},"39":{"start":{"line":75,"column":43},"end":{"line":75,"column":67}},"40":{"start":{"line":79,"column":4},"end":{"line":81,"column":5}},"41":{"start":{"line":80,"column":6},"end":{"line":80,"column":13}},"42":{"start":{"line":82,"column":17},"end":{"line":82,"column":41}},"43":{"start":{"line":83,"column":4},"end":{"line":83,"column":84}},"44":{"start":{"line":83,"column":52},"end":{"line":83,"column":76}},"45":{"start":{"line":87,"column":4},"end":{"line":89,"column":5}},"46":{"start":{"line":88,"column":6},"end":{"line":88,"column":13}},"47":{"start":{"line":90,"column":4},"end":{"line":90,"column":24}},"48":{"start":{"line":7,"column":22},"end":{"line":7,"column":39}},"49":{"start":{"line":7,"column":22},"end":{"line":92,"column":null}}},"fnMap":{"0":{"name":"(anonymous_1)","decl":{"start":{"line":13,"column":12},"end":{"line":13,"column":18}},"loc":{"start":{"line":13,"column":29},"end":{"line":21,"column":3}}},"1":{"name":"(anonymous_2)","decl":{"start":{"line":20,"column":21},"end":{"line":20,"column":22}},"loc":{"start":{"line":20,"column":36},"end":{"line":20,"column":59}}},"2":{"name":"(anonymous_3)","decl":{"start":{"line":20,"column":65},"end":{"line":20,"column":66}},"loc":{"start":{"line":20,"column":75},"end":{"line":20,"column":85}}},"3":{"name":"(anonymous_4)","decl":{"start":{"line":23,"column":2},"end":{"line":23,"column":9}},"loc":{"start":{"line":23,"column":9},"end":{"line":32,"column":3}}},"4":{"name":"(anonymous_5)","decl":{"start":{"line":30,"column":23},"end":{"line":30,"column":24}},"loc":{"start":{"line":30,"column":33},"end":{"line":30,"column":66}}},"5":{"name":"(anonymous_6)","decl":{"start":{"line":34,"column":2},"end":{"line":34,"column":21}},"loc":{"start":{"line":34,"column":61},"end":{"line":53,"column":3}}},"6":{"name":"(anonymous_7)","decl":{"start":{"line":40,"column":37},"end":{"line":40,"column":38}},"loc":{"start":{"line":40,"column":61},"end":{"line":43,"column":5}}},"7":{"name":"(anonymous_8)","decl":{"start":{"line":44,"column":37},"end":{"line":44,"column":38}},"loc":{"start":{"line":44,"column":47},"end":{"line":44,"column":58}}},"8":{"name":"(anonymous_9)","decl":{"start":{"line":55,"column":2},"end":{"line":55,"column":6}},"loc":{"start":{"line":55,"column":14},"end":{"line":57,"column":3}}},"9":{"name":"(anonymous_10)","decl":{"start":{"line":56,"column":45},"end":{"line":56,"column":46}},"loc":{"start":{"line":56,"column":55},"end":{"line":56,"column":87}}},"10":{"name":"(anonymous_11)","decl":{"start":{"line":59,"column":2},"end":{"line":59,"column":6}},"loc":{"start":{"line":59,"column":11},"end":{"line":64,"column":3}}},"11":{"name":"(anonymous_12)","decl":{"start":{"line":63,"column":27},"end":{"line":63,"column":28}},"loc":{"start":{"line":63,"column":37},"end":{"line":63,"column":60}}},"12":{"name":"(anonymous_13)","decl":{"start":{"line":66,"column":2},"end":{"line":66,"column":9}},"loc":{"start":{"line":66,"column":33},"end":{"line":71,"column":3}}},"13":{"name":"(anonymous_14)","decl":{"start":{"line":73,"column":2},"end":{"line":73,"column":9}},"loc":{"start":{"line":73,"column":33},"end":{"line":76,"column":3}}},"14":{"name":"(anonymous_15)","decl":{"start":{"line":75,"column":28},"end":{"line":75,"column":29}},"loc":{"start":{"line":75,"column":43},"end":{"line":75,"column":67}}},"15":{"name":"(anonymous_16)","decl":{"start":{"line":78,"column":2},"end":{"line":78,"column":12}},"loc":{"start":{"line":78,"column":36},"end":{"line":84,"column":3}}},"16":{"name":"(anonymous_17)","decl":{"start":{"line":83,"column":37},"end":{"line":83,"column":38}},"loc":{"start":{"line":83,"column":52},"end":{"line":83,"column":76}}},"17":{"name":"(anonymous_18)","decl":{"start":{"line":86,"column":2},"end":{"line":86,"column":9}},"loc":{"start":{"line":86,"column":33},"end":{"line":91,"column":3}}}},"branchMap":{"0":{"loc":{"start":{"line":14,"column":4},"end":{"line":16,"column":5}},"type":"if","locations":[{"start":{"line":14,"column":4},"end":{"line":16,"column":5}}]},"1":{"loc":{"start":{"line":17,"column":4},"end":{"line":19,"column":5}},"type":"if","locations":[{"start":{"line":17,"column":4},"end":{"line":19,"column":5}}]},"2":{"loc":{"start":{"line":24,"column":4},"end":{"line":26,"column":5}},"type":"if","locations":[{"start":{"line":24,"column":4},"end":{"line":26,"column":5}}]},"3":{"loc":{"start":{"line":28,"column":6},"end":{"line":30,"column":67}},"type":"binary-expr","locations":[{"start":{"line":28,"column":6},"end":{"line":28,"column":21}},{"start":{"line":29,"column":6},"end":{"line":29,"column":31}},{"start":{"line":30,"column":6},"end":{"line":30,"column":67}}]},"4":{"loc":{"start":{"line":34,"column":22},"end":{"line":34,"column":37}},"type":"default-arg","locations":[{"start":{"line":34,"column":34},"end":{"line":34,"column":37}}]},"5":{"loc":{"start":{"line":34,"column":39},"end":{"line":34,"column":61}},"type":"default-arg","locations":[{"start":{"line":34,"column":59},"end":{"line":34,"column":61}}]},"6":{"loc":{"start":{"line":35,"column":4},"end":{"line":37,"column":5}},"type":"if","locations":[{"start":{"line":35,"column":4},"end":{"line":37,"column":5}}]},"7":{"loc":{"start":{"line":40,"column":21},"end":{"line":43,"column":6}},"type":"cond-expr","locations":[{"start":{"line":40,"column":31},"end":{"line":40,"column":33}},{"start":{"line":40,"column":31},"end":{"line":43,"column":6}}]},"8":{"loc":{"start":{"line":40,"column":21},"end":{"line":40,"column":33}},"type":"binary-expr","locations":[{"start":{"line":40,"column":21},"end":{"line":40,"column":33}},{"start":{"line":40,"column":31},"end":{"line":40,"column":33}}]},"9":{"loc":{"start":{"line":42,"column":13},"end":{"line":42,"column":72}},"type":"cond-expr","locations":[{"start":{"line":42,"column":33},"end":{"line":42,"column":35}},{"start":{"line":42,"column":38},"end":{"line":42,"column":72}}]},"10":{"loc":{"start":{"line":44,"column":20},"end":{"line":44,"column":59}},"type":"cond-expr","locations":[{"start":{"line":44,"column":28},"end":{"line":44,"column":30}},{"start":{"line":44,"column":20},"end":{"line":44,"column":59}}]},"11":{"loc":{"start":{"line":44,"column":20},"end":{"line":44,"column":30}},"type":"binary-expr","locations":[{"start":{"line":44,"column":20},"end":{"line":44,"column":30}},{"start":{"line":44,"column":20},"end":{"line":44,"column":30}}]},"12":{"loc":{"start":{"line":45,"column":4},"end":{"line":51,"column":5}},"type":"if","locations":[{"start":{"line":45,"column":4},"end":{"line":51,"column":5}}]},"13":{"loc":{"start":{"line":45,"column":8},"end":{"line":45,"column":37}},"type":"binary-expr","locations":[{"start":{"line":45,"column":8},"end":{"line":45,"column":15}},{"start":{"line":45,"column":19},"end":{"line":45,"column":37}}]},"14":{"loc":{"start":{"line":46,"column":6},"end":{"line":50,"column":7}},"type":"if","locations":[{"start":{"line":46,"column":6},"end":{"line":50,"column":7}},{"start":{"line":48,"column":13},"end":{"line":50,"column":7}}]},"15":{"loc":{"start":{"line":56,"column":11},"end":{"line":56,"column":99}},"type":"cond-expr","locations":[{"start":{"line":56,"column":25},"end":{"line":56,"column":27}},{"start":{"line":56,"column":30},"end":{"line":56,"column":99}}]},"16":{"loc":{"start":{"line":60,"column":4},"end":{"line":62,"column":5}},"type":"if","locations":[{"start":{"line":60,"column":4},"end":{"line":62,"column":5}}]},"17":{"loc":{"start":{"line":63,"column":11},"end":{"line":63,"column":61}},"type":"cond-expr","locations":[{"start":{"line":63,"column":21},"end":{"line":63,"column":23}},{"start":{"line":63,"column":21},"end":{"line":63,"column":61}}]},"18":{"loc":{"start":{"line":63,"column":11},"end":{"line":63,"column":23}},"type":"binary-expr","locations":[{"start":{"line":63,"column":11},"end":{"line":63,"column":23}},{"start":{"line":63,"column":21},"end":{"line":63,"column":23}}]},"19":{"loc":{"start":{"line":67,"column":4},"end":{"line":69,"column":5}},"type":"if","locations":[{"start":{"line":67,"column":4},"end":{"line":69,"column":5}}]},"20":{"loc":{"start":{"line":70,"column":4},"end":{"line":70,"column":52}},"type":"cond-expr","locations":[{"start":{"line":70,"column":14},"end":{"line":70,"column":16}},{"start":{"line":70,"column":14},"end":{"line":70,"column":52}}]},"21":{"loc":{"start":{"line":70,"column":4},"end":{"line":70,"column":16}},"type":"binary-expr","locations":[{"start":{"line":70,"column":4},"end":{"line":70,"column":16}},{"start":{"line":70,"column":14},"end":{"line":70,"column":16}}]},"22":{"loc":{"start":{"line":75,"column":11},"end":{"line":75,"column":77}},"type":"cond-expr","locations":[{"start":{"line":75,"column":68},"end":{"line":75,"column":72}},{"start":{"line":75,"column":72},"end":{"line":75,"column":77}}]},"23":{"loc":{"start":{"line":75,"column":11},"end":{"line":75,"column":72}},"type":"binary-expr","locations":[{"start":{"line":75,"column":11},"end":{"line":75,"column":72}},{"start":{"line":75,"column":68},"end":{"line":75,"column":72}}]},"24":{"loc":{"start":{"line":75,"column":11},"end":{"line":75,"column":68}},"type":"cond-expr","locations":[{"start":{"line":75,"column":21},"end":{"line":75,"column":23}},{"start":{"line":75,"column":21},"end":{"line":75,"column":68}}]},"25":{"loc":{"start":{"line":75,"column":11},"end":{"line":75,"column":23}},"type":"binary-expr","locations":[{"start":{"line":75,"column":11},"end":{"line":75,"column":23}},{"start":{"line":75,"column":21},"end":{"line":75,"column":23}}]},"26":{"loc":{"start":{"line":79,"column":4},"end":{"line":81,"column":5}},"type":"if","locations":[{"start":{"line":79,"column":4},"end":{"line":81,"column":5}}]},"27":{"loc":{"start":{"line":83,"column":18},"end":{"line":83,"column":83}},"type":"cond-expr","locations":[{"start":{"line":83,"column":77},"end":{"line":83,"column":81}},{"start":{"line":83,"column":81},"end":{"line":83,"column":83}}]},"28":{"loc":{"start":{"line":83,"column":18},"end":{"line":83,"column":81}},"type":"binary-expr","locations":[{"start":{"line":83,"column":18},"end":{"line":83,"column":81}},{"start":{"line":83,"column":77},"end":{"line":83,"column":81}}]},"29":{"loc":{"start":{"line":83,"column":18},"end":{"line":83,"column":77}},"type":"cond-expr","locations":[{"start":{"line":83,"column":28},"end":{"line":83,"column":30}},{"start":{"line":83,"column":28},"end":{"line":83,"column":77}}]},"30":{"loc":{"start":{"line":83,"column":18},"end":{"line":83,"column":30}},"type":"binary-expr","locations":[{"start":{"line":83,"column":18},"end":{"line":83,"column":30}},{"start":{"line":83,"column":28},"end":{"line":83,"column":30}}]},"31":{"loc":{"start":{"line":87,"column":4},"end":{"line":89,"column":5}},"type":"if","locations":[{"start":{"line":87,"column":4},"end":{"line":89,"column":5}}]}},"s":{"0":10,"1":10,"2":10,"3":10,"4":91,"5":22,"6":69,"7":11,"8":58,"9":67,"10":59,"11":18,"12":5,"13":13,"14":14,"15":16,"16":5,"17":11,"18":11,"19":12,"20":12,"21":11,"22":12,"23":11,"24":4,"25":4,"26":0,"27":11,"28":0,"29":0,"30":41,"31":6,"32":35,"33":41,"34":17,"35":6,"36":17,"37":19,"38":19,"39":25,"40":11,"41":2,"42":9,"43":9,"44":9,"45":6,"46":3,"47":3,"48":10,"49":10},"f":{"0":91,"1":67,"2":59,"3":18,"4":14,"5":16,"6":12,"7":12,"8":0,"9":0,"10":41,"11":41,"12":17,"13":19,"14":25,"15":11,"16":9,"17":6},"b":{"0":[22],"1":[11],"2":[5],"3":[13,10,10],"4":[16],"5":[16],"6":[5],"7":[0,11],"8":[11,11],"9":[7,5],"10":[0,11],"11":[11,11],"12":[4],"13":[11,11],"14":[4,0],"15":[0,0],"16":[6],"17":[0,35],"18":[35,35],"19":[6],"20":[0,17],"21":[17,17],"22":[17,2],"23":[19,19],"24":[2,17],"25":[19,17],"26":[2],"27":[9,0],"28":[9,9],"29":[0,9],"30":[9,9],"31":[3]}}
,"/Users/guillermo/project/misa/archi-code-core/packages/domain/src/type/abstract-boolean-type.ts": {"path":"/Users/guillermo/project/misa/archi-code-core/packages/domain/src/type/abstract-boolean-type.ts","statementMap":{"0":{"start":{"line":1,"column":0},"end":{"line":1,"column":47}},"1":{"start":{"line":2,"column":0},"end":{"line":2,"column":68}},"2":{"start":{"line":3,"column":0},"end":{"line":3,"column":85}},"3":{"start":{"line":4,"column":0},"end":{"line":4,"column":48}},"4":{"start":{"line":5,"column":0},"end":{"line":5,"column":87}},"5":{"start":{"line":8,"column":7},"end":{"line":25,"column":null}},"6":{"start":{"line":13,"column":4},"end":{"line":15,"column":5}},"7":{"start":{"line":14,"column":6},"end":{"line":14,"column":18}},"8":{"start":{"line":16,"column":4},"end":{"line":18,"column":5}},"9":{"start":{"line":17,"column":6},"end":{"line":17,"column":57}},"10":{"start":{"line":19,"column":4},"end":{"line":22,"column":5}},"11":{"start":{"line":20,"column":6},"end":{"line":20,"column":41}},"12":{"start":{"line":21,"column":6},"end":{"line":21,"column":47}},"13":{"start":{"line":23,"column":4},"end":{"line":23,"column":19}},"14":{"start":{"line":8,"column":13},"end":{"line":8,"column":32}},"15":{"start":{"line":8,"column":13},"end":{"line":25,"column":null}}},"fnMap":{"0":{"name":"(anonymous_1)","decl":{"start":{"line":12,"column":12},"end":{"line":12,"column":18}},"loc":{"start":{"line":12,"column":29},"end":{"line":24,"column":3}}}},"branchMap":{"0":{"loc":{"start":{"line":13,"column":4},"end":{"line":15,"column":5}},"type":"if","locations":[{"start":{"line":13,"column":4},"end":{"line":15,"column":5}}]},"1":{"loc":{"start":{"line":16,"column":4},"end":{"line":18,"column":5}},"type":"if","locations":[{"start":{"line":16,"column":4},"end":{"line":18,"column":5}}]},"2":{"loc":{"start":{"line":19,"column":4},"end":{"line":22,"column":5}},"type":"if","locations":[{"start":{"line":19,"column":4},"end":{"line":22,"column":5}}]},"3":{"loc":{"start":{"line":21,"column":13},"end":{"line":21,"column":46}},"type":"binary-expr","locations":[{"start":{"line":21,"column":13},"end":{"line":21,"column":29}},{"start":{"line":21,"column":33},"end":{"line":21,"column":46}}]}},"s":{"0":10,"1":10,"2":10,"3":10,"4":10,"5":10,"6":165,"7":14,"8":151,"9":51,"10":100,"11":72,"12":72,"13":28,"14":10,"15":10},"f":{"0":165},"b":{"0":[14],"1":[51],"2":[72],"3":[72,46]}}
,"/Users/guillermo/project/misa/archi-code-core/packages/domain/src/type/abstract-date-type.ts": {"path":"/Users/guillermo/project/misa/archi-code-core/packages/domain/src/type/abstract-date-type.ts","statementMap":{"0":{"start":{"line":1,"column":0},"end":{"line":1,"column":47}},"1":{"start":{"line":2,"column":0},"end":{"line":2,"column":68}},"2":{"start":{"line":3,"column":0},"end":{"line":3,"column":70}},"3":{"start":{"line":4,"column":0},"end":{"line":4,"column":45}},"4":{"start":{"line":5,"column":0},"end":{"line":5,"column":87}},"5":{"start":{"line":8,"column":7},"end":{"line":25,"column":null}},"6":{"start":{"line":13,"column":4},"end":{"line":15,"column":5}},"7":{"start":{"line":14,"column":6},"end":{"line":14,"column":18}},"8":{"start":{"line":16,"column":4},"end":{"line":18,"column":5}},"9":{"start":{"line":17,"column":6},"end":{"line":17,"column":54}},"10":{"start":{"line":19,"column":4},"end":{"line":19,"column":63}},"11":{"start":{"line":23,"column":4},"end":{"line":23,"column":82}},"12":{"start":{"line":8,"column":13},"end":{"line":8,"column":29}},"13":{"start":{"line":8,"column":13},"end":{"line":25,"column":null}}},"fnMap":{"0":{"name":"(anonymous_1)","decl":{"start":{"line":12,"column":12},"end":{"line":12,"column":18}},"loc":{"start":{"line":12,"column":29},"end":{"line":20,"column":3}}},"1":{"name":"(anonymous_2)","decl":{"start":{"line":22,"column":2},"end":{"line":22,"column":6}},"loc":{"start":{"line":22,"column":14},"end":{"line":24,"column":3}}}},"branchMap":{"0":{"loc":{"start":{"line":13,"column":4},"end":{"line":15,"column":5}},"type":"if","locations":[{"start":{"line":13,"column":4},"end":{"line":15,"column":5}}]},"1":{"loc":{"start":{"line":16,"column":4},"end":{"line":18,"column":5}},"type":"if","locations":[{"start":{"line":16,"column":4},"end":{"line":18,"column":5}}]},"2":{"loc":{"start":{"line":19,"column":11},"end":{"line":19,"column":62}},"type":"cond-expr","locations":[{"start":{"line":19,"column":39},"end":{"line":19,"column":54}},{"start":{"line":19,"column":57},"end":{"line":19,"column":62}}]},"3":{"loc":{"start":{"line":23,"column":11},"end":{"line":23,"column":81}},"type":"cond-expr","locations":[{"start":{"line":23,"column":40},"end":{"line":23,"column":64}},{"start":{"line":23,"column":67},"end":{"line":23,"column":81}}]}},"s":{"0":10,"1":10,"2":10,"3":10,"4":10,"5":10,"6":105,"7":12,"8":93,"9":55,"10":38,"11":4,"12":10,"13":10},"f":{"0":105,"1":4},"b":{"0":[12],"1":[55],"2":[20,18],"3":[2,2]}}
,"/Users/guillermo/project/misa/archi-code-core/packages/domain/src/type/abstract-enum-type.ts": {"path":"/Users/guillermo/project/misa/archi-code-core/packages/domain/src/type/abstract-enum-type.ts","statementMap":{"0":{"start":{"line":1,"column":0},"end":{"line":1,"column":47}},"1":{"start":{"line":2,"column":0},"end":{"line":2,"column":87}},"2":{"start":{"line":11,"column":4},"end":{"line":13,"column":5}},"3":{"start":{"line":12,"column":6},"end":{"line":12,"column":18}},"4":{"start":{"line":14,"column":23},"end":{"line":14,"column":52}},"5":{"start":{"line":15,"column":4},"end":{"line":17,"column":5}},"6":{"start":{"line":16,"column":6},"end":{"line":16,"column":96}},"7":{"start":{"line":19,"column":4},"end":{"line":19,"column":22}},"8":{"start":{"line":4,"column":0},"end":{"line":4,"column":22}}},"fnMap":{"0":{"name":"(anonymous_0)","decl":{"start":{"line":10,"column":12},"end":{"line":10,"column":18}},"loc":{"start":{"line":10,"column":34},"end":{"line":20,"column":3}}}},"branchMap":{"0":{"loc":{"start":{"line":11,"column":4},"end":{"line":13,"column":5}},"type":"if","locations":[{"start":{"line":11,"column":4},"end":{"line":13,"column":5}}]},"1":{"loc":{"start":{"line":15,"column":4},"end":{"line":17,"column":5}},"type":"if","locations":[{"start":{"line":15,"column":4},"end":{"line":17,"column":5}}]}},"s":{"0":11,"1":11,"2":128,"3":11,"4":117,"5":117,"6":93,"7":24,"8":11},"f":{"0":128},"b":{"0":[11],"1":[93]}}
,"/Users/guillermo/project/misa/archi-code-core/packages/domain/src/type/abstract-json-type.ts": {"path":"/Users/guillermo/project/misa/archi-code-core/packages/domain/src/type/abstract-json-type.ts","statementMap":{"0":{"start":{"line":1,"column":0},"end":{"line":1,"column":47}},"1":{"start":{"line":2,"column":0},"end":{"line":2,"column":68}},"2":{"start":{"line":3,"column":0},"end":{"line":3,"column":45}},"3":{"start":{"line":4,"column":0},"end":{"line":4,"column":70}},"4":{"start":{"line":5,"column":0},"end":{"line":5,"column":87}},"5":{"start":{"line":10,"column":7},"end":{"line":23,"column":null}},"6":{"start":{"line":15,"column":4},"end":{"line":17,"column":5}},"7":{"start":{"line":16,"column":6},"end":{"line":16,"column":18}},"8":{"start":{"line":18,"column":4},"end":{"line":20,"column":5}},"9":{"start":{"line":19,"column":6},"end":{"line":19,"column":54}},"10":{"start":{"line":21,"column":4},"end":{"line":21,"column":65}},"11":{"start":{"line":10,"column":13},"end":{"line":10,"column":29}},"12":{"start":{"line":10,"column":13},"end":{"line":23,"column":null}}},"fnMap":{"0":{"name":"(anonymous_1)","decl":{"start":{"line":14,"column":12},"end":{"line":14,"column":18}},"loc":{"start":{"line":14,"column":29},"end":{"line":22,"column":3}}}},"branchMap":{"0":{"loc":{"start":{"line":15,"column":4},"end":{"line":17,"column":5}},"type":"if","locations":[{"start":{"line":15,"column":4},"end":{"line":17,"column":5}}]},"1":{"loc":{"start":{"line":18,"column":4},"end":{"line":20,"column":5}},"type":"if","locations":[{"start":{"line":18,"column":4},"end":{"line":20,"column":5}}]},"2":{"loc":{"start":{"line":21,"column":11},"end":{"line":21,"column":64}},"type":"cond-expr","locations":[{"start":{"line":21,"column":39},"end":{"line":21,"column":56}},{"start":{"line":21,"column":59},"end":{"line":21,"column":64}}]}},"s":{"0":11,"1":11,"2":11,"3":11,"4":11,"5":11,"6":87,"7":12,"8":75,"9":59,"10":16,"11":11,"12":11},"f":{"0":87},"b":{"0":[12],"1":[59],"2":[2,14]}}
,"/Users/guillermo/project/misa/archi-code-core/packages/domain/src/type/abstract-number-type.ts": {"path":"/Users/guillermo/project/misa/archi-code-core/packages/domain/src/type/abstract-number-type.ts","statementMap":{"0":{"start":{"line":1,"column":0},"end":{"line":1,"column":47}},"1":{"start":{"line":2,"column":0},"end":{"line":2,"column":47}},"2":{"start":{"line":3,"column":0},"end":{"line":3,"column":68}},"3":{"start":{"line":4,"column":0},"end":{"line":4,"column":83}},"4":{"start":{"line":5,"column":0},"end":{"line":5,"column":87}},"5":{"start":{"line":8,"column":7},"end":{"line":23,"column":null}},"6":{"start":{"line":13,"column":4},"end":{"line":15,"column":5}},"7":{"start":{"line":14,"column":6},"end":{"line":14,"column":18}},"8":{"start":{"line":17,"column":4},"end":{"line":19,"column":5}},"9":{"start":{"line":18,"column":6},"end":{"line":18,"column":56}},"10":{"start":{"line":20,"column":19},"end":{"line":20,"column":32}},"11":{"start":{"line":21,"column":4},"end":{"line":21,"column":50}},"12":{"start":{"line":8,"column":13},"end":{"line":8,"column":31}},"13":{"start":{"line":8,"column":13},"end":{"line":23,"column":null}}},"fnMap":{"0":{"name":"(anonymous_1)","decl":{"start":{"line":12,"column":12},"end":{"line":12,"column":18}},"loc":{"start":{"line":12,"column":29},"end":{"line":22,"column":3}}}},"branchMap":{"0":{"loc":{"start":{"line":13,"column":4},"end":{"line":15,"column":5}},"type":"if","locations":[{"start":{"line":13,"column":4},"end":{"line":15,"column":5}}]},"1":{"loc":{"start":{"line":17,"column":4},"end":{"line":19,"column":5}},"type":"if","locations":[{"start":{"line":17,"column":4},"end":{"line":19,"column":5}}]},"2":{"loc":{"start":{"line":21,"column":11},"end":{"line":21,"column":49}},"type":"cond-expr","locations":[{"start":{"line":21,"column":27},"end":{"line":21,"column":30}},{"start":{"line":21,"column":33},"end":{"line":21,"column":49}}]}},"s":{"0":10,"1":10,"2":10,"3":10,"4":10,"5":10,"6":368,"7":14,"8":354,"9":86,"10":268,"11":268,"12":10,"13":10},"f":{"0":368},"b":{"0":[14],"1":[86],"2":[0,268]}}
,"/Users/guillermo/project/misa/archi-code-core/packages/domain/src/type/abstract-string-type.ts": {"path":"/Users/guillermo/project/misa/archi-code-core/packages/domain/src/type/abstract-string-type.ts","statementMap":{"0":{"start":{"line":1,"column":0},"end":{"line":1,"column":47}},"1":{"start":{"line":2,"column":0},"end":{"line":2,"column":68}},"2":{"start":{"line":3,"column":0},"end":{"line":3,"column":83}},"3":{"start":{"line":5,"column":0},"end":{"line":5,"column":87}},"4":{"start":{"line":6,"column":0},"end":{"line":6,"column":47}},"5":{"start":{"line":9,"column":7},"end":{"line":26,"column":null}},"6":{"start":{"line":14,"column":4},"end":{"line":16,"column":5}},"7":{"start":{"line":15,"column":6},"end":{"line":15,"column":18}},"8":{"start":{"line":18,"column":4},"end":{"line":20,"column":5}},"9":{"start":{"line":19,"column":6},"end":{"line":19,"column":56}},"10":{"start":{"line":21,"column":4},"end":{"line":23,"column":5}},"11":{"start":{"line":22,"column":6},"end":{"line":22,"column":38}},"12":{"start":{"line":24,"column":4},"end":{"line":24,"column":22}},"13":{"start":{"line":9,"column":13},"end":{"line":9,"column":31}},"14":{"start":{"line":9,"column":13},"end":{"line":26,"column":null}}},"fnMap":{"0":{"name":"(anonymous_1)","decl":{"start":{"line":13,"column":12},"end":{"line":13,"column":18}},"loc":{"start":{"line":13,"column":29},"end":{"line":25,"column":3}}}},"branchMap":{"0":{"loc":{"start":{"line":14,"column":4},"end":{"line":16,"column":5}},"type":"if","locations":[{"start":{"line":14,"column":4},"end":{"line":16,"column":5}}]},"1":{"loc":{"start":{"line":18,"column":4},"end":{"line":20,"column":5}},"type":"if","locations":[{"start":{"line":18,"column":4},"end":{"line":20,"column":5}}]},"2":{"loc":{"start":{"line":21,"column":4},"end":{"line":23,"column":5}},"type":"if","locations":[{"start":{"line":21,"column":4},"end":{"line":23,"column":5}}]},"3":{"loc":{"start":{"line":22,"column":13},"end":{"line":22,"column":37}},"type":"cond-expr","locations":[{"start":{"line":22,"column":21},"end":{"line":22,"column":27}},{"start":{"line":22,"column":30},"end":{"line":22,"column":37}}]}},"s":{"0":10,"1":10,"2":10,"3":10,"4":10,"5":10,"6":246,"7":44,"8":202,"9":53,"10":149,"11":0,"12":149,"13":10,"14":10},"f":{"0":246},"b":{"0":[44],"1":[53],"2":[0],"3":[0,0]}}
,"/Users/guillermo/project/misa/archi-code-core/packages/domain/src/type/abstract-type.ts": {"path":"/Users/guillermo/project/misa/archi-code-core/packages/domain/src/type/abstract-type.ts","statementMap":{"0":{"start":{"line":1,"column":0},"end":{"line":1,"column":55}},"1":{"start":{"line":3,"column":0},"end":{"line":3,"column":47}},"2":{"start":{"line":12,"column":4},"end":{"line":12,"column":45}},"3":{"start":{"line":16,"column":4},"end":{"line":16,"column":23}},"4":{"start":{"line":20,"column":4},"end":{"line":20,"column":32}},"5":{"start":{"line":24,"column":4},"end":{"line":24,"column":24}},"6":{"start":{"line":28,"column":4},"end":{"line":28,"column":43}},"7":{"start":{"line":32,"column":19},"end":{"line":32,"column":37}},"8":{"start":{"line":33,"column":17},"end":{"line":44,"column":6}},"9":{"start":{"line":34,"column":6},"end":{"line":42,"column":7}},"10":{"start":{"line":35,"column":8},"end":{"line":41,"column":60}},"11":{"start":{"line":37,"column":12},"end":{"line":39,"column":14}},"12":{"start":{"line":41,"column":33},"end":{"line":41,"column":54}},"13":{"start":{"line":43,"column":6},"end":{"line":43,"column":16}},"14":{"start":{"line":45,"column":4},"end":{"line":45,"column":42}},"15":{"start":{"line":49,"column":4},"end":{"line":49,"column":92}},"16":{"start":{"line":53,"column":4},"end":{"line":53,"column":61}},"17":{"start":{"line":5,"column":0},"end":{"line":5,"column":22}}},"fnMap":{"0":{"name":"(anonymous_0)","decl":{"start":{"line":11,"column":2},"end":{"line":11,"column":14}},"loc":{"start":{"line":11,"column":50},"end":{"line":13,"column":3}}},"1":{"name":"(anonymous_1)","decl":{"start":{"line":15,"column":2},"end":{"line":15,"column":6}},"loc":{"start":{"line":15,"column":11},"end":{"line":17,"column":3}}},"2":{"name":"(anonymous_2)","decl":{"start":{"line":19,"column":2},"end":{"line":19,"column":6}},"loc":{"start":{"line":19,"column":12},"end":{"line":21,"column":3}}},"3":{"name":"(anonymous_3)","decl":{"start":{"line":23,"column":2},"end":{"line":23,"column":6}},"loc":{"start":{"line":23,"column":15},"end":{"line":25,"column":3}}},"4":{"name":"(anonymous_4)","decl":{"start":{"line":27,"column":2},"end":{"line":27,"column":9}},"loc":{"start":{"line":27,"column":9},"end":{"line":29,"column":3}}},"5":{"name":"(anonymous_5)","decl":{"start":{"line":31,"column":2},"end":{"line":31,"column":21}},"loc":{"start":{"line":31,"column":44},"end":{"line":46,"column":3}}},"6":{"name":"(anonymous_6)","decl":{"start":{"line":33,"column":28},"end":{"line":33,"column":29}},"loc":{"start":{"line":33,"column":38},"end":{"line":44,"column":5}}},"7":{"name":"(anonymous_7)","decl":{"start":{"line":36,"column":15},"end":{"line":36,"column":16}},"loc":{"start":{"line":36,"column":34},"end":{"line":40,"column":11}}},"8":{"name":"(anonymous_8)","decl":{"start":{"line":41,"column":18},"end":{"line":41,"column":19}},"loc":{"start":{"line":41,"column":33},"end":{"line":41,"column":54}}},"9":{"name":"(anonymous_9)","decl":{"start":{"line":48,"column":2},"end":{"line":48,"column":21}},"loc":{"start":{"line":48,"column":61},"end":{"line":50,"column":3}}},"10":{"name":"(anonymous_10)","decl":{"start":{"line":52,"column":2},"end":{"line":52,"column":6}},"loc":{"start":{"line":52,"column":14},"end":{"line":54,"column":3}}}},"branchMap":{"0":{"loc":{"start":{"line":12,"column":30},"end":{"line":12,"column":43}},"type":"cond-expr","locations":[{"start":{"line":12,"column":30},"end":{"line":12,"column":35}},{"start":{"line":12,"column":39},"end":{"line":12,"column":43}}]},"1":{"loc":{"start":{"line":12,"column":30},"end":{"line":12,"column":39}},"type":"binary-expr","locations":[{"start":{"line":12,"column":30},"end":{"line":12,"column":39}},{"start":{"line":12,"column":30},"end":{"line":12,"column":39}}]},"2":{"loc":{"start":{"line":31,"column":22},"end":{"line":31,"column":44}},"type":"default-arg","locations":[{"start":{"line":31,"column":42},"end":{"line":31,"column":44}}]},"3":{"loc":{"start":{"line":34,"column":6},"end":{"line":42,"column":7}},"type":"if","locations":[{"start":{"line":34,"column":6},"end":{"line":42,"column":7}}]},"4":{"loc":{"start":{"line":38,"column":48},"end":{"line":38,"column":96}},"type":"cond-expr","locations":[{"start":{"line":38,"column":68},"end":{"line":38,"column":91}},{"start":{"line":38,"column":94},"end":{"line":38,"column":96}}]},"5":{"loc":{"start":{"line":45,"column":11},"end":{"line":45,"column":41}},"type":"cond-expr","locations":[{"start":{"line":45,"column":29},"end":{"line":45,"column":36}},{"start":{"line":45,"column":39},"end":{"line":45,"column":41}}]},"6":{"loc":{"start":{"line":48,"column":22},"end":{"line":48,"column":37}},"type":"default-arg","locations":[{"start":{"line":48,"column":34},"end":{"line":48,"column":37}}]},"7":{"loc":{"start":{"line":48,"column":39},"end":{"line":48,"column":61}},"type":"default-arg","locations":[{"start":{"line":48,"column":59},"end":{"line":48,"column":61}}]},"8":{"loc":{"start":{"line":53,"column":11},"end":{"line":53,"column":60}},"type":"cond-expr","locations":[{"start":{"line":53,"column":25},"end":{"line":53,"column":27}},{"start":{"line":53,"column":30},"end":{"line":53,"column":60}}]}},"s":{"0":14,"1":14,"2":1349,"3":497,"4":100,"5":1,"6":132,"7":53,"8":53,"9":38,"10":38,"11":79,"12":79,"13":0,"14":53,"15":53,"16":25,"17":14},"f":{"0":1349,"1":497,"2":100,"3":1,"4":132,"5":53,"6":38,"7":79,"8":79,"9":53,"10":25},"b":{"0":[1200,149],"1":[1349,1245],"2":[0],"3":[38],"4":[0,79],"5":[38,15],"6":[29],"7":[30],"8":[12,13]}}
,"/Users/guillermo/project/misa/archi-code-core/packages/domain/src/type/abstract-uuid-type.ts": {"path":"/Users/guillermo/project/misa/archi-code-core/packages/domain/src/type/abstract-uuid-type.ts","statementMap":{"0":{"start":{"line":1,"column":0},"end":{"line":1,"column":50}},"1":{"start":{"line":2,"column":0},"end":{"line":2,"column":47}},"2":{"start":{"line":3,"column":0},"end":{"line":3,"column":68}},"3":{"start":{"line":4,"column":0},"end":{"line":4,"column":41}},"4":{"start":{"line":5,"column":0},"end":{"line":5,"column":87}},"5":{"start":{"line":7,"column":22},"end":{"line":7,"column":60}},"6":{"start":{"line":10,"column":7},"end":{"line":33,"column":null}},"7":{"start":{"line":15,"column":4},"end":{"line":15,"column":20}},"8":{"start":{"line":19,"column":4},"end":{"line":19,"column":36}},"9":{"start":{"line":23,"column":4},"end":{"line":25,"column":5}},"10":{"start":{"line":24,"column":6},"end":{"line":24,"column":18}},"11":{"start":{"line":27,"column":4},"end":{"line":29,"column":5}},"12":{"start":{"line":28,"column":6},"end":{"line":28,"column":54}},"13":{"start":{"line":31,"column":4},"end":{"line":31,"column":17}},"14":{"start":{"line":10,"column":13},"end":{"line":10,"column":29}},"15":{"start":{"line":10,"column":13},"end":{"line":33,"column":null}}},"fnMap":{"0":{"name":"(anonymous_1)","decl":{"start":{"line":14,"column":2},"end":{"line":14,"column":8}},"loc":{"start":{"line":14,"column":15},"end":{"line":16,"column":3}}},"1":{"name":"(anonymous_2)","decl":{"start":{"line":18,"column":2},"end":{"line":18,"column":8}},"loc":{"start":{"line":18,"column":67},"end":{"line":20,"column":3}}},"2":{"name":"(anonymous_3)","decl":{"start":{"line":22,"column":12},"end":{"line":22,"column":18}},"loc":{"start":{"line":22,"column":29},"end":{"line":32,"column":3}}}},"branchMap":{"0":{"loc":{"start":{"line":18,"column":34},"end":{"line":18,"column":67}},"type":"default-arg","locations":[{"start":{"line":18,"column":54},"end":{"line":18,"column":67}}]},"1":{"loc":{"start":{"line":23,"column":4},"end":{"line":25,"column":5}},"type":"if","locations":[{"start":{"line":23,"column":4},"end":{"line":25,"column":5}}]},"2":{"loc":{"start":{"line":27,"column":4},"end":{"line":29,"column":5}},"type":"if","locations":[{"start":{"line":27,"column":4},"end":{"line":29,"column":5}}]}},"s":{"0":10,"1":10,"2":10,"3":10,"4":10,"5":10,"6":10,"7":4,"8":8,"9":152,"10":16,"11":136,"12":84,"13":52,"14":10,"15":10},"f":{"0":4,"1":8,"2":152},"b":{"0":[8],"1":[16],"2":[84]}}
,"/Users/guillermo/project/misa/archi-code-core/packages/domain/src/type/index.ts": {"path":"/Users/guillermo/project/misa/archi-code-core/packages/domain/src/type/index.ts","statementMap":{"0":{"start":{"line":1,"column":0},"end":{"line":1,"column":68}},"1":{"start":{"line":2,"column":0},"end":{"line":2,"column":62}},"2":{"start":{"line":3,"column":0},"end":{"line":3,"column":56}},"3":{"start":{"line":4,"column":0},"end":{"line":4,"column":60}},"4":{"start":{"line":5,"column":0},"end":{"line":5,"column":60}},"5":{"start":{"line":6,"column":0},"end":{"line":6,"column":56}},"6":{"start":{"line":8,"column":0},"end":{"line":8,"column":9}},"7":{"start":{"line":8,"column":9},"end":{"line":8,"column":58}},"8":{"start":{"line":9,"column":0},"end":{"line":9,"column":9}},"9":{"start":{"line":9,"column":9},"end":{"line":9,"column":62}},"10":{"start":{"line":10,"column":0},"end":{"line":10,"column":9}},"11":{"start":{"line":10,"column":9},"end":{"line":10,"column":56}},"12":{"start":{"line":11,"column":0},"end":{"line":11,"column":9}},"13":{"start":{"line":11,"column":9},"end":{"line":11,"column":56}},"14":{"start":{"line":12,"column":0},"end":{"line":12,"column":9}},"15":{"start":{"line":12,"column":9},"end":{"line":12,"column":56}},"16":{"start":{"line":13,"column":0},"end":{"line":13,"column":9}},"17":{"start":{"line":13,"column":9},"end":{"line":13,"column":60}},"18":{"start":{"line":14,"column":0},"end":{"line":14,"column":9}},"19":{"start":{"line":14,"column":9},"end":{"line":14,"column":60}},"20":{"start":{"line":15,"column":0},"end":{"line":15,"column":9}},"21":{"start":{"line":15,"column":9},"end":{"line":15,"column":56}},"22":{"start":{"line":16,"column":0},"end":{"line":16,"column":9}},"23":{"start":{"line":16,"column":9},"end":{"line":16,"column":68}},"24":{"start":{"line":20,"column":7},"end":{"line":24,"column":null}},"25":{"start":{"line":22,"column":4},"end":{"line":22,"column":17}},"26":{"start":{"line":20,"column":13},"end":{"line":20,"column":32}},"27":{"start":{"line":20,"column":13},"end":{"line":24,"column":null}},"28":{"start":{"line":27,"column":7},"end":{"line":27,"column":null}},"29":{"start":{"line":27,"column":13},"end":{"line":27,"column":32}},"30":{"start":{"line":27,"column":13},"end":{"line":27,"column":null}},"31":{"start":{"line":32,"column":7},"end":{"line":36,"column":null}},"32":{"start":{"line":34,"column":4},"end":{"line":34,"column":17}},"33":{"start":{"line":32,"column":13},"end":{"line":32,"column":29}},"34":{"start":{"line":32,"column":13},"end":{"line":36,"column":null}},"35":{"start":{"line":39,"column":7},"end":{"line":39,"column":null}},"36":{"start":{"line":39,"column":13},"end":{"line":39,"column":29}},"37":{"start":{"line":39,"column":13},"end":{"line":39,"column":null}},"38":{"start":{"line":43,"column":4},"end":{"line":43,"column":37}},"39":{"start":{"line":41,"column":0},"end":{"line":41,"column":13}},"40":{"start":{"line":49,"column":4},"end":{"line":49,"column":37}},"41":{"start":{"line":53,"column":4},"end":{"line":53,"column":29}},"42":{"start":{"line":47,"column":0},"end":{"line":47,"column":13}},"43":{"start":{"line":60,"column":7},"end":{"line":64,"column":null}},"44":{"start":{"line":62,"column":4},"end":{"line":62,"column":17}},"45":{"start":{"line":60,"column":13},"end":{"line":60,"column":29}},"46":{"start":{"line":60,"column":13},"end":{"line":64,"column":null}},"47":{"start":{"line":67,"column":7},"end":{"line":67,"column":null}},"48":{"start":{"line":67,"column":13},"end":{"line":67,"column":29}},"49":{"start":{"line":67,"column":13},"end":{"line":67,"column":null}},"50":{"start":{"line":70,"column":7},"end":{"line":70,"column":null}},"51":{"start":{"line":70,"column":13},"end":{"line":70,"column":19}},"52":{"start":{"line":70,"column":13},"end":{"line":70,"column":null}},"53":{"start":{"line":74,"column":7},"end":{"line":78,"column":null}},"54":{"start":{"line":76,"column":4},"end":{"line":76,"column":17}},"55":{"start":{"line":74,"column":13},"end":{"line":74,"column":31}},"56":{"start":{"line":74,"column":13},"end":{"line":78,"column":null}},"57":{"start":{"line":81,"column":7},"end":{"line":81,"column":null}},"58":{"start":{"line":81,"column":13},"end":{"line":81,"column":31}},"59":{"start":{"line":81,"column":13},"end":{"line":81,"column":null}},"60":{"start":{"line":85,"column":7},"end":{"line":89,"column":null}},"61":{"start":{"line":87,"column":4},"end":{"line":87,"column":17}},"62":{"start":{"line":85,"column":13},"end":{"line":85,"column":31}},"63":{"start":{"line":85,"column":13},"end":{"line":89,"column":null}},"64":{"start":{"line":92,"column":7},"end":{"line":92,"column":null}},"65":{"start":{"line":92,"column":13},"end":{"line":92,"column":31}},"66":{"start":{"line":92,"column":13},"end":{"line":92,"column":null}}},"fnMap":{"0":{"name":"(anonymous_2)","decl":{"start":{"line":8,"column":9},"end":{"line":8,"column":26}},"loc":{"start":{"line":8,"column":9},"end":{"line":8,"column":58}}},"1":{"name":"(anonymous_3)","decl":{"start":{"line":9,"column":9},"end":{"line":9,"column":28}},"loc":{"start":{"line":9,"column":9},"end":{"line":9,"column":62}}},"2":{"name":"(anonymous_4)","decl":{"start":{"line":10,"column":9},"end":{"line":10,"column":25}},"loc":{"start":{"line":10,"column":9},"end":{"line":10,"column":56}}},"3":{"name":"(anonymous_5)","decl":{"start":{"line":11,"column":9},"end":{"line":11,"column":25}},"loc":{"start":{"line":11,"column":9},"end":{"line":11,"column":56}}},"4":{"name":"(anonymous_6)","decl":{"start":{"line":12,"column":9},"end":{"line":12,"column":25}},"loc":{"start":{"line":12,"column":9},"end":{"line":12,"column":56}}},"5":{"name":"(anonymous_7)","decl":{"start":{"line":13,"column":9},"end":{"line":13,"column":27}},"loc":{"start":{"line":13,"column":9},"end":{"line":13,"column":60}}},"6":{"name":"(anonymous_8)","decl":{"start":{"line":14,"column":9},"end":{"line":14,"column":27}},"loc":{"start":{"line":14,"column":9},"end":{"line":14,"column":60}}},"7":{"name":"(anonymous_9)","decl":{"start":{"line":15,"column":9},"end":{"line":15,"column":25}},"loc":{"start":{"line":15,"column":9},"end":{"line":15,"column":56}}},"8":{"name":"(anonymous_10)","decl":{"start":{"line":16,"column":9},"end":{"line":16,"column":20}},"loc":{"start":{"line":16,"column":9},"end":{"line":16,"column":68}}},"9":{"name":"(anonymous_11)","decl":{"start":{"line":21,"column":2},"end":{"line":21,"column":14}},"loc":{"start":{"line":21,"column":42},"end":{"line":23,"column":3}}},"10":{"name":"(anonymous_12)","decl":{"start":{"line":33,"column":2},"end":{"line":33,"column":14}},"loc":{"start":{"line":33,"column":39},"end":{"line":35,"column":3}}},"11":{"name":"(anonymous_13)","decl":{"start":{"line":42,"column":2},"end":{"line":42,"column":8}},"loc":{"start":{"line":42,"column":12},"end":{"line":44,"column":3}}},"12":{"name":"(anonymous_14)","decl":{"start":{"line":48,"column":2},"end":{"line":48,"column":8}},"loc":{"start":{"line":48,"column":12},"end":{"line":50,"column":3}}},"13":{"name":"(anonymous_15)","decl":{"start":{"line":52,"column":2},"end":{"line":52,"column":8}},"loc":{"start":{"line":52,"column":8},"end":{"line":54,"column":3}}},"14":{"name":"(anonymous_16)","decl":{"start":{"line":61,"column":2},"end":{"line":61,"column":14}},"loc":{"start":{"line":61,"column":41},"end":{"line":63,"column":3}}},"15":{"name":"(anonymous_17)","decl":{"start":{"line":75,"column":2},"end":{"line":75,"column":14}},"loc":{"start":{"line":75,"column":41},"end":{"line":77,"column":3}}},"16":{"name":"(anonymous_18)","decl":{"start":{"line":86,"column":2},"end":{"line":86,"column":14}},"loc":{"start":{"line":86,"column":41},"end":{"line":88,"column":3}}}},"branchMap":{"0":{"loc":{"start":{"line":21,"column":14},"end":{"line":21,"column":42}},"type":"default-arg","locations":[{"start":{"line":21,"column":38},"end":{"line":21,"column":42}}]},"1":{"loc":{"start":{"line":33,"column":14},"end":{"line":33,"column":39}},"type":"default-arg","locations":[{"start":{"line":33,"column":35},"end":{"line":33,"column":39}}]},"2":{"loc":{"start":{"line":61,"column":14},"end":{"line":61,"column":41}},"type":"default-arg","locations":[{"start":{"line":61,"column":37},"end":{"line":61,"column":41}}]},"3":{"loc":{"start":{"line":75,"column":14},"end":{"line":75,"column":41}},"type":"default-arg","locations":[{"start":{"line":75,"column":37},"end":{"line":75,"column":41}}]},"4":{"loc":{"start":{"line":86,"column":14},"end":{"line":86,"column":41}},"type":"default-arg","locations":[{"start":{"line":86,"column":37},"end":{"line":86,"column":41}}]}},"s":{"0":10,"1":10,"2":10,"3":10,"4":10,"5":10,"6":10,"7":11,"8":10,"9":10,"10":10,"11":10,"12":10,"13":12,"14":10,"15":10,"16":10,"17":13,"18":10,"19":11,"20":10,"21":16,"22":10,"23":10,"24":10,"25":88,"26":10,"27":10,"28":10,"29":10,"30":10,"31":10,"32":57,"33":10,"34":10,"35":10,"36":10,"37":10,"38":0,"39":10,"40":0,"41":0,"42":10,"43":10,"44":51,"45":10,"46":10,"47":10,"48":10,"49":10,"50":10,"51":10,"52":10,"53":10,"54":62,"55":10,"56":10,"57":10,"58":10,"59":10,"60":10,"61":55,"62":10,"63":10,"64":10,"65":10,"66":10},"f":{"0":1,"1":0,"2":0,"3":2,"4":0,"5":3,"6":1,"7":6,"8":0,"9":88,"10":57,"11":0,"12":0,"13":0,"14":51,"15":62,"16":55},"b":{"0":[6],"1":[5],"2":[6],"3":[6],"4":[5]}}
,"/Users/guillermo/project/misa/archi-code-core/packages/domain/src/validator/index.ts": {"path":"/Users/guillermo/project/misa/archi-code-core/packages/domain/src/validator/index.ts","statementMap":{"0":{"start":{"line":1,"column":0},"end":{"line":1,"column":56}},"1":{"start":{"line":2,"column":0},"end":{"line":2,"column":53}},"2":{"start":{"line":3,"column":0},"end":{"line":3,"column":53}},"3":{"start":{"line":4,"column":0},"end":{"line":4,"column":55}},"4":{"start":{"line":5,"column":0},"end":{"line":5,"column":55}},"5":{"start":{"line":6,"column":0},"end":{"line":6,"column":63}},"6":{"start":{"line":7,"column":0},"end":{"line":7,"column":52}},"7":{"start":{"line":8,"column":0},"end":{"line":8,"column":56}},"8":{"start":{"line":9,"column":0},"end":{"line":9,"column":43}},"9":{"start":{"line":10,"column":0},"end":{"line":10,"column":57}}},"fnMap":{},"branchMap":{},"s":{"0":11,"1":11,"2":11,"3":11,"4":11,"5":11,"6":11,"7":11,"8":11,"9":11},"f":{},"b":{}}
,"/Users/guillermo/project/misa/archi-code-core/packages/domain/src/validator/decorator/json-fotmat-validate.ts": {"path":"/Users/guillermo/project/misa/archi-code-core/packages/domain/src/validator/decorator/json-fotmat-validate.ts","statementMap":{"0":{"start":{"line":1,"column":0},"end":{"line":1,"column":42}},"1":{"start":{"line":3,"column":13},"end":{"line":5,"column":2}}},"fnMap":{},"branchMap":{},"s":{"0":12,"1":12},"f":{},"b":{}}
,"/Users/guillermo/project/misa/archi-code-core/packages/domain/src/validator/decorator/type-validator.ts": {"path":"/Users/guillermo/project/misa/archi-code-core/packages/domain/src/validator/decorator/type-validator.ts","statementMap":{"0":{"start":{"line":46,"column":0},"end":{"line":46,"column":16}},"1":{"start":{"line":91,"column":0},"end":{"line":91,"column":16}},"2":{"start":{"line":1,"column":0},"end":{"line":1,"column":26}},"3":{"start":{"line":2,"column":0},"end":{"line":2,"column":57}},"4":{"start":{"line":3,"column":0},"end":{"line":3,"column":64}},"5":{"start":{"line":4,"column":0},"end":{"line":4,"column":64}},"6":{"start":{"line":6,"column":0},"end":{"line":6,"column":49}},"7":{"start":{"line":13,"column":2},"end":{"line":29,"column":5}},"8":{"start":{"line":15,"column":4},"end":{"line":22,"column":5}},"9":{"start":{"line":16,"column":6},"end":{"line":16,"column":50}},"10":{"start":{"line":17,"column":6},"end":{"line":19,"column":7}},"11":{"start":{"line":18,"column":8},"end":{"line":18,"column":75}},"12":{"start":{"line":21,"column":6},"end":{"line":21,"column":35}},"13":{"start":{"line":24,"column":4},"end":{"line":28,"column":5}},"14":{"start":{"line":25,"column":6},"end":{"line":25,"column":74}},"15":{"start":{"line":27,"column":6},"end":{"line":27,"column":60}},"16":{"start":{"line":30,"column":2},"end":{"line":30,"column":85}},"17":{"start":{"line":34,"column":26},"end":{"line":34,"column":62}},"18":{"start":{"line":35,"column":2},"end":{"line":43,"column":3}},"19":{"start":{"line":36,"column":35},"end":{"line":38,"column":null}},"20":{"start":{"line":40,"column":4},"end":{"line":42,"column":5}},"21":{"start":{"line":41,"column":6},"end":{"line":41,"column":66}},"22":{"start":{"line":50,"column":2},"end":{"line":56,"column":4}},"23":{"start":{"line":51,"column":4},"end":{"line":51,"column":45}},"24":{"start":{"line":52,"column":4},"end":{"line":52,"column":58}},"25":{"start":{"line":53,"column":26},"end":{"line":53,"column":90}},"26":{"start":{"line":54,"column":26},"end":{"line":54,"column":86}},"27":{"start":{"line":55,"column":4},"end":{"line":55,"column":59}},"28":{"start":{"line":60,"column":2},"end":{"line":74,"column":5}},"29":{"start":{"line":61,"column":4},"end":{"line":73,"column":5}},"30":{"start":{"line":62,"column":24},"end":{"line":62,"column":53}},"31":{"start":{"line":63,"column":23},"end":{"line":63,"column":37}},"32":{"start":{"line":64,"column":6},"end":{"line":72,"column":7}},"33":{"start":{"line":65,"column":8},"end":{"line":71,"column":11}},"34":{"start":{"line":67,"column":10},"end":{"line":70,"column":12}},"35":{"start":{"line":75,"column":2},"end":{"line":75,"column":16}},"36":{"start":{"line":79,"column":20},"end":{"line":79,"column":22}},"37":{"start":{"line":80,"column":21},"end":{"line":80,"column":26}},"38":{"start":{"line":82,"column":2},"end":{"line":86,"column":3}},"39":{"start":{"line":84,"column":4},"end":{"line":84,"column":33}},"40":{"start":{"line":85,"column":4},"end":{"line":85,"column":55}},"41":{"start":{"line":88,"column":2},"end":{"line":88,"column":19}},"42":{"start":{"line":95,"column":17},"end":{"line":95,"column":55}},"43":{"start":{"line":96,"column":2},"end":{"line":98,"column":3}},"44":{"start":{"line":97,"column":4},"end":{"line":97,"column":18}},"45":{"start":{"line":99,"column":25},"end":{"line":99,"column":62}},"46":{"start":{"line":100,"column":17},"end":{"line":101,"column":null}},"47":{"start":{"line":101,"column":4},"end":{"line":101,"column":59}},"48":{"start":{"line":103,"column":2},"end":{"line":103,"column":64}}},"fnMap":{"0":{"name":"registerDecorator","decl":{"start":{"line":8,"column":9},"end":{"line":8,"column":26}},"loc":{"start":{"line":11,"column":21},"end":{"line":31,"column":1}}},"1":{"name":"(anonymous_1)","decl":{"start":{"line":13,"column":27},"end":{"line":13,"column":28}},"loc":{"start":{"line":13,"column":38},"end":{"line":29,"column":3}}},"2":{"name":"applyParentValidations","decl":{"start":{"line":33,"column":9},"end":{"line":33,"column":31}},"loc":{"start":{"line":33,"column":66},"end":{"line":44,"column":1}}},"3":{"name":"AddValidate","decl":{"start":{"line":46,"column":16},"end":{"line":46,"column":27}},"loc":{"start":{"line":48,"column":24},"end":{"line":57,"column":1}}},"4":{"name":"(anonymous_4)","decl":{"start":{"line":50,"column":9},"end":{"line":50,"column":19}},"loc":{"start":{"line":50,"column":32},"end":{"line":56,"column":3}}},"5":{"name":"replacePropertyWithClassName","decl":{"start":{"line":59,"column":9},"end":{"line":59,"column":37}},"loc":{"start":{"line":59,"column":63},"end":{"line":76,"column":1}}},"6":{"name":"(anonymous_6)","decl":{"start":{"line":60,"column":17},"end":{"line":60,"column":18}},"loc":{"start":{"line":60,"column":27},"end":{"line":74,"column":3}}},"7":{"name":"(anonymous_7)","decl":{"start":{"line":65,"column":47},"end":{"line":65,"column":48}},"loc":{"start":{"line":65,"column":55},"end":{"line":71,"column":9}}},"8":{"name":"getClassHierarchy","decl":{"start":{"line":78,"column":9},"end":{"line":78,"column":26}},"loc":{"start":{"line":78,"column":37},"end":{"line":89,"column":1}}},"9":{"name":"validateType","decl":{"start":{"line":91,"column":16},"end":{"line":91,"column":28}},"loc":{"start":{"line":93,"column":37},"end":{"line":104,"column":1}}},"10":{"name":"(anonymous_10)","decl":{"start":{"line":100,"column":37},"end":{"line":100,"column":38}},"loc":{"start":{"line":101,"column":4},"end":{"line":101,"column":59}}}},"branchMap":{"0":{"loc":{"start":{"line":15,"column":4},"end":{"line":22,"column":5}},"type":"if","locations":[{"start":{"line":15,"column":4},"end":{"line":22,"column":5}},{"start":{"line":20,"column":11},"end":{"line":22,"column":5}}]},"1":{"loc":{"start":{"line":15,"column":8},"end":{"line":15,"column":79}},"type":"binary-expr","locations":[{"start":{"line":15,"column":8},"end":{"line":15,"column":44}},{"start":{"line":15,"column":48},"end":{"line":15,"column":79}}]},"2":{"loc":{"start":{"line":17,"column":6},"end":{"line":19,"column":7}},"type":"if","locations":[{"start":{"line":17,"column":6},"end":{"line":19,"column":7}}]},"3":{"loc":{"start":{"line":24,"column":4},"end":{"line":28,"column":5}},"type":"if","locations":[{"start":{"line":24,"column":4},"end":{"line":28,"column":5}},{"start":{"line":26,"column":11},"end":{"line":28,"column":5}}]},"4":{"loc":{"start":{"line":35,"column":2},"end":{"line":43,"column":3}},"type":"if","locations":[{"start":{"line":35,"column":2},"end":{"line":43,"column":3}}]},"5":{"loc":{"start":{"line":35,"column":6},"end":{"line":35,"column":61}},"type":"binary-expr","locations":[{"start":{"line":35,"column":6},"end":{"line":35,"column":21}},{"start":{"line":35,"column":25},"end":{"line":35,"column":61}}]},"6":{"loc":{"start":{"line":40,"column":4},"end":{"line":42,"column":5}},"type":"if","locations":[{"start":{"line":40,"column":4},"end":{"line":42,"column":5}}]},"7":{"loc":{"start":{"line":48,"column":2},"end":{"line":48,"column":24}},"type":"default-arg","locations":[{"start":{"line":48,"column":16},"end":{"line":48,"column":24}}]},"8":{"loc":{"start":{"line":61,"column":4},"end":{"line":73,"column":5}},"type":"if","locations":[{"start":{"line":61,"column":4},"end":{"line":73,"column":5}}]},"9":{"loc":{"start":{"line":64,"column":6},"end":{"line":72,"column":7}},"type":"if","locations":[{"start":{"line":64,"column":6},"end":{"line":72,"column":7}}]},"10":{"loc":{"start":{"line":82,"column":9},"end":{"line":82,"column":60}},"type":"binary-expr","locations":[{"start":{"line":82,"column":9},"end":{"line":82,"column":21}},{"start":{"line":82,"column":25},"end":{"line":82,"column":60}}]},"11":{"loc":{"start":{"line":96,"column":2},"end":{"line":98,"column":3}},"type":"if","locations":[{"start":{"line":96,"column":2},"end":{"line":98,"column":3}}]},"12":{"loc":{"start":{"line":103,"column":9},"end":{"line":103,"column":63}},"type":"cond-expr","locations":[{"start":{"line":103,"column":18},"end":{"line":103,"column":54}},{"start":{"line":103,"column":57},"end":{"line":103,"column":63}}]}},"s":{"0":14,"1":14,"2":14,"3":14,"4":14,"5":14,"6":14,"7":359,"8":395,"9":240,"10":240,"11":0,"12":155,"13":395,"14":37,"15":358,"16":359,"17":219,"18":219,"19":216,"20":216,"21":140,"22":219,"23":219,"24":219,"25":219,"26":219,"27":219,"28":62,"29":62,"30":62,"31":62,"32":62,"33":62,"34":164,"35":62,"36":62,"37":62,"38":62,"39":184,"40":184,"41":62,"42":337,"43":337,"44":275,"45":62,"46":62,"47":92,"48":62},"f":{"0":359,"1":395,"2":219,"3":219,"4":219,"5":62,"6":62,"7":164,"8":62,"9":337,"10":92},"b":{"0":[240,155],"1":[395,240],"2":[0],"3":[37,358],"4":[216],"5":[219,219],"6":[140],"7":[219],"8":[62],"9":[62],"10":[246,246],"11":[275],"12":[62,0]}}
[...]
nd":{"line":8,"column":19}},"loc":{"start":{"line":8,"column":55},"end":{"line":52,"column":3}}},"2":{"name":"(anonymous_2)","decl":{"start":{"line":16,"column":8},"end":{"line":16,"column":16}},"loc":{"start":{"line":16,"column":38},"end":{"line":39,"column":9}}},"3":{"name":"(anonymous_3)","decl":{"start":{"line":26,"column":53},"end":{"line":26,"column":54}},"loc":{"start":{"line":26,"column":68},"end":{"line":28,"column":11}}},"4":{"name":"(anonymous_4)","decl":{"start":{"line":40,"column":8},"end":{"line":40,"column":22}},"loc":{"start":{"line":40,"column":48},"end":{"line":49,"column":9}}},"5":{"name":"(anonymous_5)","decl":{"start":{"line":44,"column":19},"end":{"line":44,"column":20}},"loc":{"start":{"line":44,"column":30},"end":{"line":44,"column":70}}}},"branchMap":{"0":{"loc":{"start":{"line":17,"column":10},"end":{"line":19,"column":11}},"type":"if","locations":[{"start":{"line":17,"column":10},"end":{"line":19,"column":11}}]},"1":{"loc":{"start":{"line":20,"column":10},"end":{"line":23,"column":11}},"type":"if","locations":[{"start":{"line":20,"column":10},"end":{"line":23,"column":11}}]},"2":{"loc":{"start":{"line":33,"column":10},"end":{"line":38,"column":11}},"type":"if","locations":[{"start":{"line":33,"column":10},"end":{"line":38,"column":11}},{"start":{"line":35,"column":17},"end":{"line":38,"column":11}}]},"3":{"loc":{"start":{"line":42,"column":10},"end":{"line":47,"column":11}},"type":"if","locations":[{"start":{"line":42,"column":10},"end":{"line":47,"column":11}}]},"4":{"loc":{"start":{"line":42,"column":14},"end":{"line":42,"column":41}},"type":"binary-expr","locations":[{"start":{"line":42,"column":14},"end":{"line":42,"column":20}},{"start":{"line":42,"column":24},"end":{"line":42,"column":41}}]}},"s":{"0":12,"1":12,"2":12,"3":12,"4":12,"5":2,"6":2,"7":3,"8":0,"9":3,"10":0,"11":3,"12":3,"13":3,"14":3,"15":3,"16":3,"17":1,"18":2,"19":2,"20":2,"21":2,"22":2,"23":3,"24":2,"25":0},"f":{"0":2,"1":2,"2":3,"3":3,"4":2,"5":3},"b":{"0":[0],"1":[0],"2":[1,2],"3":[2],"4":[2,2]}}
,"/Users/guillermo/project/misa/archi-code-core/packages/domain/src/validator/domain-validator/domain-validator.dto.ts": {"path":"/Users/guillermo/project/misa/archi-code-core/packages/domain/src/validator/domain-validator/domain-validator.dto.ts","statementMap":{"0":{"start":{"line":1,"column":0},"end":{"line":1,"column":64}},"1":{"start":{"line":7,"column":9},"end":{"line":7,"column":29}},"2":{"start":{"line":3,"column":0},"end":{"line":3,"column":13}},"3":{"start":{"line":7,"column":9},"end":{"line":7,"column":null}}},"fnMap":{"0":{"name":"(anonymous_2)","decl":{"start":{"line":3,"column":0},"end":{"line":3,"column":13}},"loc":{"start":{"line":3,"column":0},"end":{"line":8,"column":1}}}},"branchMap":{},"s":{"0":11,"1":9,"2":11,"3":11},"f":{"0":9},"b":{}}
,"/Users/guillermo/project/misa/archi-code-core/packages/domain/src/validator/domain-validator/domain-validator.ts": {"path":"/Users/guillermo/project/misa/archi-code-core/packages/domain/src/validator/domain-validator/domain-validator.ts","statementMap":{"0":{"start":{"line":1,"column":0},"end":{"line":1,"column":null}},"1":{"start":{"line":7,"column":0},"end":{"line":7,"column":59}},"2":{"start":{"line":9,"column":0},"end":{"line":9,"column":71}},"3":{"start":{"line":10,"column":0},"end":{"line":10,"column":90}},"4":{"start":{"line":13,"column":7},"end":{"line":54,"column":null}},"5":{"start":{"line":15,"column":17},"end":{"line":15,"column":36}},"6":{"start":{"line":16,"column":4},"end":{"line":16,"column":30}},"7":{"start":{"line":20,"column":4},"end":{"line":28,"column":5}},"8":{"start":{"line":21,"column":6},"end":{"line":23,"column":7}},"9":{"start":{"line":22,"column":8},"end":{"line":22,"column":20}},"10":{"start":{"line":24,"column":43},"end":{"line":24,"column":73}},"11":{"start":{"line":25,"column":6},"end":{"line":25,"column":28}},"12":{"start":{"line":27,"column":6},"end":{"line":27,"column":19}},"13":{"start":{"line":32,"column":4},"end":{"line":43,"column":5}},"14":{"start":{"line":33,"column":6},"end":{"line":35,"column":7}},"15":{"start":{"line":34,"column":8},"end":{"line":34,"column":18}},"16":{"start":{"line":36,"column":43},"end":{"line":36,"column":78}},"17":{"start":{"line":37,"column":6},"end":{"line":37,"column":40}},"18":{"start":{"line":39,"column":6},"end":{"line":41,"column":7}},"19":{"start":{"line":40,"column":8},"end":{"line":40,"column":25}},"20":{"start":{"line":42,"column":6},"end":{"line":42,"column":32}},"21":{"start":{"line":47,"column":4},"end":{"line":49,"column":5}},"22":{"start":{"line":48,"column":6},"end":{"line":48,"column":19}},"23":{"start":{"line":50,"column":18},"end":{"line":50,"column":47}},"24":{"start":{"line":51,"column":25},"end":{"line":51,"column":77}},"25":{"start":{"line":52,"column":4},"end":{"line":52,"column":32}},"26":{"start":{"line":13,"column":13},"end":{"line":13,"column":28}},"27":{"start":{"line":13,"column":13},"end":{"line":54,"column":null}}},"fnMap":{"0":{"name":"(anonymous_1)","decl":{"start":{"line":14,"column":10},"end":{"line":14,"column":16}},"loc":{"start":{"line":14,"column":54},"end":{"line":17,"column":3}}},"1":{"name":"(anonymous_2)","decl":{"start":{"line":19,"column":2},"end":{"line":19,"column":10}},"loc":{"start":{"line":19,"column":48},"end":{"line":29,"column":3}}},"2":{"name":"(anonymous_3)","decl":{"start":{"line":31,"column":2},"end":{"line":31,"column":16}},"loc":{"start":{"line":31,"column":42},"end":{"line":44,"column":3}}},"3":{"name":"(anonymous_4)","decl":{"start":{"line":46,"column":10},"end":{"line":46,"column":35}},"loc":{"start":{"line":46,"column":61},"end":{"line":53,"column":3}}}},"branchMap":{"0":{"loc":{"start":{"line":21,"column":6},"end":{"line":23,"column":7}},"type":"if","locations":[{"start":{"line":21,"column":6},"end":{"line":23,"column":7}}]},"1":{"loc":{"start":{"line":33,"column":6},"end":{"line":35,"column":7}},"type":"if","locations":[{"start":{"line":33,"column":6},"end":{"line":35,"column":7}}]},"2":{"loc":{"start":{"line":39,"column":6},"end":{"line":41,"column":7}},"type":"if","locations":[{"start":{"line":39,"column":6},"end":{"line":41,"column":7}}]},"3":{"loc":{"start":{"line":47,"column":4},"end":{"line":49,"column":5}},"type":"if","locations":[{"start":{"line":47,"column":4},"end":{"line":49,"column":5}}]}},"s":{"0":11,"1":11,"2":11,"3":11,"4":11,"5":0,"6":0,"7":40,"8":40,"9":21,"10":19,"11":18,"12":1,"13":16,"14":16,"15":0,"16":16,"17":15,"18":1,"19":1,"20":0,"21":56,"22":9,"23":47,"24":47,"25":47,"26":11,"27":11},"f":{"0":0,"1":40,"2":16,"3":56},"b":{"0":[21],"1":[0],"2":[1],"3":[9]}}
,"/Users/guillermo/project/misa/archi-code-core/packages/domain/src/validator/primitive-validator/boolean.validator.ts": {"path":"/Users/guillermo/project/misa/archi-code-core/packages/domain/src/validator/primitive-validator/boolean.validator.ts","statementMap":{"0":{"start":{"line":3,"column":4},"end":{"line":5,"column":5}},"1":{"start":{"line":4,"column":6},"end":{"line":4,"column":18}},"2":{"start":{"line":6,"column":4},"end":{"line":11,"column":5}},"3":{"start":{"line":7,"column":6},"end":{"line":7,"column":41}},"4":{"start":{"line":8,"column":6},"end":{"line":10,"column":7}},"5":{"start":{"line":9,"column":8},"end":{"line":9,"column":20}},"6":{"start":{"line":12,"column":4},"end":{"line":16,"column":5}},"7":{"start":{"line":13,"column":6},"end":{"line":15,"column":7}},"8":{"start":{"line":14,"column":8},"end":{"line":14,"column":20}},"9":{"start":{"line":17,"column":4},"end":{"line":17,"column":17}},"10":{"start":{"line":1,"column":0},"end":{"line":1,"column":13}}},"fnMap":{"0":{"name":"(anonymous_0)","decl":{"start":{"line":2,"column":2},"end":{"line":2,"column":8}},"loc":{"start":{"line":2,"column":32},"end":{"line":18,"column":3}}}},"branchMap":{"0":{"loc":{"start":{"line":3,"column":4},"end":{"line":5,"column":5}},"type":"if","locations":[{"start":{"line":3,"column":4},"end":{"line":5,"column":5}}]},"1":{"loc":{"start":{"line":6,"column":4},"end":{"line":11,"column":5}},"type":"if","locations":[{"start":{"line":6,"column":4},"end":{"line":11,"column":5}}]},"2":{"loc":{"start":{"line":8,"column":6},"end":{"line":10,"column":7}},"type":"if","locations":[{"start":{"line":8,"column":6},"end":{"line":10,"column":7}}]},"3":{"loc":{"start":{"line":8,"column":10},"end":{"line":8,"column":81}},"type":"binary-expr","locations":[{"start":{"line":8,"column":10},"end":{"line":8,"column":27}},{"start":{"line":8,"column":31},"end":{"line":8,"column":47}},{"start":{"line":8,"column":51},"end":{"line":8,"column":64}},{"start":{"line":8,"column":68},"end":{"line":8,"column":81}}]},"4":{"loc":{"start":{"line":12,"column":4},"end":{"line":16,"column":5}},"type":"if","locations":[{"start":{"line":12,"column":4},"end":{"line":16,"column":5}}]},"5":{"loc":{"start":{"line":13,"column":6},"end":{"line":15,"column":7}},"type":"if","locations":[{"start":{"line":13,"column":6},"end":{"line":15,"column":7}}]},"6":{"loc":{"start":{"line":13,"column":10},"end":{"line":13,"column":36}},"type":"binary-expr","locations":[{"start":{"line":13,"column":10},"end":{"line":13,"column":21}},{"start":{"line":13,"column":25},"end":{"line":13,"column":36}}]}},"s":{"0":260,"1":76,"2":184,"3":105,"4":105,"5":88,"6":96,"7":23,"8":14,"9":82,"10":13},"f":{"0":260},"b":{"0":[76],"1":[105],"2":[88],"3":[105,73,41,29],"4":[23],"5":[14],"6":[23,16]}}
,"/Users/guillermo/project/misa/archi-code-core/packages/domain/src/validator/primitive-validator/date.validator.ts": {"path":"/Users/guillermo/project/misa/archi-code-core/packages/domain/src/validator/primitive-validator/date.validator.ts","statementMap":{"0":{"start":{"line":1,"column":0},"end":{"line":1,"column":47}},"1":{"start":{"line":5,"column":4},"end":{"line":7,"column":5}},"2":{"start":{"line":6,"column":6},"end":{"line":6,"column":19}},"3":{"start":{"line":8,"column":24},"end":{"line":8,"column":72}},"4":{"start":{"line":9,"column":4},"end":{"line":11,"column":5}},"5":{"start":{"line":10,"column":6},"end":{"line":10,"column":18}},"6":{"start":{"line":12,"column":4},"end":{"line":14,"column":5}},"7":{"start":{"line":13,"column":6},"end":{"line":13,"column":33}},"8":{"start":{"line":15,"column":4},"end":{"line":15,"column":17}},"9":{"start":{"line":3,"column":0},"end":{"line":3,"column":13}}},"fnMap":{"0":{"name":"(anonymous_0)","decl":{"start":{"line":4,"column":2},"end":{"line":4,"column":8}},"loc":{"start":{"line":4,"column":29},"end":{"line":16,"column":3}}}},"branchMap":{"0":{"loc":{"start":{"line":5,"column":4},"end":{"line":7,"column":5}},"type":"if","locations":[{"start":{"line":5,"column":4},"end":{"line":7,"column":5}}]},"1":{"loc":{"start":{"line":5,"column":8},"end":{"line":5,"column":45}},"type":"binary-expr","locations":[{"start":{"line":5,"column":8},"end":{"line":5,"column":22}},{"start":{"line":5,"column":26},"end":{"line":5,"column":45}}]},"2":{"loc":{"start":{"line":8,"column":24},"end":{"line":8,"column":72}},"type":"binary-expr","locations":[{"start":{"line":8,"column":24},"end":{"line":8,"column":45}},{"start":{"line":8,"column":49},"end":{"line":8,"column":72}}]},"3":{"loc":{"start":{"line":9,"column":4},"end":{"line":11,"column":5}},"type":"if","locations":[{"start":{"line":9,"column":4},"end":{"line":11,"column":5}}]},"4":{"loc":{"start":{"line":12,"column":4},"end":{"line":14,"column":5}},"type":"if","locations":[{"start":{"line":12,"column":4},"end":{"line":14,"column":5}}]},"5":{"loc":{"start":{"line":12,"column":8},"end":{"line":12,"column":56}},"type":"binary-expr","locations":[{"start":{"line":12,"column":8},"end":{"line":12,"column":33}},{"start":{"line":12,"column":37},"end":{"line":12,"column":56}}]}},"s":{"0":13,"1":181,"2":4,"3":177,"4":177,"5":62,"6":115,"7":44,"8":71,"9":13},"f":{"0":181},"b":{"0":[4],"1":[181,178],"2":[177,62],"3":[62],"4":[44],"5":[115,49]}}
,"/Users/guillermo/project/misa/archi-code-core/packages/domain/src/validator/primitive-validator/json.validator.ts": {"path":"/Users/guillermo/project/misa/archi-code-core/packages/domain/src/validator/primitive-validator/json.validator.ts","statementMap":{"0":{"start":{"line":13,"column":4},"end":{"line":15,"column":5}},"1":{"start":{"line":14,"column":6},"end":{"line":14,"column":19}},"2":{"start":{"line":17,"column":4},"end":{"line":25,"column":5}},"3":{"start":{"line":18,"column":6},"end":{"line":22,"column":7}},"4":{"start":{"line":19,"column":8},"end":{"line":19,"column":38}},"5":{"start":{"line":21,"column":8},"end":{"line":21,"column":21}},"6":{"start":{"line":24,"column":6},"end":{"line":24,"column":24}},"7":{"start":{"line":27,"column":4},"end":{"line":29,"column":5}},"8":{"start":{"line":28,"column":6},"end":{"line":28,"column":19}},"9":{"start":{"line":31,"column":4},"end":{"line":33,"column":5}},"10":{"start":{"line":32,"column":6},"end":{"line":32,"column":19}},"11":{"start":{"line":35,"column":4},"end":{"line":40,"column":5}},"12":{"start":{"line":36,"column":6},"end":{"line":36,"column":32}},"13":{"start":{"line":37,"column":6},"end":{"line":37,"column":18}},"14":{"start":{"line":39,"column":6},"end":{"line":39,"column":19}},"15":{"start":{"line":9,"column":0},"end":{"line":9,"column":13}}},"fnMap":{"0":{"name":"(anonymous_0)","decl":{"start":{"line":10,"column":2},"end":{"line":10,"column":8}},"loc":{"start":{"line":10,"column":49},"end":{"line":41,"column":3}}}},"branchMap":{"0":{"loc":{"start":{"line":10,"column":31},"end":{"line":10,"column":49}},"type":"default-arg","locations":[{"start":{"line":10,"column":45},"end":{"line":10,"column":49}}]},"1":{"loc":{"start":{"line":13,"column":4},"end":{"line":15,"column":5}},"type":"if","locations":[{"start":{"line":13,"column":4},"end":{"line":15,"column":5}}]},"2":{"loc":{"start":{"line":13,"column":8},"end":{"line":13,"column":42}},"type":"binary-expr","locations":[{"start":{"line":13,"column":8},"end":{"line":13,"column":22}},{"start":{"line":13,"column":26},"end":{"line":13,"column":42}}]},"3":{"loc":{"start":{"line":17,"column":4},"end":{"line":25,"column":5}},"type":"if","locations":[{"start":{"line":17,"column":4},"end":{"line":25,"column":5}},{"start":{"line":23,"column":11},"end":{"line":25,"column":5}}]},"4":{"loc":{"start":{"line":27,"column":4},"end":{"line":29,"column":5}},"type":"if","locations":[{"start":{"line":27,"column":4},"end":{"line":29,"column":5}}]},"5":{"loc":{"start":{"line":27,"column":8},"end":{"line":27,"column":65}},"type":"binary-expr","locations":[{"start":{"line":27,"column":8},"end":{"line":27,"column":37}},{"start":{"line":27,"column":41},"end":{"line":27,"column":65}}]},"6":{"loc":{"start":{"line":31,"column":4},"end":{"line":33,"column":5}},"type":"if","locations":[{"start":{"line":31,"column":4},"end":{"line":33,"column":5}}]},"7":{"loc":{"start":{"line":31,"column":8},"end":{"line":31,"column":58}},"type":"binary-expr","locations":[{"start":{"line":31,"column":8},"end":{"line":31,"column":19}},{"start":{"line":31,"column":23},"end":{"line":31,"column":58}}]}},"s":{"0":124,"1":4,"2":120,"3":24,"4":24,"5":21,"6":96,"7":99,"8":40,"9":59,"10":24,"11":35,"12":35,"13":34,"14":1,"15":13},"f":{"0":124},"b":{"0":[124],"1":[4],"2":[124,121],"3":[24,96],"4":[40],"5":[99,66],"6":[24],"7":[59,59]}}
,"/Users/guillermo/project/misa/archi-code-core/packages/domain/src/validator/primitive-validator/number.validator.ts": {"path":"/Users/guillermo/project/misa/archi-code-core/packages/domain/src/validator/primitive-validator/number.validator.ts","statementMap":{"0":{"start":{"line":4,"column":4},"end":{"line":6,"column":5}},"1":{"start":{"line":5,"column":6},"end":{"line":5,"column":19}},"2":{"start":{"line":9,"column":17},"end":{"line":9,"column":29}},"3":{"start":{"line":10,"column":4},"end":{"line":17,"column":5}},"4":{"start":{"line":12,"column":6},"end":{"line":12,"column":46}},"5":{"start":{"line":13,"column":11},"end":{"line":17,"column":5}},"6":{"start":{"line":15,"column":18},"end":{"line":15,"column":31}},"7":{"start":{"line":16,"column":6},"end":{"line":16,"column":42}},"8":{"start":{"line":20,"column":4},"end":{"line":20,"column":17}},"9":{"start":{"line":1,"column":0},"end":{"line":1,"column":13}}},"fnMap":{"0":{"name":"(anonymous_0)","decl":{"start":{"line":2,"column":2},"end":{"line":2,"column":8}},"loc":{"start":{"line":2,"column":31},"end":{"line":21,"column":3}}}},"branchMap":{"0":{"loc":{"start":{"line":4,"column":4},"end":{"line":6,"column":5}},"type":"if","locations":[{"start":{"line":4,"column":4},"end":{"line":6,"column":5}}]},"1":{"loc":{"start":{"line":4,"column":8},"end":{"line":4,"column":45}},"type":"binary-expr","locations":[{"start":{"line":4,"column":8},"end":{"line":4,"column":22}},{"start":{"line":4,"column":26},"end":{"line":4,"column":45}}]},"2":{"loc":{"start":{"line":10,"column":4},"end":{"line":17,"column":5}},"type":"if","locations":[{"start":{"line":10,"column":4},"end":{"line":17,"column":5}},{"start":{"line":13,"column":11},"end":{"line":17,"column":5}}]},"3":{"loc":{"start":{"line":12,"column":13},"end":{"line":12,"column":45}},"type":"binary-expr","locations":[{"start":{"line":12,"column":13},"end":{"line":12,"column":26}},{"start":{"line":12,"column":30},"end":{"line":12,"column":45}}]},"4":{"loc":{"start":{"line":13,"column":11},"end":{"line":17,"column":5}},"type":"if","locations":[{"start":{"line":13,"column":11},"end":{"line":17,"column":5}}]},"5":{"loc":{"start":{"line":13,"column":15},"end":{"line":13,"column":55}},"type":"binary-expr","locations":[{"start":{"line":13,"column":15},"end":{"line":13,"column":32}},{"start":{"line":13,"column":36},"end":{"line":13,"column":55}}]},"6":{"loc":{"start":{"line":16,"column":13},"end":{"line":16,"column":41}},"type":"binary-expr","locations":[{"start":{"line":16,"column":13},"end":{"line":16,"column":24}},{"start":{"line":16,"column":28},"end":{"line":16,"column":41}}]}},"s":{"0":469,"1":4,"2":465,"3":465,"4":310,"5":155,"6":78,"7":78,"8":77,"9":13},"f":{"0":469},"b":{"0":[4],"1":[469,466],"2":[310,155],"3":[310,309],"4":[78],"5":[155,85],"6":[78,49]}}
,"/Users/guillermo/project/misa/archi-code-core/packages/domain/src/validator/primitive-validator/string.validator.ts": {"path":"/Users/guillermo/project/misa/archi-code-core/packages/domain/src/validator/primitive-validator/string.validator.ts","statementMap":{"0":{"start":{"line":3,"column":4},"end":{"line":3,"column":37}},"1":{"start":{"line":7,"column":4},"end":{"line":9,"column":5}},"2":{"start":{"line":8,"column":6},"end":{"line":8,"column":18}},"3":{"start":{"line":10,"column":4},"end":{"line":12,"column":5}},"4":{"start":{"line":11,"column":6},"end":{"line":11,"column":18}},"5":{"start":{"line":14,"column":4},"end":{"line":16,"column":5}},"6":{"start":{"line":15,"column":6},"end":{"line":15,"column":18}},"7":{"start":{"line":17,"column":4},"end":{"line":17,"column":17}},"8":{"start":{"line":1,"column":0},"end":{"line":1,"column":13}}},"fnMap":{"0":{"name":"(anonymous_0)","decl":{"start":{"line":2,"column":2},"end":{"line":2,"column":8}},"loc":{"start":{"line":2,"column":28},"end":{"line":4,"column":3}}},"1":{"name":"(anonymous_1)","decl":{"start":{"line":6,"column":2},"end":{"line":6,"column":8}},"loc":{"start":{"line":6,"column":31},"end":{"line":18,"column":3}}}},"branchMap":{"0":{"loc":{"start":{"line":7,"column":4},"end":{"line":9,"column":5}},"type":"if","locations":[{"start":{"line":7,"column":4},"end":{"line":9,"column":5}}]},"1":{"loc":{"start":{"line":10,"column":4},"end":{"line":12,"column":5}},"type":"if","locations":[{"start":{"line":10,"column":4},"end":{"line":12,"column":5}}]},"2":{"loc":{"start":{"line":10,"column":8},"end":{"line":10,"column":52}},"type":"binary-expr","locations":[{"start":{"line":10,"column":8},"end":{"line":10,"column":33}},{"start":{"line":10,"column":37},"end":{"line":10,"column":52}}]},"3":{"loc":{"start":{"line":14,"column":4},"end":{"line":16,"column":5}},"type":"if","locations":[{"start":{"line":14,"column":4},"end":{"line":16,"column":5}}]}},"s":{"0":47,"1":402,"2":279,"3":123,"4":12,"5":111,"6":2,"7":109,"8":13},"f":{"0":47,"1":402},"b":{"0":[279],"1":[12],"2":[123,17],"3":[2]}}
}
