TN:
SF:src/index.ts
FNF:0
FNH:0
DA:1,0
DA:2,0
DA:3,0
DA:4,0
DA:5,0
DA:6,0
DA:7,0
DA:8,0
DA:9,0
DA:10,0
LF:10
LH:0
BRF:0
BRH:0
end_of_record
TN:
SF:src/aggregate/aggregate-root.ts
FN:3,(anonymous_0)
FN:6,(anonymous_1)
FN:10,(anonymous_2)
FNF:3
FNH:3
FNDA:1,(anonymous_0)
FNDA:1,(anonymous_1)
FNDA:2,(anonymous_2)
DA:3,3
DA:4,1
DA:7,1
DA:11,2
DA:12,2
DA:13,2
LF:6
LH:6
BRF:0
BRH:0
end_of_record
TN:
SF:src/aggregate/aggregate-types.ts
FN:8,(anonymous_0)
FN:12,(anonymous_1)
FNF:2
FNH:2
FNDA:23,(anonymous_0)
FNDA:102,(anonymous_1)
DA:2,1
DA:3,1
DA:5,1
DA:9,23
DA:16,102
DA:17,102
DA:18,102
DA:19,9
DA:20,9
DA:22,0
DA:24,93
DA:25,91
DA:26,16
DA:30,75
LF:14
LH:13
BRDA:17,0,0,102
BRDA:17,0,1,101
BRDA:18,1,0,9
BRDA:18,2,0,102
BRDA:18,2,1,11
BRDA:19,3,0,9
BRDA:25,4,0,16
BRF:7
BRH:7
end_of_record
TN:
SF:src/builder/builder.ts
FN:9,Builder
FN:22,(anonymous_1)
FN:24,(anonymous_2)
FN:33,(anonymous_3)
FNF:4
FNH:4
FNDA:22,Builder
FNDA:49,(anonymous_1)
FNDA:23,(anonymous_2)
FNDA:26,(anonymous_3)
DA:9,1
DA:14,22
DA:15,1
DA:17,21
DA:19,21
DA:23,49
DA:24,23
DA:25,23
DA:26,3
DA:28,23
DA:29,23
DA:33,26
DA:34,26
DA:35,26
DA:41,21
LF:15
LH:15
BRDA:14,0,0,1
BRDA:17,1,0,4
BRDA:17,1,1,17
BRDA:23,2,0,23
BRDA:25,3,0,3
BRF:5
BRH:5
end_of_record
TN:
SF:src/event/event-base.ts
FNF:0
FNH:0
DA:1,2
LF:1
LH:1
BRF:0
BRH:0
end_of_record
TN:
SF:src/exceptions/abstract.exception.ts
FN:8,(anonymous_0)
FN:31,(anonymous_1)
FN:33,(anonymous_2)
FN:40,(anonymous_3)
FN:44,(anonymous_4)
FN:21,(anonymous_5)
FN:23,(anonymous_6)
FNF:7
FNH:7
FNDA:517,(anonymous_0)
FNDA:11,(anonymous_1)
FNDA:16,(anonymous_2)
FNDA:1,(anonymous_3)
FNDA:1,(anonymous_4)
FNDA:136,(anonymous_5)
FNDA:136,(anonymous_6)
DA:1,17
DA:3,17
DA:9,517
DA:10,517
DA:11,517
DA:12,517
DA:16,517
DA:17,517
DA:20,17
DA:21,136
DA:24,136
DA:25,136
DA:26,136
DA:32,11
DA:34,16
DA:35,16
DA:41,1
DA:51,1
LF:18
LH:18
BRDA:13,0,0,517
BRDA:13,0,1,0
BRDA:34,1,0,15
BRDA:34,1,1,1
BRDA:34,2,0,16
BRDA:34,2,1,16
BRF:6
BRH:5
end_of_record
TN:
SF:src/exceptions/exception-code.ts
FN:2,(anonymous_0)
FNF:1
FNH:1
FNDA:17,(anonymous_0)
DA:2,17
DA:4,17
DA:5,17
DA:6,17
DA:7,17
DA:14,17
DA:21,17
DA:22,17
DA:31,17
LF:9
LH:9
BRDA:2,0,0,17
BRDA:2,0,1,17
BRF:2
BRH:2
end_of_record
TN:
SF:src/exceptions/index.ts
FNF:0
FNH:0
DA:1,10
DA:2,10
DA:3,10
DA:4,10
DA:5,10
DA:6,10
DA:7,10
LF:7
LH:7
BRF:0
BRH:0
end_of_record
TN:
SF:src/exceptions/application/application.exception.ts
FN:5,(anonymous_0)
FNF:1
FNH:1
FNDA:2,(anonymous_0)
DA:1,11
DA:2,11
DA:4,11
DA:6,2
LF:4
LH:4
BRDA:5,0,0,1
BRF:1
BRH:1
end_of_record
TN:
SF:src/exceptions/domain/aggregate-not-found.exception.ts
FN:5,(anonymous_0)
FNF:1
FNH:1
FNDA:1,(anonymous_0)
DA:1,11
DA:2,11
DA:4,11
DA:6,1
LF:4
LH:4
BRF:0
BRH:0
end_of_record
TN:
SF:src/exceptions/domain/domain.exception.ts
FN:5,(anonymous_0)
FNF:1
FNH:1
FNDA:512,(anonymous_0)
DA:1,14
DA:2,14
DA:4,14
DA:6,512
LF:4
LH:4
BRDA:5,0,0,28
BRF:1
BRH:1
end_of_record
TN:
SF:src/exceptions/domain/type-primitive.exception.ts
FN:6,(anonymous_0)
FNF:1
FNH:1
FNDA:482,(anonymous_0)
DA:1,14
DA:2,14
DA:3,14
DA:5,14
DA:7,482
DA:8,113
DA:10,482
LF:7
LH:7
BRDA:6,0,0,389
BRDA:7,1,0,113
BRF:2
BRH:2
end_of_record
TN:
SF:src/exceptions/domain/validation.exception.ts
FN:5,(anonymous_0)
FNF:1
FNH:1
FNDA:1,(anonymous_0)
DA:1,11
DA:2,11
DA:4,11
DA:6,1
LF:4
LH:4
BRF:0
BRH:0
end_of_record
TN:
SF:src/exceptions/infrastructure/infrastructure.exception.ts
FN:5,(anonymous_0)
FNF:1
FNH:1
FNDA:2,(anonymous_0)
DA:1,11
DA:2,11
DA:4,11
DA:6,2
LF:4
LH:4
BRDA:5,0,0,1
BRF:1
BRH:1
end_of_record
TN:
SF:src/exceptions/infrastructure/internal-error.exception.ts
FN:5,(anonymous_0)
FNF:1
FNH:1
FNDA:1,(anonymous_0)
DA:1,11
DA:2,11
DA:4,11
DA:6,1
LF:4
LH:4
BRF:0
BRH:0
end_of_record
TN:
SF:src/level/level.decorator.ts
FN:5,Level
FN:6,(anonymous_1)
FN:30,getLevel
FN:44,normalizeLevel
FNF:4
FNH:4
FNDA:21,Level
FNDA:21,(anonymous_1)
FNDA:160,getLevel
FNDA:140,normalizeLevel
DA:1,12
DA:3,12
DA:5,12
DA:6,21
DA:7,21
DA:9,21
DA:10,15
DA:13,15
DA:14,1
DA:20,14
DA:21,14
DA:22,1
DA:30,12
DA:31,160
DA:44,12
DA:46,140
DA:47,21
DA:51,140
DA:52,119
DA:53,119
DA:57,21
LF:21
LH:21
BRDA:9,0,0,15
BRDA:13,1,0,1
BRDA:21,2,0,1
BRDA:31,3,0,133
BRDA:31,3,1,27
BRDA:31,4,0,160
BRDA:31,4,1,160
BRDA:46,5,0,21
BRDA:46,6,0,140
BRDA:46,6,1,29
BRDA:51,7,0,119
BRDA:51,8,0,140
BRDA:51,8,1,122
BRDA:53,9,0,102
BRDA:53,9,1,17
BRF:15
BRH:15
end_of_record
TN:
SF:src/type/abstract-array-type.ts
FN:13,(anonymous_1)
FN:20,(anonymous_2)
FN:20,(anonymous_3)
FN:23,(anonymous_4)
FN:30,(anonymous_5)
FN:34,(anonymous_6)
FN:40,(anonymous_7)
FN:44,(anonymous_8)
FN:55,(anonymous_9)
FN:56,(anonymous_10)
FN:59,(anonymous_11)
FN:63,(anonymous_12)
FN:66,(anonymous_13)
FN:73,(anonymous_14)
FN:75,(anonymous_15)
FN:78,(anonymous_16)
FN:83,(anonymous_17)
FN:86,(anonymous_18)
FNF:18
FNH:16
FNDA:91,(anonymous_1)
FNDA:67,(anonymous_2)
FNDA:59,(anonymous_3)
FNDA:18,(anonymous_4)
FNDA:14,(anonymous_5)
FNDA:16,(anonymous_6)
FNDA:12,(anonymous_7)
FNDA:12,(anonymous_8)
FNDA:0,(anonymous_9)
FNDA:0,(anonymous_10)
FNDA:41,(anonymous_11)
FNDA:41,(anonymous_12)
FNDA:17,(anonymous_13)
FNDA:19,(anonymous_14)
FNDA:25,(anonymous_15)
FNDA:11,(anonymous_16)
FNDA:9,(anonymous_17)
FNDA:6,(anonymous_18)
DA:1,10
DA:2,10
DA:3,10
DA:7,10
DA:14,91
DA:15,22
DA:17,69
DA:18,11
DA:20,67
DA:24,18
DA:25,5
DA:27,13
DA:30,14
DA:35,16
DA:36,5
DA:38,11
DA:40,11
DA:41,12
DA:42,12
DA:44,12
DA:45,11
DA:46,4
DA:47,4
DA:49,0
DA:52,11
DA:56,0
DA:60,41
DA:61,6
DA:63,41
DA:67,17
DA:68,6
DA:70,17
DA:74,19
DA:75,25
DA:79,11
DA:80,2
DA:82,9
DA:83,9
DA:87,6
DA:88,3
DA:90,3
LF:41
LH:39
BRDA:14,0,0,22
BRDA:17,1,0,11
BRDA:24,2,0,5
BRDA:28,3,0,13
BRDA:28,3,1,10
BRDA:28,3,2,10
BRDA:34,4,0,16
BRDA:34,5,0,16
BRDA:35,6,0,5
BRDA:40,7,0,0
BRDA:40,7,1,11
BRDA:40,8,0,11
BRDA:40,8,1,11
BRDA:42,9,0,7
BRDA:42,9,1,5
BRDA:44,10,0,0
BRDA:44,10,1,11
BRDA:44,11,0,11
BRDA:44,11,1,11
BRDA:45,12,0,4
BRDA:45,13,0,11
BRDA:45,13,1,11
BRDA:46,14,0,4
BRDA:46,14,1,0
BRDA:56,15,0,0
BRDA:56,15,1,0
BRDA:60,16,0,6
BRDA:63,17,0,0
BRDA:63,17,1,35
BRDA:63,18,0,35
BRDA:63,18,1,35
BRDA:67,19,0,6
BRDA:70,20,0,0
BRDA:70,20,1,17
BRDA:70,21,0,17
BRDA:70,21,1,17
BRDA:75,22,0,17
BRDA:75,22,1,2
BRDA:75,23,0,19
BRDA:75,23,1,19
BRDA:75,24,0,2
BRDA:75,24,1,17
BRDA:75,25,0,19
BRDA:75,25,1,17
BRDA:79,26,0,2
BRDA:83,27,0,9
BRDA:83,27,1,0
BRDA:83,28,0,9
BRDA:83,28,1,9
BRDA:83,29,0,0
BRDA:83,29,1,9
BRDA:83,30,0,9
BRDA:83,30,1,9
BRDA:87,31,0,3
BRF:54
BRH:45
end_of_record
TN:
SF:src/type/abstract-boolean-type.ts
FN:12,(anonymous_1)
FNF:1
FNH:1
FNDA:165,(anonymous_1)
DA:1,10
DA:2,10
DA:3,10
DA:4,10
DA:5,10
DA:8,10
DA:13,165
DA:14,14
DA:16,151
DA:17,51
DA:19,100
DA:20,72
DA:21,72
DA:23,28
LF:14
LH:14
BRDA:13,0,0,14
BRDA:16,1,0,51
BRDA:19,2,0,72
BRDA:21,3,0,72
BRDA:21,3,1,46
BRF:5
BRH:5
end_of_record
TN:
SF:src/type/abstract-date-type.ts
FN:12,(anonymous_1)
FN:22,(anonymous_2)
FNF:2
FNH:2
FNDA:105,(anonymous_1)
FNDA:4,(anonymous_2)
DA:1,10
DA:2,10
DA:3,10
DA:4,10
DA:5,10
DA:8,10
DA:13,105
DA:14,12
DA:16,93
DA:17,55
DA:19,38
DA:23,4
LF:12
LH:12
BRDA:13,0,0,12
BRDA:16,1,0,55
BRDA:19,2,0,20
BRDA:19,2,1,18
BRDA:23,3,0,2
BRDA:23,3,1,2
BRF:6
BRH:6
end_of_record
TN:
SF:src/type/abstract-enum-type.ts
FN:10,(anonymous_0)
FNF:1
FNH:1
FNDA:128,(anonymous_0)
DA:1,11
DA:2,11
DA:4,11
DA:11,128
DA:12,11
DA:14,117
DA:15,117
DA:16,93
DA:19,24
LF:9
LH:9
BRDA:11,0,0,11
BRDA:15,1,0,93
BRF:2
BRH:2
end_of_record
TN:
SF:src/type/abstract-json-type.ts
FN:14,(anonymous_1)
FNF:1
FNH:1
FNDA:87,(anonymous_1)
DA:1,11
DA:2,11
DA:3,11
DA:4,11
DA:5,11
DA:10,11
DA:15,87
DA:16,12
DA:18,75
DA:19,59
DA:21,16
LF:11
LH:11
BRDA:15,0,0,12
BRDA:18,1,0,59
BRDA:21,2,0,2
BRDA:21,2,1,14
BRF:4
BRH:4
end_of_record
TN:
SF:src/type/abstract-number-type.ts
FN:12,(anonymous_1)
FNF:1
FNH:1
FNDA:368,(anonymous_1)
DA:1,10
DA:2,10
DA:3,10
DA:4,10
DA:5,10
DA:8,10
DA:13,368
DA:14,14
DA:17,354
DA:18,86
DA:20,268
DA:21,268
LF:12
LH:12
BRDA:13,0,0,14
BRDA:17,1,0,86
BRDA:21,2,0,0
BRDA:21,2,1,268
BRF:4
BRH:3
end_of_record
TN:
SF:src/type/abstract-string-type.ts
FN:13,(anonymous_1)
FNF:1
FNH:1
FNDA:246,(anonymous_1)
DA:1,10
DA:2,10
DA:3,10
DA:5,10
DA:6,10
DA:9,10
DA:14,246
DA:15,44
DA:18,202
DA:19,53
DA:21,149
DA:22,0
DA:24,149
LF:13
LH:12
BRDA:14,0,0,44
BRDA:18,1,0,53
BRDA:21,2,0,0
BRDA:22,3,0,0
BRDA:22,3,1,0
BRF:5
BRH:2
end_of_record
TN:
SF:src/type/abstract-type.ts
FN:11,(anonymous_0)
FN:15,(anonymous_1)
FN:19,(anonymous_2)
FN:23,(anonymous_3)
FN:27,(anonymous_4)
FN:31,(anonymous_5)
FN:33,(anonymous_6)
FN:36,(anonymous_7)
FN:41,(anonymous_8)
FN:48,(anonymous_9)
FN:52,(anonymous_10)
FNF:11
FNH:11
FNDA:1349,(anonymous_0)
FNDA:497,(anonymous_1)
FNDA:100,(anonymous_2)
FNDA:1,(anonymous_3)
FNDA:132,(anonymous_4)
FNDA:53,(anonymous_5)
FNDA:38,(anonymous_6)
FNDA:79,(anonymous_7)
FNDA:79,(anonymous_8)
FNDA:53,(anonymous_9)
FNDA:25,(anonymous_10)
DA:1,14
DA:3,14
DA:5,14
DA:12,1349
DA:16,497
DA:20,100
DA:24,1
DA:28,132
DA:32,53
DA:33,53
DA:34,38
DA:35,38
DA:37,79
DA:41,79
DA:43,0
DA:45,53
DA:49,53
DA:53,25
LF:18
LH:17
BRDA:12,0,0,1200
BRDA:12,0,1,149
BRDA:12,1,0,1349
BRDA:12,1,1,1245
BRDA:31,2,0,0
BRDA:34,3,0,38
BRDA:38,4,0,0
BRDA:38,4,1,79
BRDA:45,5,0,38
BRDA:45,5,1,15
BRDA:48,6,0,29
BRDA:48,7,0,30
BRDA:53,8,0,12
BRDA:53,8,1,13
BRF:14
BRH:12
end_of_record
TN:
SF:src/type/abstract-uuid-type.ts
FN:14,(anonymous_1)
FN:18,(anonymous_2)
FN:22,(anonymous_3)
FNF:3
FNH:3
FNDA:4,(anonymous_1)
FNDA:8,(anonymous_2)
FNDA:152,(anonymous_3)
DA:1,10
DA:2,10
DA:3,10
DA:4,10
DA:5,10
DA:7,10
DA:10,10
DA:15,4
DA:19,8
DA:23,152
DA:24,16
DA:27,136
DA:28,84
DA:31,52
LF:14
LH:14
BRDA:18,0,0,8
BRDA:23,1,0,16
BRDA:27,2,0,84
BRF:3
BRH:3
end_of_record
TN:
SF:src/type/index.ts
FN:8,(anonymous_2)
FN:9,(anonymous_3)
FN:10,(anonymous_4)
FN:11,(anonymous_5)
FN:12,(anonymous_6)
FN:13,(anonymous_7)
FN:14,(anonymous_8)
FN:15,(anonymous_9)
FN:16,(anonymous_10)
FN:21,(anonymous_11)
FN:33,(anonymous_12)
FN:42,(anonymous_13)
FN:48,(anonymous_14)
FN:52,(anonymous_15)
FN:61,(anonymous_16)
FN:75,(anonymous_17)
FN:86,(anonymous_18)
FNF:17
FNH:10
FNDA:1,(anonymous_2)
FNDA:0,(anonymous_3)
FNDA:0,(anonymous_4)
FNDA:2,(anonymous_5)
FNDA:0,(anonymous_6)
FNDA:3,(anonymous_7)
FNDA:1,(anonymous_8)
FNDA:6,(anonymous_9)
FNDA:0,(anonymous_10)
FNDA:88,(anonymous_11)
FNDA:57,(anonymous_12)
FNDA:0,(anonymous_13)
FNDA:0,(anonymous_14)
FNDA:0,(anonymous_15)
FNDA:51,(anonymous_16)
FNDA:62,(anonymous_17)
FNDA:55,(anonymous_18)
DA:1,10
DA:2,10
DA:3,10
DA:4,10
DA:5,10
DA:6,10
DA:8,11
DA:9,10
DA:10,10
DA:11,12
DA:12,10
DA:13,13
DA:14,11
DA:15,16
DA:16,10
DA:20,10
DA:22,88
DA:27,10
DA:32,10
DA:34,57
DA:39,10
DA:41,10
DA:43,0
DA:47,10
DA:49,0
DA:53,0
DA:60,10
DA:62,51
DA:67,10
DA:70,10
DA:74,10
DA:76,62
DA:81,10
DA:85,10
DA:87,55
DA:92,10
LF:36
LH:33
BRDA:21,0,0,6
BRDA:33,1,0,5
BRDA:61,2,0,6
BRDA:75,3,0,6
BRDA:86,4,0,5
BRF:5
BRH:5
end_of_record
TN:
SF:src/validator/index.ts
FNF:0
FNH:0
DA:1,11
DA:2,11
DA:3,11
DA:4,11
DA:5,11
DA:6,11
DA:7,11
DA:8,11
DA:9,11
DA:10,11
LF:10
LH:10
BRF:0
BRH:0
end_of_record
TN:
SF:src/validator/decorator/json-fotmat-validate.ts
FNF:0
FNH:0
DA:1,12
DA:3,12
LF:2
LH:2
BRF:0
BRH:0
end_of_record
TN:
SF:src/validator/decorator/type-validator.ts
FN:8,registerDecorator
FN:13,(anonymous_1)
FN:33,applyParentValidations
FN:46,AddValidate
FN:50,(anonymous_4)
FN:59,replacePropertyWithClassName
FN:60,(anonymous_6)
FN:65,(anonymous_7)
FN:78,getClassHierarchy
FN:91,validateType
FN:100,(anonymous_10)
FNF:11
FNH:11
FNDA:359,registerDecorator
FNDA:395,(anonymous_1)
FNDA:219,applyParentValidations
FNDA:219,AddValidate
FNDA:219,(anonymous_4)
FNDA:62,replacePropertyWithClassName
FNDA:62,(anonymous_6)
FNDA:164,(anonymous_7)
FNDA:62,getClassHierarchy
FNDA:337,validateType
FNDA:92,(anonymous_10)
DA:1,14
DA:2,14
DA:3,14
DA:4,14
DA:6,14
DA:13,359
DA:15,395
DA:16,240
DA:17,240
DA:18,0
DA:21,155
DA:24,395
DA:25,37
DA:27,358
DA:30,359
DA:34,219
DA:35,219
DA:36,216
DA:40,216
DA:41,140
DA:46,14
DA:50,219
DA:51,219
DA:52,219
DA:53,219
DA:54,219
DA:55,219
DA:60,62
DA:61,62
DA:62,62
DA:63,62
DA:64,62
DA:65,62
DA:67,164
DA:75,62
DA:79,62
DA:80,62
DA:82,62
DA:84,184
DA:85,184
DA:88,62
DA:91,14
DA:95,337
DA:96,337
DA:97,275
DA:99,62
DA:100,62
DA:101,92
DA:103,62
LF:49
LH:48
BRDA:15,0,0,240
BRDA:15,0,1,155
BRDA:15,1,0,395
BRDA:15,1,1,240
BRDA:17,2,0,0
BRDA:24,3,0,37
BRDA:24,3,1,358
BRDA:35,4,0,216
BRDA:35,5,0,219
BRDA:35,5,1,219
BRDA:40,6,0,140
BRDA:48,7,0,219
BRDA:61,8,0,62
BRDA:64,9,0,62
BRDA:82,10,0,246
BRDA:82,10,1,246
BRDA:96,11,0,275
BRDA:103,12,0,62
BRDA:103,12,1,0
BRF:19
BRH:17
end_of_record
TN:
SF:src/validator/decorator/validation-storage.ts
FN:8,(anonymous_0)
FN:13,(anonymous_1)
FN:20,(anonymous_2)
FN:24,(anonymous_3)
FN:28,(anonymous_4)
FN:36,(anonymous_5)
FN:49,(anonymous_6)
FN:54,(anonymous_7)
FN:57,(anonymous_8)
FN:58,(anonymous_9)
FNF:10
FNH:9
FNDA:15,(anonymous_0)
FNDA:890,(anonymous_1)
FNDA:0,(anonymous_2)
FNDA:92,(anonymous_3)
FNDA:800,(anonymous_4)
FNDA:362,(anonymous_5)
FNDA:438,(anonymous_6)
FNDA:1,(anonymous_7)
FNDA:2,(anonymous_8)
FNDA:2,(anonymous_9)
DA:3,15
DA:9,15
DA:10,15
DA:14,890
DA:15,15
DA:17,890
DA:21,0
DA:25,92
DA:29,800
DA:30,236
DA:33,800
DA:37,362
DA:38,362
DA:39,221
DA:41,362
DA:42,362
DA:43,221
DA:45,362
DA:46,362
DA:50,438
DA:51,438
DA:55,1
DA:57,1
DA:58,2
DA:59,2
DA:60,2
DA:61,2
DA:65,1
LF:28
LH:27
BRDA:14,0,0,15
BRDA:29,1,0,236
BRDA:38,2,0,221
BRDA:42,3,0,221
BRDA:42,4,0,0
BRDA:42,4,1,362
BRDA:42,5,0,362
BRDA:42,5,1,362
BRDA:43,6,0,0
BRDA:43,6,1,221
BRDA:43,7,0,221
BRDA:43,7,1,221
BRDA:45,8,0,362
BRDA:45,8,1,0
BRDA:45,9,0,0
BRDA:45,9,1,362
BRDA:45,10,0,362
BRDA:45,10,1,362
BRDA:46,11,0,0
BRDA:46,11,1,362
BRDA:46,12,0,362
BRDA:46,12,1,362
BRDA:51,13,0,438
BRDA:51,13,1,77
BRDA:51,14,0,77
BRDA:51,14,1,361
BRDA:51,15,0,438
BRDA:51,15,1,438
BRF:28
BRH:23
end_of_record
TN:
SF:src/validator/decorator/validators-doc.ts
FN:9,(anonymous_2)
FN:10,(anonymous_3)
FN:413,(anonymous_4)
FN:414,(anonymous_5)
FN:440,(anonymous_6)
FN:469,(anonymous_7)
FN:494,(anonymous_8)
FN:18,(anonymous_9)
FN:21,(anonymous_10)
FN:25,(anonymous_11)
FN:28,(anonymous_12)
FN:31,(anonymous_13)
FN:34,(anonymous_14)
FN:42,(anonymous_15)
FN:46,(anonymous_16)
FN:50,(anonymous_17)
FN:54,(anonymous_18)
FN:58,(anonymous_19)
FN:62,(anonymous_20)
FN:65,(anonymous_21)
FN:68,(anonymous_22)
FN:71,(anonymous_23)
FN:74,(anonymous_24)
FN:81,(anonymous_25)
FN:85,(anonymous_26)
FN:89,(anonymous_27)
FN:96,(anonymous_28)
FN:100,(anonymous_29)
FN:104,(anonymous_30)
FN:108,(anonymous_31)
FN:112,(anonymous_32)
FN:116,(anonymous_33)
FN:120,(anonymous_34)
FN:124,(anonymous_35)
FN:128,(anonymous_36)
FN:132,(anonymous_37)
FN:140,(anonymous_38)
FN:145,(anonymous_39)
FN:150,(anonymous_40)
FN:154,(anonymous_41)
FN:158,(anonymous_42)
FN:162,(anonymous_43)
FN:170,(anonymous_44)
FN:176,(anonymous_45)
FN:179,(anonymous_46)
FN:182,(anonymous_47)
FN:186,(anonymous_48)
FN:190,(anonymous_49)
FN:194,(anonymous_50)
FN:202,(anonymous_51)
FN:205,(anonymous_52)
FN:208,(anonymous_53)
FN:211,(anonymous_54)
FN:214,(anonymous_55)
FN:217,(anonymous_56)
FN:220,(anonymous_57)
FN:223,(anonymous_58)
FN:226,(anonymous_59)
FN:229,(anonymous_60)
FN:232,(anonymous_61)
FN:235,(anonymous_62)
FN:238,(anonymous_63)
FN:241,(anonymous_64)
FN:244,(anonymous_65)
FN:247,(anonymous_66)
FN:250,(anonymous_67)
FN:253,(anonymous_68)
FN:256,(anonymous_69)
FN:263,(anonymous_70)
FN:266,(anonymous_71)
FN:269,(anonymous_72)
FN:272,(anonymous_73)
FN:275,(anonymous_74)
FN:278,(anonymous_75)
FN:281,(anonymous_76)
FN:284,(anonymous_77)
FN:288,(anonymous_78)
FN:291,(anonymous_79)
FN:294,(anonymous_80)
FN:297,(anonymous_81)
FN:300,(anonymous_82)
FN:303,(anonymous_83)
FN:306,(anonymous_84)
FN:309,(anonymous_85)
FN:312,(anonymous_86)
FN:315,(anonymous_87)
FN:318,(anonymous_88)
FN:321,(anonymous_89)
FN:324,(anonymous_90)
FN:327,(anonymous_91)
FN:330,(anonymous_92)
FN:333,(anonymous_93)
FN:336,(anonymous_94)
FN:339,(anonymous_95)
FN:342,(anonymous_96)
FN:345,(anonymous_97)
FN:349,(anonymous_98)
FN:352,(anonymous_99)
FN:356,(anonymous_100)
FN:359,(anonymous_101)
FN:362,(anonymous_102)
FN:365,(anonymous_103)
FN:368,(anonymous_104)
FN:371,(anonymous_105)
FN:374,(anonymous_106)
FN:377,(anonymous_107)
FN:381,(anonymous_108)
FN:385,(anonymous_109)
FN:389,(anonymous_110)
FN:392,(anonymous_111)
FNF:110
FNH:74
FNDA:15,(anonymous_2)
FNDA:308,(anonymous_3)
FNDA:0,(anonymous_4)
FNDA:0,(anonymous_5)
FNDA:309,(anonymous_6)
FNDA:514,(anonymous_7)
FNDA:514,(anonymous_8)
FNDA:31,(anonymous_9)
FNDA:32,(anonymous_10)
FNDA:18,(anonymous_11)
FNDA:37,(anonymous_12)
FNDA:43,(anonymous_13)
FNDA:4,(anonymous_14)
FNDA:7,(anonymous_15)
FNDA:9,(anonymous_16)
FNDA:3,(anonymous_17)
FNDA:1,(anonymous_18)
FNDA:1,(anonymous_19)
FNDA:1,(anonymous_20)
FNDA:7,(anonymous_21)
FNDA:9,(anonymous_22)
FNDA:3,(anonymous_23)
FNDA:1,(anonymous_24)
FNDA:20,(anonymous_25)
FNDA:6,(anonymous_26)
FNDA:1,(anonymous_27)
FNDA:3,(anonymous_28)
FNDA:1,(anonymous_29)
FNDA:1,(anonymous_30)
FNDA:1,(anonymous_31)
FNDA:90,(anonymous_32)
FNDA:1,(anonymous_33)
FNDA:0,(anonymous_34)
FNDA:1,(anonymous_35)
FNDA:1,(anonymous_36)
FNDA:1,(anonymous_37)
FNDA:2,(anonymous_38)
FNDA:1,(anonymous_39)
FNDA:1,(anonymous_40)
FNDA:1,(anonymous_41)
FNDA:1,(anonymous_42)
FNDA:1,(anonymous_43)
FNDA:18,(anonymous_44)
FNDA:1,(anonymous_45)
FNDA:1,(anonymous_46)
FNDA:2,(anonymous_47)
FNDA:7,(anonymous_48)
FNDA:1,(anonymous_49)
FNDA:1,(anonymous_50)
FNDA:1,(anonymous_51)
FNDA:1,(anonymous_52)
FNDA:1,(anonymous_53)
FNDA:1,(anonymous_54)
FNDA:1,(anonymous_55)
FNDA:1,(anonymous_56)
FNDA:1,(anonymous_57)
FNDA:1,(anonymous_58)
FNDA:1,(anonymous_59)
FNDA:1,(anonymous_60)
FNDA:1,(anonymous_61)
FNDA:1,(anonymous_62)
FNDA:1,(anonymous_63)
FNDA:1,(anonymous_64)
FNDA:1,(anonymous_65)
FNDA:1,(anonymous_66)
FNDA:1,(anonymous_67)
FNDA:1,(anonymous_68)
FNDA:1,(anonymous_69)
FNDA:0,(anonymous_70)
FNDA:2,(anonymous_71)
FNDA:0,(anonymous_72)
FNDA:0,(anonymous_73)
FNDA:0,(anonymous_74)
FNDA:2,(anonymous_75)
FNDA:0,(anonymous_76)
FNDA:0,(anonymous_77)
FNDA:0,(anonymous_78)
FNDA:0,(anonymous_79)
FNDA:0,(anonymous_80)
FNDA:0,(anonymous_81)
FNDA:0,(anonymous_82)
FNDA:0,(anonymous_83)
FNDA:0,(anonymous_84)
FNDA:0,(anonymous_85)
FNDA:0,(anonymous_86)
FNDA:0,(anonymous_87)
FNDA:0,(anonymous_88)
FNDA:0,(anonymous_89)
FNDA:0,(anonymous_90)
FNDA:0,(anonymous_91)
FNDA:0,(anonymous_92)
FNDA:1,(anonymous_93)
FNDA:0,(anonymous_94)
FNDA:0,(anonymous_95)
FNDA:0,(anonymous_96)
FNDA:0,(anonymous_97)
FNDA:0,(anonymous_98)
FNDA:40,(anonymous_99)
FNDA:0,(anonymous_100)
FNDA:0,(anonymous_101)
FNDA:0,(anonymous_102)
FNDA:0,(anonymous_103)
FNDA:0,(anonymous_104)
FNDA:0,(anonymous_105)
FNDA:0,(anonymous_106)
FNDA:7,(anonymous_107)
FNDA:3,(anonymous_108)
FNDA:2,(anonymous_109)
FNDA:2,(anonymous_110)
FNDA:2,(anonymous_111)
DA:3,15
DA:7,15
DA:8,15
DA:11,308
DA:12,15
DA:14,308
DA:17,15
DA:19,31
DA:22,32
DA:23,32
DA:26,18
DA:29,37
DA:32,43
DA:35,4
DA:36,4
DA:41,15
DA:43,7
DA:44,7
DA:47,9
DA:48,9
DA:51,3
DA:52,3
DA:55,1
DA:56,1
DA:59,1
DA:60,1
DA:63,1
DA:66,7
DA:69,9
DA:72,3
DA:75,1
DA:80,15
DA:82,20
DA:83,20
DA:86,6
DA:87,6
DA:90,1
DA:91,1
DA:92,1
DA:93,1
DA:97,3
DA:98,3
DA:101,1
DA:102,1
DA:105,1
DA:106,1
DA:109,1
DA:110,1
DA:113,90
DA:114,90
DA:117,1
DA:118,1
DA:121,0
DA:122,0
DA:125,1
DA:126,1
DA:129,1
DA:130,1
DA:133,1
DA:134,1
DA:139,15
DA:141,2
DA:142,2
DA:143,2
DA:146,1
DA:147,1
DA:148,1
DA:151,1
DA:152,1
DA:155,1
DA:156,1
DA:159,1
DA:160,1
DA:163,1
DA:164,1
DA:169,15
DA:171,18
DA:172,18
DA:173,18
DA:177,1
DA:180,1
DA:183,2
DA:184,2
DA:187,7
DA:188,7
DA:191,1
DA:192,1
DA:195,1
DA:196,1
DA:201,15
DA:203,1
DA:206,1
DA:209,1
DA:212,1
DA:215,1
DA:218,1
DA:221,1
DA:224,1
DA:227,1
DA:230,1
DA:233,1
DA:236,1
DA:239,1
DA:242,1
DA:245,1
DA:248,1
DA:251,1
DA:254,1
DA:257,1
DA:262,15
DA:264,0
DA:267,2
DA:270,0
DA:273,0
DA:276,0
DA:279,2
DA:282,0
DA:285,0
DA:286,0
DA:289,0
DA:292,0
DA:295,0
DA:298,0
DA:301,0
DA:304,0
DA:307,0
DA:310,0
DA:313,0
DA:316,0
DA:319,0
DA:322,0
DA:325,0
DA:328,0
DA:331,0
DA:334,1
DA:337,0
DA:340,0
DA:343,0
DA:346,0
DA:347,0
DA:350,0
DA:353,40
DA:354,40
DA:357,0
DA:360,0
DA:363,0
DA:366,0
DA:369,0
DA:372,0
DA:375,0
DA:378,7
DA:379,7
DA:382,3
DA:383,3
DA:386,2
DA:387,2
DA:390,2
DA:393,2
DA:398,15
DA:414,0
DA:418,0
DA:419,0
DA:421,0
DA:423,0
DA:426,0
DA:432,0
DA:441,309
DA:442,309
DA:444,309
DA:445,514
DA:446,514
DA:447,62
DA:450,514
DA:453,309
DA:454,22
DA:456,309
DA:470,514
DA:471,514
DA:472,431
DA:480,35
DA:484,431
DA:486,514
DA:495,514
DA:496,514
DA:499,514
DA:500,349
DA:501,165
DA:502,165
DA:504,0
DA:507,514
DA:508,62
DA:510,452
DA:511,452
DA:512,452
DA:514,0
DA:518,514
LF:196
LH:150
BRDA:11,0,0,15
BRDA:418,1,0,0
BRDA:418,1,1,0
BRDA:422,2,0,0
BRDA:422,2,1,0
BRDA:423,3,0,0
BRDA:423,3,1,0
BRDA:423,4,0,0
BRDA:423,4,1,0
BRDA:423,5,0,0
BRDA:423,5,1,0
BRDA:446,6,0,62
BRDA:453,7,0,22
BRDA:471,8,0,431
BRDA:472,9,0,35
BRDA:473,10,0,431
BRDA:473,10,1,144
BRDA:473,10,2,46
BRDA:476,11,0,46
BRDA:476,11,1,4
BRDA:476,11,2,42
BRDA:476,11,3,22
BRDA:499,12,0,349
BRDA:499,12,1,165
BRDA:501,13,0,165
BRDA:501,13,1,0
BRDA:507,14,0,62
BRDA:507,14,1,452
BRDA:511,15,0,452
BRDA:511,15,1,0
BRDA:36,16,0,4
BRDA:36,16,1,0
BRDA:36,17,0,0
BRDA:36,17,1,4
BRDA:36,18,0,4
BRDA:36,18,1,4
BRDA:91,19,0,1
BRDA:91,20,0,1
BRDA:91,20,1,1
BRDA:172,21,0,18
BRF:40
BRH:26
end_of_record
TN:
SF:src/validator/decorator/validators-map.ts
FNF:0
FNH:0
DA:1,14
DA:111,14
LF:2
LH:2
BRF:0
BRH:0
end_of_record
TN:
SF:src/validator/decorator/custom/can-be-boolean.ts
FN:4,CanBeBooleanValidator
FN:5,(anonymous_1)
FN:12,(anonymous_2)
FN:15,(anonymous_3)
FNF:4
FNH:4
FNDA:30,CanBeBooleanValidator
FNDA:30,(anonymous_1)
FNDA:60,(anonymous_2)
FNDA:2,(anonymous_3)
DA:1,11
DA:2,11
DA:4,11
DA:5,30
DA:6,30
DA:13,60
DA:16,2
LF:7
LH:7
BRF:0
BRH:0
end_of_record
TN:
SF:src/validator/decorator/custom/can-be-date.ts
FN:4,CanBeDate
FN:5,(anonymous_1)
FN:12,(anonymous_2)
FN:15,(anonymous_3)
FNF:4
FNH:4
FNDA:30,CanBeDate
FNDA:30,(anonymous_1)
FNDA:38,(anonymous_2)
FNDA:2,(anonymous_3)
DA:1,11
DA:2,11
DA:4,11
DA:5,30
DA:6,30
DA:13,38
DA:16,2
LF:7
LH:7
BRF:0
BRH:0
end_of_record
TN:
SF:src/validator/decorator/custom/can-be-json.ts
FN:4,CanBeJson
FN:5,(anonymous_1)
FN:12,(anonymous_2)
FN:15,(anonymous_3)
FNF:4
FNH:4
FNDA:17,CanBeJson
FNDA:17,(anonymous_1)
FNDA:15,(anonymous_2)
FNDA:2,(anonymous_3)
DA:1,12
DA:2,12
DA:4,12
DA:5,17
DA:6,17
DA:13,15
DA:16,2
LF:7
LH:7
BRF:0
BRH:0
end_of_record
TN:
SF:src/validator/decorator/custom/can-be-number.ts
FN:4,CanBeNumberValidator
FN:5,(anonymous_1)
FN:12,(anonymous_2)
FN:16,(anonymous_3)
FNF:4
FNH:4
FNDA:35,CanBeNumberValidator
FNDA:35,(anonymous_1)
FNDA:68,(anonymous_2)
FNDA:2,(anonymous_3)
DA:1,11
DA:2,11
DA:4,11
DA:5,35
DA:6,35
DA:14,68
DA:17,2
LF:7
LH:7
BRF:0
BRH:0
end_of_record
TN:
SF:src/validator/decorator/custom/can-be-string.ts
FN:4,CanBeStringValidator
FN:5,(anonymous_1)
FN:12,(anonymous_2)
FN:15,(anonymous_3)
FNF:4
FNH:4
FNDA:41,CanBeStringValidator
FNDA:41,(anonymous_1)
FNDA:153,(anonymous_2)
FNDA:40,(anonymous_3)
DA:1,11
DA:2,11
DA:4,11
DA:5,41
DA:6,41
DA:13,153
DA:16,40
LF:7
LH:7
BRF:0
BRH:0
end_of_record
TN:
SF:src/validator/decorator/custom/json-schema-validator.ts
FN:7,JsonSchemaValidator
FN:8,(anonymous_1)
FN:16,(anonymous_2)
FN:26,(anonymous_3)
FN:40,(anonymous_4)
FN:44,(anonymous_5)
FNF:6
FNH:6
FNDA:2,JsonSchemaValidator
FNDA:2,(anonymous_1)
FNDA:3,(anonymous_2)
FNDA:3,(anonymous_3)
FNDA:2,(anonymous_4)
FNDA:3,(anonymous_5)
DA:1,12
DA:2,12
DA:4,12
DA:5,12
DA:7,12
DA:8,2
DA:9,2
DA:17,3
DA:18,0
DA:20,3
DA:22,0
DA:25,3
DA:26,3
DA:27,3
DA:30,3
DA:32,3
DA:33,3
DA:34,1
DA:36,2
DA:37,2
DA:41,2
DA:42,2
DA:43,2
DA:44,3
DA:46,2
DA:48,0
LF:26
LH:23
BRDA:17,0,0,0
BRDA:20,1,0,0
BRDA:33,2,0,1
BRDA:33,2,1,2
BRDA:42,3,0,2
BRDA:42,4,0,2
BRDA:42,4,1,2
BRF:7
BRH:5
end_of_record
TN:
SF:src/validator/domain-validator/domain-validator.dto.ts
FN:3,(anonymous_2)
FNF:1
FNH:1
FNDA:9,(anonymous_2)
DA:1,11
DA:3,11
DA:7,11
LF:3
LH:3
BRF:0
BRH:0
end_of_record
TN:
SF:src/validator/domain-validator/domain-validator.ts
FN:14,(anonymous_1)
FN:19,(anonymous_2)
FN:31,(anonymous_3)
FN:46,(anonymous_4)
FNF:4
FNH:3
FNDA:0,(anonymous_1)
FNDA:40,(anonymous_2)
FNDA:16,(anonymous_3)
FNDA:56,(anonymous_4)
DA:1,11
DA:7,11
DA:9,11
DA:10,11
DA:13,11
DA:15,0
DA:16,0
DA:20,40
DA:21,40
DA:22,21
DA:24,19
DA:25,18
DA:27,1
DA:32,16
DA:33,16
DA:34,0
DA:36,16
DA:37,15
DA:39,1
DA:40,1
DA:42,0
DA:47,56
DA:48,9
DA:50,47
DA:51,47
DA:52,47
LF:26
LH:22
BRDA:21,0,0,21
BRDA:33,1,0,0
BRDA:39,2,0,1
BRDA:47,3,0,9
BRF:4
BRH:3
end_of_record
TN:
SF:src/validator/primitive-validator/boolean.validator.ts
FN:2,(anonymous_0)
FNF:1
FNH:1
FNDA:260,(anonymous_0)
DA:1,13
DA:3,260
DA:4,76
DA:6,184
DA:7,105
DA:8,105
DA:9,88
DA:12,96
DA:13,23
DA:14,14
DA:17,82
LF:11
LH:11
BRDA:3,0,0,76
BRDA:6,1,0,105
BRDA:8,2,0,88
BRDA:8,3,0,105
BRDA:8,3,1,73
BRDA:8,3,2,41
BRDA:8,3,3,29
BRDA:12,4,0,23
BRDA:13,5,0,14
BRDA:13,6,0,23
BRDA:13,6,1,16
BRF:11
BRH:11
end_of_record
TN:
SF:src/validator/primitive-validator/date.validator.ts
FN:4,(anonymous_0)
FNF:1
FNH:1
FNDA:181,(anonymous_0)
DA:1,13
DA:3,13
DA:5,181
DA:6,4
DA:8,177
DA:9,177
DA:10,62
DA:12,115
DA:13,44
DA:15,71
LF:10
LH:10
BRDA:5,0,0,4
BRDA:5,1,0,181
BRDA:5,1,1,178
BRDA:8,2,0,177
BRDA:8,2,1,62
BRDA:9,3,0,62
BRDA:12,4,0,44
BRDA:12,5,0,115
BRDA:12,5,1,49
BRF:9
BRH:9
end_of_record
TN:
SF:src/validator/primitive-validator/json.validator.ts
FN:10,(anonymous_0)
FNF:1
FNH:1
FNDA:124,(anonymous_0)
DA:9,13
DA:13,124
DA:14,4
DA:17,120
DA:18,24
DA:19,24
DA:21,21
DA:24,96
DA:27,99
DA:28,40
DA:31,59
DA:32,24
DA:35,35
DA:36,35
DA:37,34
DA:39,1
LF:16
LH:16
BRDA:10,0,0,124
BRDA:13,1,0,4
BRDA:13,2,0,124
BRDA:13,2,1,121
BRDA:17,3,0,24
BRDA:17,3,1,96
BRDA:27,4,0,40
BRDA:27,5,0,99
BRDA:27,5,1,66
BRDA:31,6,0,24
BRDA:31,7,0,59
BRDA:31,7,1,59
BRF:12
BRH:12
end_of_record
TN:
SF:src/validator/primitive-validator/number.validator.ts
FN:2,(anonymous_0)
FNF:1
FNH:1
FNDA:469,(anonymous_0)
DA:1,13
DA:4,469
DA:5,4
DA:9,465
DA:10,465
DA:12,310
DA:13,155
DA:15,78
DA:16,78
DA:20,77
LF:10
LH:10
BRDA:4,0,0,4
BRDA:4,1,0,469
BRDA:4,1,1,466
BRDA:10,2,0,310
BRDA:10,2,1,155
BRDA:12,3,0,310
BRDA:12,3,1,309
BRDA:13,4,0,78
BRDA:13,5,0,155
BRDA:13,5,1,85
BRDA:16,6,0,78
BRDA:16,6,1,49
BRF:12
BRH:12
end_of_record
TN:
SF:src/validator/primitive-validator/string.validator.ts
FN:2,(anonymous_0)
FN:6,(anonymous_1)
FNF:2
FNH:2
FNDA:47,(anonymous_0)
FNDA:402,(anonymous_1)
DA:1,13
DA:3,47
DA:7,402
DA:8,279
DA:10,123
DA:11,12
DA:14,111
DA:15,2
DA:17,109
LF:9
LH:9
BRDA:7,0,0,279
BRDA:10,1,0,12
BRDA:10,2,0,123
BRDA:10,2,1,17
BRDA:14,3,0,2
BRF:5
BRH:5
end_of_record
